

================================================================
== Vitis HLS Report for 'load3'
================================================================
* Date:           Sun Oct 30 18:48:42 2022

* Version:        2020.2 (Build 3064766 on Wed Nov 18 09:12:47 MST 2020)
* Project:        HW7
* Solution:       solution1 (Vitis Kernel Flow Target)
* Product family: zynquplus
* Target device:  xczu3eg-sbva484-1-i


================================================================
== Performance Estimates
================================================================
+ Timing: 
    * Summary: 
    +--------+---------+----------+------------+
    |  Clock |  Target | Estimated| Uncertainty|
    +--------+---------+----------+------------+
    |ap_clk  |  6.67 ns|  4.869 ns|     1.80 ns|
    +--------+---------+----------+------------+

+ Latency: 
    * Summary: 
    +---------+---------+----------+----------+--------+--------+---------+
    |  Latency (cycles) |  Latency (absolute) |     Interval    | Pipeline|
    |   min   |   max   |    min   |    max   |   min  |   max  |   Type  |
    +---------+---------+----------+----------+--------+--------+---------+
    |   129673|   129673|  0.865 ms|  0.865 ms|  129673|  129673|     none|
    +---------+---------+----------+----------+--------+--------+---------+

    + Detail: 
        * Instance: 
        N/A

        * Loop: 
        +--------------------+---------+---------+----------+-----------+-----------+--------+----------+
        |                    |  Latency (cycles) | Iteration|  Initiation Interval  |  Trip  |          |
        |      Loop Name     |   min   |   max   |  Latency |  achieved |   target  |  Count | Pipelined|
        +--------------------+---------+---------+----------+-----------+-----------+--------+----------+
        |- VITIS_LOOP_302_1  |   129601|   129601|         3|          1|          1|  129600|       yes|
        +--------------------+---------+---------+----------+-----------+-----------+--------+----------+

============================================================
+ Verbose Summary: Synthesis Manager
============================================================
InlineROM: 1
ExposeGlobal: 0
============================================================
+ Verbose Summary: CDFG Model
============================================================
IsTopModel: 0
ResetActiveHigh: 1
IsCombinational: 2
IsDatapathOnly: 0
HasWiredReturn: 1
HasMFsm: 0
HasVarLatency: 1
IsPipeline: 0
IsRtlPipelined: 0
IsInstanceOverlapped: 0
IsDontTouch: 0
HasImplIP: 0
IsGatedGlobalClock: 0

+ Individual pipeline summary: 
  * Pipeline-0: initiation interval (II) = 1, depth = 3


============================================================
+ Verbose Summary: Schedule
============================================================
* Number of FSM states : 75
* Pipeline : 1
  Pipeline-0 : II = 1, D = 3, States = { 72 73 74 }
* Dataflow Pipeline: 0

* FSM state transitions: 
1 --> 2 
2 --> 3 
3 --> 4 
4 --> 5 
5 --> 6 
6 --> 7 
7 --> 8 
8 --> 9 
9 --> 10 
10 --> 11 
11 --> 12 
12 --> 13 
13 --> 14 
14 --> 15 
15 --> 16 
16 --> 17 
17 --> 18 
18 --> 19 
19 --> 20 
20 --> 21 
21 --> 22 
22 --> 23 
23 --> 24 
24 --> 25 
25 --> 26 
26 --> 27 
27 --> 28 
28 --> 29 
29 --> 30 
30 --> 31 
31 --> 32 
32 --> 33 
33 --> 34 
34 --> 35 
35 --> 36 
36 --> 37 
37 --> 38 
38 --> 39 
39 --> 40 
40 --> 41 
41 --> 42 
42 --> 43 
43 --> 44 
44 --> 45 
45 --> 46 
46 --> 47 
47 --> 48 
48 --> 49 
49 --> 50 
50 --> 51 
51 --> 52 
52 --> 53 
53 --> 54 
54 --> 55 
55 --> 56 
56 --> 57 
57 --> 58 
58 --> 59 
59 --> 60 
60 --> 61 
61 --> 62 
62 --> 63 
63 --> 64 
64 --> 65 
65 --> 66 
66 --> 67 
67 --> 68 
68 --> 69 
69 --> 70 
70 --> 71 
71 --> 72 
72 --> 73 
73 --> 75 74 
74 --> 72 
75 --> 

* FSM state operations: 

State 1 <SV = 0> <Delay = 4.33>
ST_1 : Operation 76 [1/1] (2.16ns)   --->   "%Input_read = read i64 @_ssdm_op_Read.ap_fifo.i64P0A, i64 %Input_r" [Filter.cpp:302]   --->   Operation 76 'read' 'Input_read' <Predicate = true> <Delay = 2.16> <CoreInst = "FIFO_SRL">   --->   Core 81 'FIFO_SRL' <Latency = 0> <II = 1> <Delay = 2.16> <Storage> <Opcode : 'read' 'write' 'nbread' 'nbwrite'> <Ports = 0> <Width = 64> <Depth = 2> <FIFO>
ST_1 : Operation 77 [1/1] (2.16ns)   --->   "%Output_read = read i64 @_ssdm_op_Read.ap_fifo.i64P0A, i64 %Output_r"   --->   Operation 77 'read' 'Output_read' <Predicate = true> <Delay = 2.16> <CoreInst = "FIFO_SRL">   --->   Core 81 'FIFO_SRL' <Latency = 0> <II = 1> <Delay = 2.16> <Storage> <Opcode : 'read' 'write' 'nbread' 'nbwrite'> <Ports = 0> <Width = 64> <Depth = 2> <FIFO>
ST_1 : Operation 78 [1/1] (2.16ns)   --->   "%write_ln0 = write void @_ssdm_op_Write.ap_fifo.i64P0A, i64 %Output_out, i64 %Output_read"   --->   Operation 78 'write' 'write_ln0' <Predicate = true> <Delay = 2.16> <CoreInst = "FIFO_SRL">   --->   Core 81 'FIFO_SRL' <Latency = 0> <II = 1> <Delay = 2.16> <Storage> <Opcode : 'read' 'write' 'nbread' 'nbwrite'> <Ports = 0> <Width = 64> <Depth = 3> <FIFO>
ST_1 : Operation 79 [1/1] (0.00ns)   --->   "%trunc_ln_i = partselect i58 @_ssdm_op_PartSelect.i58.i64.i32.i32, i64 %Input_read, i32 6, i32 63" [Filter.cpp:302->Filter.cpp:318]   --->   Operation 79 'partselect' 'trunc_ln_i' <Predicate = true> <Delay = 0.00>

State 2 <SV = 1> <Delay = 4.86>
ST_2 : Operation 80 [1/1] (0.00ns)   --->   "%sext_ln302 = sext i58 %trunc_ln_i" [Filter.cpp:302->Filter.cpp:318]   --->   Operation 80 'sext' 'sext_ln302' <Predicate = true> <Delay = 0.00>
ST_2 : Operation 81 [1/1] (0.00ns)   --->   "%p0_addr = getelementptr i512 %p0, i64 %sext_ln302" [Filter.cpp:302->Filter.cpp:318]   --->   Operation 81 'getelementptr' 'p0_addr' <Predicate = true> <Delay = 0.00>
ST_2 : Operation 82 [70/70] (4.86ns)   --->   "%empty = readreq i1 @_ssdm_op_ReadReq.m_axi.p1i512, i512 %p0_addr, i32 2025" [Filter.cpp:302->Filter.cpp:318]   --->   Operation 82 'readreq' 'empty' <Predicate = true> <Delay = 4.86> <CoreInst = "m_axi">   --->   Core 121 'm_axi' <Latency = 6> <II = 1> <Delay = 1.00> <Adapter> <Opcode : 'read' 'write' 'readreq' 'writereq' 'writeresp'>

State 3 <SV = 2> <Delay = 4.86>
ST_3 : Operation 83 [69/70] (4.86ns)   --->   "%empty = readreq i1 @_ssdm_op_ReadReq.m_axi.p1i512, i512 %p0_addr, i32 2025" [Filter.cpp:302->Filter.cpp:318]   --->   Operation 83 'readreq' 'empty' <Predicate = true> <Delay = 4.86> <CoreInst = "m_axi">   --->   Core 121 'm_axi' <Latency = 6> <II = 1> <Delay = 1.00> <Adapter> <Opcode : 'read' 'write' 'readreq' 'writereq' 'writeresp'>

State 4 <SV = 3> <Delay = 4.86>
ST_4 : Operation 84 [68/70] (4.86ns)   --->   "%empty = readreq i1 @_ssdm_op_ReadReq.m_axi.p1i512, i512 %p0_addr, i32 2025" [Filter.cpp:302->Filter.cpp:318]   --->   Operation 84 'readreq' 'empty' <Predicate = true> <Delay = 4.86> <CoreInst = "m_axi">   --->   Core 121 'm_axi' <Latency = 6> <II = 1> <Delay = 1.00> <Adapter> <Opcode : 'read' 'write' 'readreq' 'writereq' 'writeresp'>

State 5 <SV = 4> <Delay = 4.86>
ST_5 : Operation 85 [67/70] (4.86ns)   --->   "%empty = readreq i1 @_ssdm_op_ReadReq.m_axi.p1i512, i512 %p0_addr, i32 2025" [Filter.cpp:302->Filter.cpp:318]   --->   Operation 85 'readreq' 'empty' <Predicate = true> <Delay = 4.86> <CoreInst = "m_axi">   --->   Core 121 'm_axi' <Latency = 6> <II = 1> <Delay = 1.00> <Adapter> <Opcode : 'read' 'write' 'readreq' 'writereq' 'writeresp'>

State 6 <SV = 5> <Delay = 4.86>
ST_6 : Operation 86 [66/70] (4.86ns)   --->   "%empty = readreq i1 @_ssdm_op_ReadReq.m_axi.p1i512, i512 %p0_addr, i32 2025" [Filter.cpp:302->Filter.cpp:318]   --->   Operation 86 'readreq' 'empty' <Predicate = true> <Delay = 4.86> <CoreInst = "m_axi">   --->   Core 121 'm_axi' <Latency = 6> <II = 1> <Delay = 1.00> <Adapter> <Opcode : 'read' 'write' 'readreq' 'writereq' 'writeresp'>

State 7 <SV = 6> <Delay = 4.86>
ST_7 : Operation 87 [65/70] (4.86ns)   --->   "%empty = readreq i1 @_ssdm_op_ReadReq.m_axi.p1i512, i512 %p0_addr, i32 2025" [Filter.cpp:302->Filter.cpp:318]   --->   Operation 87 'readreq' 'empty' <Predicate = true> <Delay = 4.86> <CoreInst = "m_axi">   --->   Core 121 'm_axi' <Latency = 6> <II = 1> <Delay = 1.00> <Adapter> <Opcode : 'read' 'write' 'readreq' 'writereq' 'writeresp'>

State 8 <SV = 7> <Delay = 4.86>
ST_8 : Operation 88 [64/70] (4.86ns)   --->   "%empty = readreq i1 @_ssdm_op_ReadReq.m_axi.p1i512, i512 %p0_addr, i32 2025" [Filter.cpp:302->Filter.cpp:318]   --->   Operation 88 'readreq' 'empty' <Predicate = true> <Delay = 4.86> <CoreInst = "m_axi">   --->   Core 121 'm_axi' <Latency = 6> <II = 1> <Delay = 1.00> <Adapter> <Opcode : 'read' 'write' 'readreq' 'writereq' 'writeresp'>

State 9 <SV = 8> <Delay = 4.86>
ST_9 : Operation 89 [63/70] (4.86ns)   --->   "%empty = readreq i1 @_ssdm_op_ReadReq.m_axi.p1i512, i512 %p0_addr, i32 2025" [Filter.cpp:302->Filter.cpp:318]   --->   Operation 89 'readreq' 'empty' <Predicate = true> <Delay = 4.86> <CoreInst = "m_axi">   --->   Core 121 'm_axi' <Latency = 6> <II = 1> <Delay = 1.00> <Adapter> <Opcode : 'read' 'write' 'readreq' 'writereq' 'writeresp'>

State 10 <SV = 9> <Delay = 4.86>
ST_10 : Operation 90 [62/70] (4.86ns)   --->   "%empty = readreq i1 @_ssdm_op_ReadReq.m_axi.p1i512, i512 %p0_addr, i32 2025" [Filter.cpp:302->Filter.cpp:318]   --->   Operation 90 'readreq' 'empty' <Predicate = true> <Delay = 4.86> <CoreInst = "m_axi">   --->   Core 121 'm_axi' <Latency = 6> <II = 1> <Delay = 1.00> <Adapter> <Opcode : 'read' 'write' 'readreq' 'writereq' 'writeresp'>

State 11 <SV = 10> <Delay = 4.86>
ST_11 : Operation 91 [61/70] (4.86ns)   --->   "%empty = readreq i1 @_ssdm_op_ReadReq.m_axi.p1i512, i512 %p0_addr, i32 2025" [Filter.cpp:302->Filter.cpp:318]   --->   Operation 91 'readreq' 'empty' <Predicate = true> <Delay = 4.86> <CoreInst = "m_axi">   --->   Core 121 'm_axi' <Latency = 6> <II = 1> <Delay = 1.00> <Adapter> <Opcode : 'read' 'write' 'readreq' 'writereq' 'writeresp'>

State 12 <SV = 11> <Delay = 4.86>
ST_12 : Operation 92 [60/70] (4.86ns)   --->   "%empty = readreq i1 @_ssdm_op_ReadReq.m_axi.p1i512, i512 %p0_addr, i32 2025" [Filter.cpp:302->Filter.cpp:318]   --->   Operation 92 'readreq' 'empty' <Predicate = true> <Delay = 4.86> <CoreInst = "m_axi">   --->   Core 121 'm_axi' <Latency = 6> <II = 1> <Delay = 1.00> <Adapter> <Opcode : 'read' 'write' 'readreq' 'writereq' 'writeresp'>

State 13 <SV = 12> <Delay = 4.86>
ST_13 : Operation 93 [59/70] (4.86ns)   --->   "%empty = readreq i1 @_ssdm_op_ReadReq.m_axi.p1i512, i512 %p0_addr, i32 2025" [Filter.cpp:302->Filter.cpp:318]   --->   Operation 93 'readreq' 'empty' <Predicate = true> <Delay = 4.86> <CoreInst = "m_axi">   --->   Core 121 'm_axi' <Latency = 6> <II = 1> <Delay = 1.00> <Adapter> <Opcode : 'read' 'write' 'readreq' 'writereq' 'writeresp'>

State 14 <SV = 13> <Delay = 4.86>
ST_14 : Operation 94 [58/70] (4.86ns)   --->   "%empty = readreq i1 @_ssdm_op_ReadReq.m_axi.p1i512, i512 %p0_addr, i32 2025" [Filter.cpp:302->Filter.cpp:318]   --->   Operation 94 'readreq' 'empty' <Predicate = true> <Delay = 4.86> <CoreInst = "m_axi">   --->   Core 121 'm_axi' <Latency = 6> <II = 1> <Delay = 1.00> <Adapter> <Opcode : 'read' 'write' 'readreq' 'writereq' 'writeresp'>

State 15 <SV = 14> <Delay = 4.86>
ST_15 : Operation 95 [57/70] (4.86ns)   --->   "%empty = readreq i1 @_ssdm_op_ReadReq.m_axi.p1i512, i512 %p0_addr, i32 2025" [Filter.cpp:302->Filter.cpp:318]   --->   Operation 95 'readreq' 'empty' <Predicate = true> <Delay = 4.86> <CoreInst = "m_axi">   --->   Core 121 'm_axi' <Latency = 6> <II = 1> <Delay = 1.00> <Adapter> <Opcode : 'read' 'write' 'readreq' 'writereq' 'writeresp'>

State 16 <SV = 15> <Delay = 4.86>
ST_16 : Operation 96 [56/70] (4.86ns)   --->   "%empty = readreq i1 @_ssdm_op_ReadReq.m_axi.p1i512, i512 %p0_addr, i32 2025" [Filter.cpp:302->Filter.cpp:318]   --->   Operation 96 'readreq' 'empty' <Predicate = true> <Delay = 4.86> <CoreInst = "m_axi">   --->   Core 121 'm_axi' <Latency = 6> <II = 1> <Delay = 1.00> <Adapter> <Opcode : 'read' 'write' 'readreq' 'writereq' 'writeresp'>

State 17 <SV = 16> <Delay = 4.86>
ST_17 : Operation 97 [55/70] (4.86ns)   --->   "%empty = readreq i1 @_ssdm_op_ReadReq.m_axi.p1i512, i512 %p0_addr, i32 2025" [Filter.cpp:302->Filter.cpp:318]   --->   Operation 97 'readreq' 'empty' <Predicate = true> <Delay = 4.86> <CoreInst = "m_axi">   --->   Core 121 'm_axi' <Latency = 6> <II = 1> <Delay = 1.00> <Adapter> <Opcode : 'read' 'write' 'readreq' 'writereq' 'writeresp'>

State 18 <SV = 17> <Delay = 4.86>
ST_18 : Operation 98 [54/70] (4.86ns)   --->   "%empty = readreq i1 @_ssdm_op_ReadReq.m_axi.p1i512, i512 %p0_addr, i32 2025" [Filter.cpp:302->Filter.cpp:318]   --->   Operation 98 'readreq' 'empty' <Predicate = true> <Delay = 4.86> <CoreInst = "m_axi">   --->   Core 121 'm_axi' <Latency = 6> <II = 1> <Delay = 1.00> <Adapter> <Opcode : 'read' 'write' 'readreq' 'writereq' 'writeresp'>

State 19 <SV = 18> <Delay = 4.86>
ST_19 : Operation 99 [53/70] (4.86ns)   --->   "%empty = readreq i1 @_ssdm_op_ReadReq.m_axi.p1i512, i512 %p0_addr, i32 2025" [Filter.cpp:302->Filter.cpp:318]   --->   Operation 99 'readreq' 'empty' <Predicate = true> <Delay = 4.86> <CoreInst = "m_axi">   --->   Core 121 'm_axi' <Latency = 6> <II = 1> <Delay = 1.00> <Adapter> <Opcode : 'read' 'write' 'readreq' 'writereq' 'writeresp'>

State 20 <SV = 19> <Delay = 4.86>
ST_20 : Operation 100 [52/70] (4.86ns)   --->   "%empty = readreq i1 @_ssdm_op_ReadReq.m_axi.p1i512, i512 %p0_addr, i32 2025" [Filter.cpp:302->Filter.cpp:318]   --->   Operation 100 'readreq' 'empty' <Predicate = true> <Delay = 4.86> <CoreInst = "m_axi">   --->   Core 121 'm_axi' <Latency = 6> <II = 1> <Delay = 1.00> <Adapter> <Opcode : 'read' 'write' 'readreq' 'writereq' 'writeresp'>

State 21 <SV = 20> <Delay = 4.86>
ST_21 : Operation 101 [51/70] (4.86ns)   --->   "%empty = readreq i1 @_ssdm_op_ReadReq.m_axi.p1i512, i512 %p0_addr, i32 2025" [Filter.cpp:302->Filter.cpp:318]   --->   Operation 101 'readreq' 'empty' <Predicate = true> <Delay = 4.86> <CoreInst = "m_axi">   --->   Core 121 'm_axi' <Latency = 6> <II = 1> <Delay = 1.00> <Adapter> <Opcode : 'read' 'write' 'readreq' 'writereq' 'writeresp'>

State 22 <SV = 21> <Delay = 4.86>
ST_22 : Operation 102 [50/70] (4.86ns)   --->   "%empty = readreq i1 @_ssdm_op_ReadReq.m_axi.p1i512, i512 %p0_addr, i32 2025" [Filter.cpp:302->Filter.cpp:318]   --->   Operation 102 'readreq' 'empty' <Predicate = true> <Delay = 4.86> <CoreInst = "m_axi">   --->   Core 121 'm_axi' <Latency = 6> <II = 1> <Delay = 1.00> <Adapter> <Opcode : 'read' 'write' 'readreq' 'writereq' 'writeresp'>

State 23 <SV = 22> <Delay = 4.86>
ST_23 : Operation 103 [49/70] (4.86ns)   --->   "%empty = readreq i1 @_ssdm_op_ReadReq.m_axi.p1i512, i512 %p0_addr, i32 2025" [Filter.cpp:302->Filter.cpp:318]   --->   Operation 103 'readreq' 'empty' <Predicate = true> <Delay = 4.86> <CoreInst = "m_axi">   --->   Core 121 'm_axi' <Latency = 6> <II = 1> <Delay = 1.00> <Adapter> <Opcode : 'read' 'write' 'readreq' 'writereq' 'writeresp'>

State 24 <SV = 23> <Delay = 4.86>
ST_24 : Operation 104 [48/70] (4.86ns)   --->   "%empty = readreq i1 @_ssdm_op_ReadReq.m_axi.p1i512, i512 %p0_addr, i32 2025" [Filter.cpp:302->Filter.cpp:318]   --->   Operation 104 'readreq' 'empty' <Predicate = true> <Delay = 4.86> <CoreInst = "m_axi">   --->   Core 121 'm_axi' <Latency = 6> <II = 1> <Delay = 1.00> <Adapter> <Opcode : 'read' 'write' 'readreq' 'writereq' 'writeresp'>

State 25 <SV = 24> <Delay = 4.86>
ST_25 : Operation 105 [47/70] (4.86ns)   --->   "%empty = readreq i1 @_ssdm_op_ReadReq.m_axi.p1i512, i512 %p0_addr, i32 2025" [Filter.cpp:302->Filter.cpp:318]   --->   Operation 105 'readreq' 'empty' <Predicate = true> <Delay = 4.86> <CoreInst = "m_axi">   --->   Core 121 'm_axi' <Latency = 6> <II = 1> <Delay = 1.00> <Adapter> <Opcode : 'read' 'write' 'readreq' 'writereq' 'writeresp'>

State 26 <SV = 25> <Delay = 4.86>
ST_26 : Operation 106 [46/70] (4.86ns)   --->   "%empty = readreq i1 @_ssdm_op_ReadReq.m_axi.p1i512, i512 %p0_addr, i32 2025" [Filter.cpp:302->Filter.cpp:318]   --->   Operation 106 'readreq' 'empty' <Predicate = true> <Delay = 4.86> <CoreInst = "m_axi">   --->   Core 121 'm_axi' <Latency = 6> <II = 1> <Delay = 1.00> <Adapter> <Opcode : 'read' 'write' 'readreq' 'writereq' 'writeresp'>

State 27 <SV = 26> <Delay = 4.86>
ST_27 : Operation 107 [45/70] (4.86ns)   --->   "%empty = readreq i1 @_ssdm_op_ReadReq.m_axi.p1i512, i512 %p0_addr, i32 2025" [Filter.cpp:302->Filter.cpp:318]   --->   Operation 107 'readreq' 'empty' <Predicate = true> <Delay = 4.86> <CoreInst = "m_axi">   --->   Core 121 'm_axi' <Latency = 6> <II = 1> <Delay = 1.00> <Adapter> <Opcode : 'read' 'write' 'readreq' 'writereq' 'writeresp'>

State 28 <SV = 27> <Delay = 4.86>
ST_28 : Operation 108 [44/70] (4.86ns)   --->   "%empty = readreq i1 @_ssdm_op_ReadReq.m_axi.p1i512, i512 %p0_addr, i32 2025" [Filter.cpp:302->Filter.cpp:318]   --->   Operation 108 'readreq' 'empty' <Predicate = true> <Delay = 4.86> <CoreInst = "m_axi">   --->   Core 121 'm_axi' <Latency = 6> <II = 1> <Delay = 1.00> <Adapter> <Opcode : 'read' 'write' 'readreq' 'writereq' 'writeresp'>

State 29 <SV = 28> <Delay = 4.86>
ST_29 : Operation 109 [43/70] (4.86ns)   --->   "%empty = readreq i1 @_ssdm_op_ReadReq.m_axi.p1i512, i512 %p0_addr, i32 2025" [Filter.cpp:302->Filter.cpp:318]   --->   Operation 109 'readreq' 'empty' <Predicate = true> <Delay = 4.86> <CoreInst = "m_axi">   --->   Core 121 'm_axi' <Latency = 6> <II = 1> <Delay = 1.00> <Adapter> <Opcode : 'read' 'write' 'readreq' 'writereq' 'writeresp'>

State 30 <SV = 29> <Delay = 4.86>
ST_30 : Operation 110 [42/70] (4.86ns)   --->   "%empty = readreq i1 @_ssdm_op_ReadReq.m_axi.p1i512, i512 %p0_addr, i32 2025" [Filter.cpp:302->Filter.cpp:318]   --->   Operation 110 'readreq' 'empty' <Predicate = true> <Delay = 4.86> <CoreInst = "m_axi">   --->   Core 121 'm_axi' <Latency = 6> <II = 1> <Delay = 1.00> <Adapter> <Opcode : 'read' 'write' 'readreq' 'writereq' 'writeresp'>

State 31 <SV = 30> <Delay = 4.86>
ST_31 : Operation 111 [41/70] (4.86ns)   --->   "%empty = readreq i1 @_ssdm_op_ReadReq.m_axi.p1i512, i512 %p0_addr, i32 2025" [Filter.cpp:302->Filter.cpp:318]   --->   Operation 111 'readreq' 'empty' <Predicate = true> <Delay = 4.86> <CoreInst = "m_axi">   --->   Core 121 'm_axi' <Latency = 6> <II = 1> <Delay = 1.00> <Adapter> <Opcode : 'read' 'write' 'readreq' 'writereq' 'writeresp'>

State 32 <SV = 31> <Delay = 4.86>
ST_32 : Operation 112 [40/70] (4.86ns)   --->   "%empty = readreq i1 @_ssdm_op_ReadReq.m_axi.p1i512, i512 %p0_addr, i32 2025" [Filter.cpp:302->Filter.cpp:318]   --->   Operation 112 'readreq' 'empty' <Predicate = true> <Delay = 4.86> <CoreInst = "m_axi">   --->   Core 121 'm_axi' <Latency = 6> <II = 1> <Delay = 1.00> <Adapter> <Opcode : 'read' 'write' 'readreq' 'writereq' 'writeresp'>

State 33 <SV = 32> <Delay = 4.86>
ST_33 : Operation 113 [39/70] (4.86ns)   --->   "%empty = readreq i1 @_ssdm_op_ReadReq.m_axi.p1i512, i512 %p0_addr, i32 2025" [Filter.cpp:302->Filter.cpp:318]   --->   Operation 113 'readreq' 'empty' <Predicate = true> <Delay = 4.86> <CoreInst = "m_axi">   --->   Core 121 'm_axi' <Latency = 6> <II = 1> <Delay = 1.00> <Adapter> <Opcode : 'read' 'write' 'readreq' 'writereq' 'writeresp'>

State 34 <SV = 33> <Delay = 4.86>
ST_34 : Operation 114 [38/70] (4.86ns)   --->   "%empty = readreq i1 @_ssdm_op_ReadReq.m_axi.p1i512, i512 %p0_addr, i32 2025" [Filter.cpp:302->Filter.cpp:318]   --->   Operation 114 'readreq' 'empty' <Predicate = true> <Delay = 4.86> <CoreInst = "m_axi">   --->   Core 121 'm_axi' <Latency = 6> <II = 1> <Delay = 1.00> <Adapter> <Opcode : 'read' 'write' 'readreq' 'writereq' 'writeresp'>

State 35 <SV = 34> <Delay = 4.86>
ST_35 : Operation 115 [37/70] (4.86ns)   --->   "%empty = readreq i1 @_ssdm_op_ReadReq.m_axi.p1i512, i512 %p0_addr, i32 2025" [Filter.cpp:302->Filter.cpp:318]   --->   Operation 115 'readreq' 'empty' <Predicate = true> <Delay = 4.86> <CoreInst = "m_axi">   --->   Core 121 'm_axi' <Latency = 6> <II = 1> <Delay = 1.00> <Adapter> <Opcode : 'read' 'write' 'readreq' 'writereq' 'writeresp'>

State 36 <SV = 35> <Delay = 4.86>
ST_36 : Operation 116 [36/70] (4.86ns)   --->   "%empty = readreq i1 @_ssdm_op_ReadReq.m_axi.p1i512, i512 %p0_addr, i32 2025" [Filter.cpp:302->Filter.cpp:318]   --->   Operation 116 'readreq' 'empty' <Predicate = true> <Delay = 4.86> <CoreInst = "m_axi">   --->   Core 121 'm_axi' <Latency = 6> <II = 1> <Delay = 1.00> <Adapter> <Opcode : 'read' 'write' 'readreq' 'writereq' 'writeresp'>

State 37 <SV = 36> <Delay = 4.86>
ST_37 : Operation 117 [35/70] (4.86ns)   --->   "%empty = readreq i1 @_ssdm_op_ReadReq.m_axi.p1i512, i512 %p0_addr, i32 2025" [Filter.cpp:302->Filter.cpp:318]   --->   Operation 117 'readreq' 'empty' <Predicate = true> <Delay = 4.86> <CoreInst = "m_axi">   --->   Core 121 'm_axi' <Latency = 6> <II = 1> <Delay = 1.00> <Adapter> <Opcode : 'read' 'write' 'readreq' 'writereq' 'writeresp'>

State 38 <SV = 37> <Delay = 4.86>
ST_38 : Operation 118 [34/70] (4.86ns)   --->   "%empty = readreq i1 @_ssdm_op_ReadReq.m_axi.p1i512, i512 %p0_addr, i32 2025" [Filter.cpp:302->Filter.cpp:318]   --->   Operation 118 'readreq' 'empty' <Predicate = true> <Delay = 4.86> <CoreInst = "m_axi">   --->   Core 121 'm_axi' <Latency = 6> <II = 1> <Delay = 1.00> <Adapter> <Opcode : 'read' 'write' 'readreq' 'writereq' 'writeresp'>

State 39 <SV = 38> <Delay = 4.86>
ST_39 : Operation 119 [33/70] (4.86ns)   --->   "%empty = readreq i1 @_ssdm_op_ReadReq.m_axi.p1i512, i512 %p0_addr, i32 2025" [Filter.cpp:302->Filter.cpp:318]   --->   Operation 119 'readreq' 'empty' <Predicate = true> <Delay = 4.86> <CoreInst = "m_axi">   --->   Core 121 'm_axi' <Latency = 6> <II = 1> <Delay = 1.00> <Adapter> <Opcode : 'read' 'write' 'readreq' 'writereq' 'writeresp'>

State 40 <SV = 39> <Delay = 4.86>
ST_40 : Operation 120 [32/70] (4.86ns)   --->   "%empty = readreq i1 @_ssdm_op_ReadReq.m_axi.p1i512, i512 %p0_addr, i32 2025" [Filter.cpp:302->Filter.cpp:318]   --->   Operation 120 'readreq' 'empty' <Predicate = true> <Delay = 4.86> <CoreInst = "m_axi">   --->   Core 121 'm_axi' <Latency = 6> <II = 1> <Delay = 1.00> <Adapter> <Opcode : 'read' 'write' 'readreq' 'writereq' 'writeresp'>

State 41 <SV = 40> <Delay = 4.86>
ST_41 : Operation 121 [31/70] (4.86ns)   --->   "%empty = readreq i1 @_ssdm_op_ReadReq.m_axi.p1i512, i512 %p0_addr, i32 2025" [Filter.cpp:302->Filter.cpp:318]   --->   Operation 121 'readreq' 'empty' <Predicate = true> <Delay = 4.86> <CoreInst = "m_axi">   --->   Core 121 'm_axi' <Latency = 6> <II = 1> <Delay = 1.00> <Adapter> <Opcode : 'read' 'write' 'readreq' 'writereq' 'writeresp'>

State 42 <SV = 41> <Delay = 4.86>
ST_42 : Operation 122 [30/70] (4.86ns)   --->   "%empty = readreq i1 @_ssdm_op_ReadReq.m_axi.p1i512, i512 %p0_addr, i32 2025" [Filter.cpp:302->Filter.cpp:318]   --->   Operation 122 'readreq' 'empty' <Predicate = true> <Delay = 4.86> <CoreInst = "m_axi">   --->   Core 121 'm_axi' <Latency = 6> <II = 1> <Delay = 1.00> <Adapter> <Opcode : 'read' 'write' 'readreq' 'writereq' 'writeresp'>

State 43 <SV = 42> <Delay = 4.86>
ST_43 : Operation 123 [29/70] (4.86ns)   --->   "%empty = readreq i1 @_ssdm_op_ReadReq.m_axi.p1i512, i512 %p0_addr, i32 2025" [Filter.cpp:302->Filter.cpp:318]   --->   Operation 123 'readreq' 'empty' <Predicate = true> <Delay = 4.86> <CoreInst = "m_axi">   --->   Core 121 'm_axi' <Latency = 6> <II = 1> <Delay = 1.00> <Adapter> <Opcode : 'read' 'write' 'readreq' 'writereq' 'writeresp'>

State 44 <SV = 43> <Delay = 4.86>
ST_44 : Operation 124 [28/70] (4.86ns)   --->   "%empty = readreq i1 @_ssdm_op_ReadReq.m_axi.p1i512, i512 %p0_addr, i32 2025" [Filter.cpp:302->Filter.cpp:318]   --->   Operation 124 'readreq' 'empty' <Predicate = true> <Delay = 4.86> <CoreInst = "m_axi">   --->   Core 121 'm_axi' <Latency = 6> <II = 1> <Delay = 1.00> <Adapter> <Opcode : 'read' 'write' 'readreq' 'writereq' 'writeresp'>

State 45 <SV = 44> <Delay = 4.86>
ST_45 : Operation 125 [27/70] (4.86ns)   --->   "%empty = readreq i1 @_ssdm_op_ReadReq.m_axi.p1i512, i512 %p0_addr, i32 2025" [Filter.cpp:302->Filter.cpp:318]   --->   Operation 125 'readreq' 'empty' <Predicate = true> <Delay = 4.86> <CoreInst = "m_axi">   --->   Core 121 'm_axi' <Latency = 6> <II = 1> <Delay = 1.00> <Adapter> <Opcode : 'read' 'write' 'readreq' 'writereq' 'writeresp'>

State 46 <SV = 45> <Delay = 4.86>
ST_46 : Operation 126 [26/70] (4.86ns)   --->   "%empty = readreq i1 @_ssdm_op_ReadReq.m_axi.p1i512, i512 %p0_addr, i32 2025" [Filter.cpp:302->Filter.cpp:318]   --->   Operation 126 'readreq' 'empty' <Predicate = true> <Delay = 4.86> <CoreInst = "m_axi">   --->   Core 121 'm_axi' <Latency = 6> <II = 1> <Delay = 1.00> <Adapter> <Opcode : 'read' 'write' 'readreq' 'writereq' 'writeresp'>

State 47 <SV = 46> <Delay = 4.86>
ST_47 : Operation 127 [25/70] (4.86ns)   --->   "%empty = readreq i1 @_ssdm_op_ReadReq.m_axi.p1i512, i512 %p0_addr, i32 2025" [Filter.cpp:302->Filter.cpp:318]   --->   Operation 127 'readreq' 'empty' <Predicate = true> <Delay = 4.86> <CoreInst = "m_axi">   --->   Core 121 'm_axi' <Latency = 6> <II = 1> <Delay = 1.00> <Adapter> <Opcode : 'read' 'write' 'readreq' 'writereq' 'writeresp'>

State 48 <SV = 47> <Delay = 4.86>
ST_48 : Operation 128 [24/70] (4.86ns)   --->   "%empty = readreq i1 @_ssdm_op_ReadReq.m_axi.p1i512, i512 %p0_addr, i32 2025" [Filter.cpp:302->Filter.cpp:318]   --->   Operation 128 'readreq' 'empty' <Predicate = true> <Delay = 4.86> <CoreInst = "m_axi">   --->   Core 121 'm_axi' <Latency = 6> <II = 1> <Delay = 1.00> <Adapter> <Opcode : 'read' 'write' 'readreq' 'writereq' 'writeresp'>

State 49 <SV = 48> <Delay = 4.86>
ST_49 : Operation 129 [23/70] (4.86ns)   --->   "%empty = readreq i1 @_ssdm_op_ReadReq.m_axi.p1i512, i512 %p0_addr, i32 2025" [Filter.cpp:302->Filter.cpp:318]   --->   Operation 129 'readreq' 'empty' <Predicate = true> <Delay = 4.86> <CoreInst = "m_axi">   --->   Core 121 'm_axi' <Latency = 6> <II = 1> <Delay = 1.00> <Adapter> <Opcode : 'read' 'write' 'readreq' 'writereq' 'writeresp'>

State 50 <SV = 49> <Delay = 4.86>
ST_50 : Operation 130 [22/70] (4.86ns)   --->   "%empty = readreq i1 @_ssdm_op_ReadReq.m_axi.p1i512, i512 %p0_addr, i32 2025" [Filter.cpp:302->Filter.cpp:318]   --->   Operation 130 'readreq' 'empty' <Predicate = true> <Delay = 4.86> <CoreInst = "m_axi">   --->   Core 121 'm_axi' <Latency = 6> <II = 1> <Delay = 1.00> <Adapter> <Opcode : 'read' 'write' 'readreq' 'writereq' 'writeresp'>

State 51 <SV = 50> <Delay = 4.86>
ST_51 : Operation 131 [21/70] (4.86ns)   --->   "%empty = readreq i1 @_ssdm_op_ReadReq.m_axi.p1i512, i512 %p0_addr, i32 2025" [Filter.cpp:302->Filter.cpp:318]   --->   Operation 131 'readreq' 'empty' <Predicate = true> <Delay = 4.86> <CoreInst = "m_axi">   --->   Core 121 'm_axi' <Latency = 6> <II = 1> <Delay = 1.00> <Adapter> <Opcode : 'read' 'write' 'readreq' 'writereq' 'writeresp'>

State 52 <SV = 51> <Delay = 4.86>
ST_52 : Operation 132 [20/70] (4.86ns)   --->   "%empty = readreq i1 @_ssdm_op_ReadReq.m_axi.p1i512, i512 %p0_addr, i32 2025" [Filter.cpp:302->Filter.cpp:318]   --->   Operation 132 'readreq' 'empty' <Predicate = true> <Delay = 4.86> <CoreInst = "m_axi">   --->   Core 121 'm_axi' <Latency = 6> <II = 1> <Delay = 1.00> <Adapter> <Opcode : 'read' 'write' 'readreq' 'writereq' 'writeresp'>

State 53 <SV = 52> <Delay = 4.86>
ST_53 : Operation 133 [19/70] (4.86ns)   --->   "%empty = readreq i1 @_ssdm_op_ReadReq.m_axi.p1i512, i512 %p0_addr, i32 2025" [Filter.cpp:302->Filter.cpp:318]   --->   Operation 133 'readreq' 'empty' <Predicate = true> <Delay = 4.86> <CoreInst = "m_axi">   --->   Core 121 'm_axi' <Latency = 6> <II = 1> <Delay = 1.00> <Adapter> <Opcode : 'read' 'write' 'readreq' 'writereq' 'writeresp'>

State 54 <SV = 53> <Delay = 4.86>
ST_54 : Operation 134 [18/70] (4.86ns)   --->   "%empty = readreq i1 @_ssdm_op_ReadReq.m_axi.p1i512, i512 %p0_addr, i32 2025" [Filter.cpp:302->Filter.cpp:318]   --->   Operation 134 'readreq' 'empty' <Predicate = true> <Delay = 4.86> <CoreInst = "m_axi">   --->   Core 121 'm_axi' <Latency = 6> <II = 1> <Delay = 1.00> <Adapter> <Opcode : 'read' 'write' 'readreq' 'writereq' 'writeresp'>

State 55 <SV = 54> <Delay = 4.86>
ST_55 : Operation 135 [17/70] (4.86ns)   --->   "%empty = readreq i1 @_ssdm_op_ReadReq.m_axi.p1i512, i512 %p0_addr, i32 2025" [Filter.cpp:302->Filter.cpp:318]   --->   Operation 135 'readreq' 'empty' <Predicate = true> <Delay = 4.86> <CoreInst = "m_axi">   --->   Core 121 'm_axi' <Latency = 6> <II = 1> <Delay = 1.00> <Adapter> <Opcode : 'read' 'write' 'readreq' 'writereq' 'writeresp'>

State 56 <SV = 55> <Delay = 4.86>
ST_56 : Operation 136 [16/70] (4.86ns)   --->   "%empty = readreq i1 @_ssdm_op_ReadReq.m_axi.p1i512, i512 %p0_addr, i32 2025" [Filter.cpp:302->Filter.cpp:318]   --->   Operation 136 'readreq' 'empty' <Predicate = true> <Delay = 4.86> <CoreInst = "m_axi">   --->   Core 121 'm_axi' <Latency = 6> <II = 1> <Delay = 1.00> <Adapter> <Opcode : 'read' 'write' 'readreq' 'writereq' 'writeresp'>

State 57 <SV = 56> <Delay = 4.86>
ST_57 : Operation 137 [15/70] (4.86ns)   --->   "%empty = readreq i1 @_ssdm_op_ReadReq.m_axi.p1i512, i512 %p0_addr, i32 2025" [Filter.cpp:302->Filter.cpp:318]   --->   Operation 137 'readreq' 'empty' <Predicate = true> <Delay = 4.86> <CoreInst = "m_axi">   --->   Core 121 'm_axi' <Latency = 6> <II = 1> <Delay = 1.00> <Adapter> <Opcode : 'read' 'write' 'readreq' 'writereq' 'writeresp'>

State 58 <SV = 57> <Delay = 4.86>
ST_58 : Operation 138 [14/70] (4.86ns)   --->   "%empty = readreq i1 @_ssdm_op_ReadReq.m_axi.p1i512, i512 %p0_addr, i32 2025" [Filter.cpp:302->Filter.cpp:318]   --->   Operation 138 'readreq' 'empty' <Predicate = true> <Delay = 4.86> <CoreInst = "m_axi">   --->   Core 121 'm_axi' <Latency = 6> <II = 1> <Delay = 1.00> <Adapter> <Opcode : 'read' 'write' 'readreq' 'writereq' 'writeresp'>

State 59 <SV = 58> <Delay = 4.86>
ST_59 : Operation 139 [13/70] (4.86ns)   --->   "%empty = readreq i1 @_ssdm_op_ReadReq.m_axi.p1i512, i512 %p0_addr, i32 2025" [Filter.cpp:302->Filter.cpp:318]   --->   Operation 139 'readreq' 'empty' <Predicate = true> <Delay = 4.86> <CoreInst = "m_axi">   --->   Core 121 'm_axi' <Latency = 6> <II = 1> <Delay = 1.00> <Adapter> <Opcode : 'read' 'write' 'readreq' 'writereq' 'writeresp'>

State 60 <SV = 59> <Delay = 4.86>
ST_60 : Operation 140 [12/70] (4.86ns)   --->   "%empty = readreq i1 @_ssdm_op_ReadReq.m_axi.p1i512, i512 %p0_addr, i32 2025" [Filter.cpp:302->Filter.cpp:318]   --->   Operation 140 'readreq' 'empty' <Predicate = true> <Delay = 4.86> <CoreInst = "m_axi">   --->   Core 121 'm_axi' <Latency = 6> <II = 1> <Delay = 1.00> <Adapter> <Opcode : 'read' 'write' 'readreq' 'writereq' 'writeresp'>

State 61 <SV = 60> <Delay = 4.86>
ST_61 : Operation 141 [11/70] (4.86ns)   --->   "%empty = readreq i1 @_ssdm_op_ReadReq.m_axi.p1i512, i512 %p0_addr, i32 2025" [Filter.cpp:302->Filter.cpp:318]   --->   Operation 141 'readreq' 'empty' <Predicate = true> <Delay = 4.86> <CoreInst = "m_axi">   --->   Core 121 'm_axi' <Latency = 6> <II = 1> <Delay = 1.00> <Adapter> <Opcode : 'read' 'write' 'readreq' 'writereq' 'writeresp'>

State 62 <SV = 61> <Delay = 4.86>
ST_62 : Operation 142 [10/70] (4.86ns)   --->   "%empty = readreq i1 @_ssdm_op_ReadReq.m_axi.p1i512, i512 %p0_addr, i32 2025" [Filter.cpp:302->Filter.cpp:318]   --->   Operation 142 'readreq' 'empty' <Predicate = true> <Delay = 4.86> <CoreInst = "m_axi">   --->   Core 121 'm_axi' <Latency = 6> <II = 1> <Delay = 1.00> <Adapter> <Opcode : 'read' 'write' 'readreq' 'writereq' 'writeresp'>

State 63 <SV = 62> <Delay = 4.86>
ST_63 : Operation 143 [9/70] (4.86ns)   --->   "%empty = readreq i1 @_ssdm_op_ReadReq.m_axi.p1i512, i512 %p0_addr, i32 2025" [Filter.cpp:302->Filter.cpp:318]   --->   Operation 143 'readreq' 'empty' <Predicate = true> <Delay = 4.86> <CoreInst = "m_axi">   --->   Core 121 'm_axi' <Latency = 6> <II = 1> <Delay = 1.00> <Adapter> <Opcode : 'read' 'write' 'readreq' 'writereq' 'writeresp'>

State 64 <SV = 63> <Delay = 4.86>
ST_64 : Operation 144 [8/70] (4.86ns)   --->   "%empty = readreq i1 @_ssdm_op_ReadReq.m_axi.p1i512, i512 %p0_addr, i32 2025" [Filter.cpp:302->Filter.cpp:318]   --->   Operation 144 'readreq' 'empty' <Predicate = true> <Delay = 4.86> <CoreInst = "m_axi">   --->   Core 121 'm_axi' <Latency = 6> <II = 1> <Delay = 1.00> <Adapter> <Opcode : 'read' 'write' 'readreq' 'writereq' 'writeresp'>

State 65 <SV = 64> <Delay = 4.86>
ST_65 : Operation 145 [7/70] (4.86ns)   --->   "%empty = readreq i1 @_ssdm_op_ReadReq.m_axi.p1i512, i512 %p0_addr, i32 2025" [Filter.cpp:302->Filter.cpp:318]   --->   Operation 145 'readreq' 'empty' <Predicate = true> <Delay = 4.86> <CoreInst = "m_axi">   --->   Core 121 'm_axi' <Latency = 6> <II = 1> <Delay = 1.00> <Adapter> <Opcode : 'read' 'write' 'readreq' 'writereq' 'writeresp'>

State 66 <SV = 65> <Delay = 4.86>
ST_66 : Operation 146 [6/70] (4.86ns)   --->   "%empty = readreq i1 @_ssdm_op_ReadReq.m_axi.p1i512, i512 %p0_addr, i32 2025" [Filter.cpp:302->Filter.cpp:318]   --->   Operation 146 'readreq' 'empty' <Predicate = true> <Delay = 4.86> <CoreInst = "m_axi">   --->   Core 121 'm_axi' <Latency = 6> <II = 1> <Delay = 1.00> <Adapter> <Opcode : 'read' 'write' 'readreq' 'writereq' 'writeresp'>

State 67 <SV = 66> <Delay = 4.86>
ST_67 : Operation 147 [5/70] (4.86ns)   --->   "%empty = readreq i1 @_ssdm_op_ReadReq.m_axi.p1i512, i512 %p0_addr, i32 2025" [Filter.cpp:302->Filter.cpp:318]   --->   Operation 147 'readreq' 'empty' <Predicate = true> <Delay = 4.86> <CoreInst = "m_axi">   --->   Core 121 'm_axi' <Latency = 6> <II = 1> <Delay = 1.00> <Adapter> <Opcode : 'read' 'write' 'readreq' 'writereq' 'writeresp'>

State 68 <SV = 67> <Delay = 4.86>
ST_68 : Operation 148 [4/70] (4.86ns)   --->   "%empty = readreq i1 @_ssdm_op_ReadReq.m_axi.p1i512, i512 %p0_addr, i32 2025" [Filter.cpp:302->Filter.cpp:318]   --->   Operation 148 'readreq' 'empty' <Predicate = true> <Delay = 4.86> <CoreInst = "m_axi">   --->   Core 121 'm_axi' <Latency = 6> <II = 1> <Delay = 1.00> <Adapter> <Opcode : 'read' 'write' 'readreq' 'writereq' 'writeresp'>

State 69 <SV = 68> <Delay = 4.86>
ST_69 : Operation 149 [3/70] (4.86ns)   --->   "%empty = readreq i1 @_ssdm_op_ReadReq.m_axi.p1i512, i512 %p0_addr, i32 2025" [Filter.cpp:302->Filter.cpp:318]   --->   Operation 149 'readreq' 'empty' <Predicate = true> <Delay = 4.86> <CoreInst = "m_axi">   --->   Core 121 'm_axi' <Latency = 6> <II = 1> <Delay = 1.00> <Adapter> <Opcode : 'read' 'write' 'readreq' 'writereq' 'writeresp'>

State 70 <SV = 69> <Delay = 4.86>
ST_70 : Operation 150 [2/70] (4.86ns)   --->   "%empty = readreq i1 @_ssdm_op_ReadReq.m_axi.p1i512, i512 %p0_addr, i32 2025" [Filter.cpp:302->Filter.cpp:318]   --->   Operation 150 'readreq' 'empty' <Predicate = true> <Delay = 4.86> <CoreInst = "m_axi">   --->   Core 121 'm_axi' <Latency = 6> <II = 1> <Delay = 1.00> <Adapter> <Opcode : 'read' 'write' 'readreq' 'writereq' 'writeresp'>

State 71 <SV = 70> <Delay = 4.86>
ST_71 : Operation 151 [1/1] (0.00ns)   --->   "%specinterface_ln0 = specinterface void @_ssdm_op_SpecInterface, i512 %p0, void @empty_8, i32 0, i32 0, void @empty_6, i32 64, i32 129600, void @empty_7, void @empty_16, void @empty_6, i32 16, i32 16, i32 16, i32 16, void @empty_6, void @empty_6"   --->   Operation 151 'specinterface' 'specinterface_ln0' <Predicate = true> <Delay = 0.00>
ST_71 : Operation 152 [1/1] (0.00ns)   --->   "%specinterface_ln0 = specinterface void @_ssdm_op_SpecInterface, i512 %p0, void @empty_8, i32 0, i32 0, void @empty_6, i32 64, i32 129600, void @empty_7, void @empty_16, void @empty_6, i32 16, i32 16, i32 16, i32 16, void @empty_6, void @empty_6"   --->   Operation 152 'specinterface' 'specinterface_ln0' <Predicate = true> <Delay = 0.00>
ST_71 : Operation 153 [1/1] (0.00ns)   --->   "%specinterface_ln0 = specinterface void @_ssdm_op_SpecInterface, i512 %p0, void @empty_8, i32 0, i32 0, void @empty_6, i32 64, i32 129600, void @empty_7, void @empty_16, void @empty_6, i32 16, i32 16, i32 16, i32 16, void @empty_6, void @empty_6"   --->   Operation 153 'specinterface' 'specinterface_ln0' <Predicate = true> <Delay = 0.00>
ST_71 : Operation 154 [1/1] (0.00ns)   --->   "%specinterface_ln0 = specinterface void @_ssdm_op_SpecInterface, i512 %p0, void @empty_8, i32 0, i32 0, void @empty_6, i32 64, i32 129600, void @empty_7, void @empty_16, void @empty_6, i32 16, i32 16, i32 16, i32 16, void @empty_6, void @empty_6"   --->   Operation 154 'specinterface' 'specinterface_ln0' <Predicate = true> <Delay = 0.00>
ST_71 : Operation 155 [1/1] (0.00ns)   --->   "%specinterface_ln0 = specinterface void @_ssdm_op_SpecInterface, i64 %Output_out, void @ap_fifo_str, i32 0, i32 0, void @p_str, i32 0, i32 0, void @p_str, void @p_str, void @p_str, i32 2, i32 2, i32 16, i32 16, void @p_str, void @ScalarProp_str"   --->   Operation 155 'specinterface' 'specinterface_ln0' <Predicate = true> <Delay = 0.00>
ST_71 : Operation 156 [1/1] (0.00ns)   --->   "%specinterface_ln0 = specinterface void @_ssdm_op_SpecInterface, i64 %Output_r, void @ap_fifo_str, i32 0, i32 0, void @p_str, i32 0, i32 0, void @p_str, void @p_str, void @p_str, i32 2, i32 2, i32 16, i32 16, void @p_str, void @ScalarProp_str"   --->   Operation 156 'specinterface' 'specinterface_ln0' <Predicate = true> <Delay = 0.00>
ST_71 : Operation 157 [1/1] (0.00ns)   --->   "%specinterface_ln0 = specinterface void @_ssdm_op_SpecInterface, i64 %Input_r, void @ap_fifo_str, i32 0, i32 0, void @p_str, i32 0, i32 0, void @p_str, void @p_str, void @p_str, i32 2, i32 2, i32 16, i32 16, void @p_str, void @ScalarProp_str"   --->   Operation 157 'specinterface' 'specinterface_ln0' <Predicate = true> <Delay = 0.00>
ST_71 : Operation 158 [1/1] (0.00ns)   --->   "%specinterface_ln0 = specinterface void @_ssdm_op_SpecInterface, i512 %p0, void @empty_8, i32 0, i32 0, void @empty_6, i32 64, i32 129600, void @empty_7, void @empty_16, void @empty_6, i32 16, i32 16, i32 16, i32 16, void @empty_6, void @empty_6"   --->   Operation 158 'specinterface' 'specinterface_ln0' <Predicate = true> <Delay = 0.00>
ST_71 : Operation 159 [1/1] (0.00ns)   --->   "%specinterface_ln0 = specinterface void @_ssdm_op_SpecInterface, i512 %p0, void @empty_8, i32 0, i32 0, void @empty_6, i32 64, i32 129600, void @empty_7, void @empty_16, void @empty_6, i32 16, i32 16, i32 16, i32 16, void @empty_6, void @empty_6"   --->   Operation 159 'specinterface' 'specinterface_ln0' <Predicate = true> <Delay = 0.00>
ST_71 : Operation 160 [1/1] (0.00ns)   --->   "%specinterface_ln0 = specinterface void @_ssdm_op_SpecInterface, i8 %input_stream, void @empty_1, i32 0, i32 0, void @empty_6, i32 0, i32 0, void @empty_6, void @empty_6, void @empty_6, i32 0, i32 0, i32 0, i32 0, void @empty_6, void @empty_6"   --->   Operation 160 'specinterface' 'specinterface_ln0' <Predicate = true> <Delay = 0.00>
ST_71 : Operation 161 [1/1] (0.00ns)   --->   "%specinterface_ln0 = specinterface void @_ssdm_op_SpecInterface, i8 %input_stream, void @empty_1, i32 0, i32 0, void @empty_6, i32 0, i32 0, void @empty_6, void @empty_6, void @empty_6, i32 0, i32 0, i32 0, i32 0, void @empty_6, void @empty_6"   --->   Operation 161 'specinterface' 'specinterface_ln0' <Predicate = true> <Delay = 0.00>
ST_71 : Operation 162 [1/1] (0.00ns)   --->   "%specinterface_ln0 = specinterface void @_ssdm_op_SpecInterface, i8 %input_stream, void @empty_1, i32 0, i32 0, void @empty_6, i32 0, i32 0, void @empty_6, void @empty_6, void @empty_6, i32 0, i32 0, i32 0, i32 0, void @empty_6, void @empty_6"   --->   Operation 162 'specinterface' 'specinterface_ln0' <Predicate = true> <Delay = 0.00>
ST_71 : Operation 163 [1/1] (0.00ns)   --->   "%specinterface_ln0 = specinterface void @_ssdm_op_SpecInterface, i8 %input_stream, void @empty_1, i32 0, i32 0, void @empty_6, i32 0, i32 0, void @empty_6, void @empty_6, void @empty_6, i32 0, i32 0, i32 0, i32 0, void @empty_6, void @empty_6"   --->   Operation 163 'specinterface' 'specinterface_ln0' <Predicate = true> <Delay = 0.00>
ST_71 : Operation 164 [1/1] (0.00ns)   --->   "%specinterface_ln0 = specinterface void @_ssdm_op_SpecInterface, i8 %input_stream, void @empty_1, i32 0, i32 0, void @empty_6, i32 0, i32 0, void @empty_6, void @empty_6, void @empty_6, i32 0, i32 0, i32 0, i32 0, void @empty_6, void @empty_6"   --->   Operation 164 'specinterface' 'specinterface_ln0' <Predicate = true> <Delay = 0.00>
ST_71 : Operation 165 [1/1] (0.00ns)   --->   "%specinterface_ln0 = specinterface void @_ssdm_op_SpecInterface, i8 %input_stream, void @empty_1, i32 0, i32 0, void @empty_6, i32 0, i32 0, void @empty_6, void @empty_6, void @empty_6, i32 0, i32 0, i32 0, i32 0, void @empty_6, void @empty_6"   --->   Operation 165 'specinterface' 'specinterface_ln0' <Predicate = true> <Delay = 0.00>
ST_71 : Operation 166 [1/1] (0.00ns)   --->   "%specinterface_ln0 = specinterface void @_ssdm_op_SpecInterface, i64 %Output_out, void @ap_fifo_str, i32 0, i32 0, void @p_str, i32 0, i32 0, void @p_str, void @p_str, void @p_str, i32 2, i32 2, i32 16, i32 16, void @p_str, void @ScalarProp_str"   --->   Operation 166 'specinterface' 'specinterface_ln0' <Predicate = true> <Delay = 0.00>
ST_71 : Operation 167 [1/1] (0.00ns)   --->   "%specinterface_ln0 = specinterface void @_ssdm_op_SpecInterface, i512 %p0, void @empty_8, i32 0, i32 0, void @empty_6, i32 64, i32 129600, void @empty_7, void @empty_16, void @empty_6, i32 16, i32 16, i32 16, i32 16, void @empty_6, void @empty_6"   --->   Operation 167 'specinterface' 'specinterface_ln0' <Predicate = true> <Delay = 0.00>
ST_71 : Operation 168 [1/1] (0.00ns)   --->   "%specinterface_ln0 = specinterface void @_ssdm_op_SpecInterface, i8 %input_stream, void @empty_1, i32 0, i32 0, void @empty_6, i32 0, i32 0, void @empty_6, void @empty_6, void @empty_6, i32 0, i32 0, i32 0, i32 0, void @empty_6, void @empty_6"   --->   Operation 168 'specinterface' 'specinterface_ln0' <Predicate = true> <Delay = 0.00>
ST_71 : Operation 169 [1/1] (0.00ns)   --->   "%specinterface_ln0 = specinterface void @_ssdm_op_SpecInterface, i8 %input_stream, void @empty_1, i32 0, i32 0, void @empty_6, i32 0, i32 0, void @empty_6, void @empty_6, void @empty_6, i32 0, i32 0, i32 0, i32 0, void @empty_6, void @empty_6"   --->   Operation 169 'specinterface' 'specinterface_ln0' <Predicate = true> <Delay = 0.00>
ST_71 : Operation 170 [1/1] (0.00ns)   --->   "%specinterface_ln0 = specinterface void @_ssdm_op_SpecInterface, i8 %input_stream, void @empty_1, i32 0, i32 0, void @empty_6, i32 0, i32 0, void @empty_6, void @empty_6, void @empty_6, i32 0, i32 0, i32 0, i32 0, void @empty_6, void @empty_6"   --->   Operation 170 'specinterface' 'specinterface_ln0' <Predicate = true> <Delay = 0.00>
ST_71 : Operation 171 [1/1] (0.00ns)   --->   "%specinterface_ln0 = specinterface void @_ssdm_op_SpecInterface, i8 %input_stream, void @empty_1, i32 0, i32 0, void @empty_6, i32 0, i32 0, void @empty_6, void @empty_6, void @empty_6, i32 0, i32 0, i32 0, i32 0, void @empty_6, void @empty_6"   --->   Operation 171 'specinterface' 'specinterface_ln0' <Predicate = true> <Delay = 0.00>
ST_71 : Operation 172 [1/1] (0.00ns)   --->   "%specinterface_ln0 = specinterface void @_ssdm_op_SpecInterface, i8 %input_stream, void @empty_1, i32 0, i32 0, void @empty_6, i32 0, i32 0, void @empty_6, void @empty_6, void @empty_6, i32 0, i32 0, i32 0, i32 0, void @empty_6, void @empty_6"   --->   Operation 172 'specinterface' 'specinterface_ln0' <Predicate = true> <Delay = 0.00>
ST_71 : Operation 173 [1/1] (0.00ns)   --->   "%specinterface_ln0 = specinterface void @_ssdm_op_SpecInterface, i8 %input_stream, void @empty_1, i32 0, i32 0, void @empty_6, i32 0, i32 0, void @empty_6, void @empty_6, void @empty_6, i32 0, i32 0, i32 0, i32 0, void @empty_6, void @empty_6"   --->   Operation 173 'specinterface' 'specinterface_ln0' <Predicate = true> <Delay = 0.00>
ST_71 : Operation 174 [1/1] (0.00ns)   --->   "%specinterface_ln0 = specinterface void @_ssdm_op_SpecInterface, i8 %input_stream, void @empty_1, i32 0, i32 0, void @empty_6, i32 0, i32 0, void @empty_6, void @empty_6, void @empty_6, i32 0, i32 0, i32 0, i32 0, void @empty_6, void @empty_6"   --->   Operation 174 'specinterface' 'specinterface_ln0' <Predicate = true> <Delay = 0.00>
ST_71 : Operation 175 [1/1] (0.00ns)   --->   "%specinterface_ln0 = specinterface void @_ssdm_op_SpecInterface, i512 %p0, void @empty_8, i32 0, i32 0, void @empty_6, i32 64, i32 129600, void @empty_7, void @empty_16, void @empty_6, i32 16, i32 16, i32 16, i32 16, void @empty_6, void @empty_6"   --->   Operation 175 'specinterface' 'specinterface_ln0' <Predicate = true> <Delay = 0.00>
ST_71 : Operation 176 [1/70] (4.86ns)   --->   "%empty = readreq i1 @_ssdm_op_ReadReq.m_axi.p1i512, i512 %p0_addr, i32 2025" [Filter.cpp:302->Filter.cpp:318]   --->   Operation 176 'readreq' 'empty' <Predicate = true> <Delay = 4.86> <CoreInst = "m_axi">   --->   Core 121 'm_axi' <Latency = 6> <II = 1> <Delay = 1.00> <Adapter> <Opcode : 'read' 'write' 'readreq' 'writereq' 'writeresp'>
ST_71 : Operation 177 [1/1] (0.48ns)   --->   "%br_ln302 = br void" [Filter.cpp:302->Filter.cpp:318]   --->   Operation 177 'br' 'br_ln302' <Predicate = true> <Delay = 0.48>

State 72 <SV = 71> <Delay = 1.02>
ST_72 : Operation 178 [1/1] (0.00ns)   --->   "%Y = phi i17 %add_ln302, void %.split._crit_edge.i.i.i.i, i17 0, void %entry" [Filter.cpp:302->Filter.cpp:318]   --->   Operation 178 'phi' 'Y' <Predicate = true> <Delay = 0.00>
ST_72 : Operation 179 [1/1] (1.02ns)   --->   "%add_ln302 = add i17 %Y, i17 1" [Filter.cpp:302->Filter.cpp:318]   --->   Operation 179 'add' 'add_ln302' <Predicate = true> <Delay = 1.02> <CoreInst = "Adder">   --->   Core 1 'Adder' <Latency = 0> <II = 1> <Delay = 1.02> <FuncUnit> <Opcode : 'add' 'sub'> <InPorts = 2> <OutPorts = 1>
ST_72 : Operation 180 [1/1] (0.88ns)   --->   "%icmp_ln302 = icmp_eq  i17 %Y, i17 129600" [Filter.cpp:302->Filter.cpp:318]   --->   Operation 180 'icmp' 'icmp_ln302' <Predicate = true> <Delay = 0.88> <CoreInst = "Cmp">   --->   Core 9 'Cmp' <Latency = 0> <II = 1> <Delay = 0.87> <FuncUnit> <Opcode : 'icmp'> <InPorts = 2> <OutPorts = 1>
ST_72 : Operation 181 [1/1] (0.00ns)   --->   "%br_ln302 = br i1 %icmp_ln302, void %.split.i.i.i.i, void %.exit" [Filter.cpp:302->Filter.cpp:318]   --->   Operation 181 'br' 'br_ln302' <Predicate = true> <Delay = 0.00>
ST_72 : Operation 182 [1/1] (0.00ns)   --->   "%empty_35 = trunc i17 %Y" [Filter.cpp:302->Filter.cpp:318]   --->   Operation 182 'trunc' 'empty_35' <Predicate = (!icmp_ln302)> <Delay = 0.00>
ST_72 : Operation 183 [1/1] (0.87ns)   --->   "%icmp_ln174 = icmp_eq  i6 %empty_35, i6 0" [/tools/Xilinx/Vitis_HLS/2020.2/common/technology/autopilot/hls_stream_39.h:174]   --->   Operation 183 'icmp' 'icmp_ln174' <Predicate = (!icmp_ln302)> <Delay = 0.87> <CoreInst = "Cmp">   --->   Core 9 'Cmp' <Latency = 0> <II = 1> <Delay = 0.87> <FuncUnit> <Opcode : 'icmp'> <InPorts = 2> <OutPorts = 1>

State 73 <SV = 72> <Delay = 4.86>
ST_73 : Operation 184 [1/1] (0.00ns)   --->   "%shiftreg_i_i_i_i = phi i504 %trunc_ln174_1_i, void %.split._crit_edge.i.i.i.i, i504 0, void %entry" [/tools/Xilinx/Vitis_HLS/2020.2/common/technology/autopilot/hls_stream_39.h:174]   --->   Operation 184 'phi' 'shiftreg_i_i_i_i' <Predicate = true> <Delay = 0.00>
ST_73 : Operation 185 [1/1] (0.00ns)   --->   "%specpipeline_ln0 = specpipeline void @_ssdm_op_SpecPipeline, i32 4294967295, i32 0, i32 1, i32 0, void @p_str"   --->   Operation 185 'specpipeline' 'specpipeline_ln0' <Predicate = true> <Delay = 0.00>
ST_73 : Operation 186 [1/1] (0.00ns)   --->   "%empty_34 = speclooptripcount i32 @_ssdm_op_SpecLoopTripCount, i64 129600, i64 129600, i64 129600"   --->   Operation 186 'speclooptripcount' 'empty_34' <Predicate = true> <Delay = 0.00>
ST_73 : Operation 187 [1/1] (4.86ns)   --->   "%p0_addr_read = read i512 @_ssdm_op_Read.m_axi.p1i512, i512 %p0_addr" [/tools/Xilinx/Vitis_HLS/2020.2/common/technology/autopilot/hls_stream_39.h:174]   --->   Operation 187 'read' 'p0_addr_read' <Predicate = (!icmp_ln302 & icmp_ln174)> <Delay = 4.86> <CoreInst = "m_axi">   --->   Core 121 'm_axi' <Latency = 6> <II = 1> <Delay = 1.00> <Adapter> <Opcode : 'read' 'write' 'readreq' 'writereq' 'writeresp'>

State 74 <SV = 73> <Delay = 2.65>
ST_74 : Operation 188 [1/1] (0.00ns)   --->   "%shiftreg_cast_i_i_i_i = zext i504 %shiftreg_i_i_i_i" [/tools/Xilinx/Vitis_HLS/2020.2/common/technology/autopilot/hls_stream_39.h:174]   --->   Operation 188 'zext' 'shiftreg_cast_i_i_i_i' <Predicate = (!icmp_ln302)> <Delay = 0.00>
ST_74 : Operation 189 [1/1] (0.00ns)   --->   "%specloopname_ln302 = specloopname void @_ssdm_op_SpecLoopName, void @empty_4" [Filter.cpp:302->Filter.cpp:318]   --->   Operation 189 'specloopname' 'specloopname_ln302' <Predicate = (!icmp_ln302)> <Delay = 0.00>
ST_74 : Operation 190 [1/1] (0.48ns)   --->   "%br_ln174 = br i1 %icmp_ln174, void %.split._crit_edge.i.i.i.i, void" [/tools/Xilinx/Vitis_HLS/2020.2/common/technology/autopilot/hls_stream_39.h:174]   --->   Operation 190 'br' 'br_ln174' <Predicate = (!icmp_ln302)> <Delay = 0.48>
ST_74 : Operation 191 [1/1] (0.48ns)   --->   "%br_ln174 = br void %.split._crit_edge.i.i.i.i" [/tools/Xilinx/Vitis_HLS/2020.2/common/technology/autopilot/hls_stream_39.h:174]   --->   Operation 191 'br' 'br_ln174' <Predicate = (!icmp_ln302 & icmp_ln174)> <Delay = 0.48>
ST_74 : Operation 192 [1/1] (0.00ns)   --->   "%empty_36 = phi i512 %p0_addr_read, void, i512 %shiftreg_cast_i_i_i_i, void %.split.i.i.i.i" [/tools/Xilinx/Vitis_HLS/2020.2/common/technology/autopilot/hls_stream_39.h:174]   --->   Operation 192 'phi' 'empty_36' <Predicate = (!icmp_ln302)> <Delay = 0.00>
ST_74 : Operation 193 [1/1] (0.00ns)   --->   "%trunc_ln174 = trunc i512 %empty_36" [/tools/Xilinx/Vitis_HLS/2020.2/common/technology/autopilot/hls_stream_39.h:174]   --->   Operation 193 'trunc' 'trunc_ln174' <Predicate = (!icmp_ln302)> <Delay = 0.00>
ST_74 : Operation 194 [1/1] (0.00ns)   --->   "%trunc_ln174_1_i = partselect i504 @_ssdm_op_PartSelect.i504.i512.i32.i32, i512 %empty_36, i32 8, i32 511" [/tools/Xilinx/Vitis_HLS/2020.2/common/technology/autopilot/hls_stream_39.h:174]   --->   Operation 194 'partselect' 'trunc_ln174_1_i' <Predicate = (!icmp_ln302)> <Delay = 0.00>
ST_74 : Operation 195 [1/1] (2.16ns)   --->   "%write_ln174 = write void @_ssdm_op_Write.ap_fifo.volatile.i8P0A, i8 %input_stream, i8 %trunc_ln174" [/tools/Xilinx/Vitis_HLS/2020.2/common/technology/autopilot/hls_stream_39.h:174]   --->   Operation 195 'write' 'write_ln174' <Predicate = (!icmp_ln302)> <Delay = 2.16> <CoreInst = "FIFO_SRL">   --->   Core 81 'FIFO_SRL' <Latency = 0> <II = 1> <Delay = 2.16> <Storage> <Opcode : 'read' 'write' 'nbread' 'nbwrite'> <Ports = 0> <Width = 8> <Depth = 2> <FIFO>
ST_74 : Operation 196 [1/1] (0.00ns)   --->   "%br_ln0 = br void"   --->   Operation 196 'br' 'br_ln0' <Predicate = (!icmp_ln302)> <Delay = 0.00>

State 75 <SV = 73> <Delay = 0.00>
ST_75 : Operation 197 [1/1] (0.00ns)   --->   "%ret_ln318 = ret" [Filter.cpp:318]   --->   Operation 197 'ret' 'ret_ln318' <Predicate = true> <Delay = 0.00>


============================================================
+ Verbose Summary: Binding
============================================================
STG Binding: 
---------------- STG Properties BEGIN ----------------
- Is combinational: 0
- Is one-state seq: 0
- Is datapath-only: 0
- Is pipelined: 0
- Is top level: 0
Port [ Return ] is wired: 1; IO mode=ap_ctrl_hs:ce=0
Port [ p0]:  wired=1; compound=1; hidden=0; nouse=0; global=0; static=0; extern=0; dir=0; type=4; pingpong=0; private_global=0; IO mode=m_axi:ce=0
Port [ Input_r]:  wired=1; compound=1; hidden=0; nouse=0; global=0; static=0; extern=0; dir=0; type=3; pingpong=0; private_global=0; IO mode=ap_fifo:ce=0
Port [ Output_r]:  wired=1; compound=1; hidden=0; nouse=0; global=0; static=0; extern=0; dir=0; type=3; pingpong=0; private_global=0; IO mode=ap_fifo:ce=0
Port [ Output_out]:  wired=1; compound=1; hidden=0; nouse=0; global=0; static=0; extern=0; dir=1; type=3; pingpong=0; private_global=0; IO mode=ap_fifo:ce=0
Port [ input_stream]:  wired=1; compound=1; hidden=0; nouse=0; global=1; static=1; extern=0; dir=1; type=3; pingpong=0; private_global=0; IO mode=ap_fifo:ce=0
---------------- STG Properties END ------------------

---------------- Datapath Model BEGIN ----------------

<LifeTime>
<method=bitvector/>
Input_read            (read             ) [ 0000000000000000000000000000000000000000000000000000000000000000000000000000]
Output_read           (read             ) [ 0000000000000000000000000000000000000000000000000000000000000000000000000000]
write_ln0             (write            ) [ 0000000000000000000000000000000000000000000000000000000000000000000000000000]
trunc_ln_i            (partselect       ) [ 0010000000000000000000000000000000000000000000000000000000000000000000000000]
sext_ln302            (sext             ) [ 0000000000000000000000000000000000000000000000000000000000000000000000000000]
p0_addr               (getelementptr    ) [ 0001111111111111111111111111111111111111111111111111111111111111111111111110]
specinterface_ln0     (specinterface    ) [ 0000000000000000000000000000000000000000000000000000000000000000000000000000]
specinterface_ln0     (specinterface    ) [ 0000000000000000000000000000000000000000000000000000000000000000000000000000]
specinterface_ln0     (specinterface    ) [ 0000000000000000000000000000000000000000000000000000000000000000000000000000]
specinterface_ln0     (specinterface    ) [ 0000000000000000000000000000000000000000000000000000000000000000000000000000]
specinterface_ln0     (specinterface    ) [ 0000000000000000000000000000000000000000000000000000000000000000000000000000]
specinterface_ln0     (specinterface    ) [ 0000000000000000000000000000000000000000000000000000000000000000000000000000]
specinterface_ln0     (specinterface    ) [ 0000000000000000000000000000000000000000000000000000000000000000000000000000]
specinterface_ln0     (specinterface    ) [ 0000000000000000000000000000000000000000000000000000000000000000000000000000]
specinterface_ln0     (specinterface    ) [ 0000000000000000000000000000000000000000000000000000000000000000000000000000]
specinterface_ln0     (specinterface    ) [ 0000000000000000000000000000000000000000000000000000000000000000000000000000]
specinterface_ln0     (specinterface    ) [ 0000000000000000000000000000000000000000000000000000000000000000000000000000]
specinterface_ln0     (specinterface    ) [ 0000000000000000000000000000000000000000000000000000000000000000000000000000]
specinterface_ln0     (specinterface    ) [ 0000000000000000000000000000000000000000000000000000000000000000000000000000]
specinterface_ln0     (specinterface    ) [ 0000000000000000000000000000000000000000000000000000000000000000000000000000]
specinterface_ln0     (specinterface    ) [ 0000000000000000000000000000000000000000000000000000000000000000000000000000]
specinterface_ln0     (specinterface    ) [ 0000000000000000000000000000000000000000000000000000000000000000000000000000]
specinterface_ln0     (specinterface    ) [ 0000000000000000000000000000000000000000000000000000000000000000000000000000]
specinterface_ln0     (specinterface    ) [ 0000000000000000000000000000000000000000000000000000000000000000000000000000]
specinterface_ln0     (specinterface    ) [ 0000000000000000000000000000000000000000000000000000000000000000000000000000]
specinterface_ln0     (specinterface    ) [ 0000000000000000000000000000000000000000000000000000000000000000000000000000]
specinterface_ln0     (specinterface    ) [ 0000000000000000000000000000000000000000000000000000000000000000000000000000]
specinterface_ln0     (specinterface    ) [ 0000000000000000000000000000000000000000000000000000000000000000000000000000]
specinterface_ln0     (specinterface    ) [ 0000000000000000000000000000000000000000000000000000000000000000000000000000]
specinterface_ln0     (specinterface    ) [ 0000000000000000000000000000000000000000000000000000000000000000000000000000]
specinterface_ln0     (specinterface    ) [ 0000000000000000000000000000000000000000000000000000000000000000000000000000]
empty                 (readreq          ) [ 0000000000000000000000000000000000000000000000000000000000000000000000000000]
br_ln302              (br               ) [ 0000000000000000000000000000000000000000000000000000000000000000000000011110]
Y                     (phi              ) [ 0000000000000000000000000000000000000000000000000000000000000000000000001000]
add_ln302             (add              ) [ 0000000000000000000000000000000000000000000000000000000000000000000000011110]
icmp_ln302            (icmp             ) [ 0000000000000000000000000000000000000000000000000000000000000000000000001110]
br_ln302              (br               ) [ 0000000000000000000000000000000000000000000000000000000000000000000000000000]
empty_35              (trunc            ) [ 0000000000000000000000000000000000000000000000000000000000000000000000000000]
icmp_ln174            (icmp             ) [ 0000000000000000000000000000000000000000000000000000000000000000000000001110]
shiftreg_i_i_i_i      (phi              ) [ 0000000000000000000000000000000000000000000000000000000000000000000000001110]
specpipeline_ln0      (specpipeline     ) [ 0000000000000000000000000000000000000000000000000000000000000000000000000000]
empty_34              (speclooptripcount) [ 0000000000000000000000000000000000000000000000000000000000000000000000000000]
p0_addr_read          (read             ) [ 0000000000000000000000000000000000000000000000000000000000000000000000001010]
shiftreg_cast_i_i_i_i (zext             ) [ 0000000000000000000000000000000000000000000000000000000000000000000000000000]
specloopname_ln302    (specloopname     ) [ 0000000000000000000000000000000000000000000000000000000000000000000000000000]
br_ln174              (br               ) [ 0000000000000000000000000000000000000000000000000000000000000000000000000000]
br_ln174              (br               ) [ 0000000000000000000000000000000000000000000000000000000000000000000000000000]
empty_36              (phi              ) [ 0000000000000000000000000000000000000000000000000000000000000000000000001010]
trunc_ln174           (trunc            ) [ 0000000000000000000000000000000000000000000000000000000000000000000000000000]
trunc_ln174_1_i       (partselect       ) [ 0000000000000000000000000000000000000000000000000000000000000000000000011110]
write_ln174           (write            ) [ 0000000000000000000000000000000000000000000000000000000000000000000000000000]
br_ln0                (br               ) [ 0000000000000000000000000000000000000000000000000000000000000000000000011110]
ret_ln318             (ret              ) [ 0000000000000000000000000000000000000000000000000000000000000000000000000000]
</LifeTime>

<model>

<comp_list>
<comp id="0" class="1000" name="p0">
<pin_list>
<pin id="1" dir="1" index="0" bw="1" slack="0"/>
</pin_list>
<bind>
<StgValue><ssdm name="p0"/></StgValue>
</bind>
</comp>

<comp id="2" class="1000" name="Input_r">
<pin_list>
<pin id="3" dir="1" index="0" bw="1" slack="0"/>
</pin_list>
<bind>
<StgValue><ssdm name="Input_r"/></StgValue>
</bind>
</comp>

<comp id="4" class="1000" name="Output_r">
<pin_list>
<pin id="5" dir="1" index="0" bw="1" slack="0"/>
</pin_list>
<bind>
<StgValue><ssdm name="Output_r"/></StgValue>
</bind>
</comp>

<comp id="6" class="1000" name="Output_out">
<pin_list>
<pin id="7" dir="1" index="0" bw="1" slack="0"/>
</pin_list>
<bind>
<StgValue><ssdm name="Output_out"/></StgValue>
</bind>
</comp>

<comp id="8" class="1000" name="input_stream">
<pin_list>
<pin id="9" dir="1" index="0" bw="1" slack="0"/>
</pin_list>
<bind>
<StgValue><ssdm name="input_stream"/></StgValue>
</bind>
</comp>

<comp id="10" class="1001" name="const_10">
<pin_list>
<pin id="11" dir="1" index="0" bw="1" slack="0"/>
</pin_list>
<bind>
<StgValue><ssdm name="_ssdm_op_Read.ap_fifo.i64P0A"/></StgValue>
</bind>
</comp>

<comp id="12" class="1001" name="const_12">
<pin_list>
<pin id="13" dir="1" index="0" bw="1" slack="0"/>
</pin_list>
<bind>
<StgValue><ssdm name="_ssdm_op_Write.ap_fifo.i64P0A"/></StgValue>
</bind>
</comp>

<comp id="14" class="1001" name="const_14">
<pin_list>
<pin id="15" dir="1" index="0" bw="1" slack="0"/>
</pin_list>
<bind>
<StgValue><ssdm name="_ssdm_op_PartSelect.i58.i64.i32.i32"/></StgValue>
</bind>
</comp>

<comp id="16" class="1001" name="const_16">
<pin_list>
<pin id="17" dir="1" index="0" bw="1" slack="0"/>
</pin_list>
<bind>
<StgValue><ssdm name=""/></StgValue>
</bind>
</comp>

<comp id="18" class="1001" name="const_18">
<pin_list>
<pin id="19" dir="1" index="0" bw="1" slack="0"/>
</pin_list>
<bind>
<StgValue><ssdm name=""/></StgValue>
</bind>
</comp>

<comp id="20" class="1001" name="const_20">
<pin_list>
<pin id="21" dir="1" index="0" bw="1" slack="0"/>
</pin_list>
<bind>
<StgValue><ssdm name="_ssdm_op_ReadReq.m_axi.p1i512"/></StgValue>
</bind>
</comp>

<comp id="22" class="1001" name="const_22">
<pin_list>
<pin id="23" dir="1" index="0" bw="1" slack="0"/>
</pin_list>
<bind>
<StgValue><ssdm name=""/></StgValue>
</bind>
</comp>

<comp id="24" class="1001" name="const_24">
<pin_list>
<pin id="25" dir="1" index="0" bw="1" slack="2147483647"/>
</pin_list>
<bind>
<StgValue><ssdm name="_ssdm_op_SpecInterface"/></StgValue>
</bind>
</comp>

<comp id="26" class="1001" name="const_26">
<pin_list>
<pin id="27" dir="1" index="0" bw="1" slack="2147483647"/>
</pin_list>
<bind>
<StgValue><ssdm name="empty_8"/></StgValue>
</bind>
</comp>

<comp id="28" class="1001" name="const_28">
<pin_list>
<pin id="29" dir="1" index="0" bw="1" slack="2147483647"/>
</pin_list>
<bind>
<StgValue><ssdm name=""/></StgValue>
</bind>
</comp>

<comp id="30" class="1001" name="const_30">
<pin_list>
<pin id="31" dir="1" index="0" bw="1" slack="2147483647"/>
</pin_list>
<bind>
<StgValue><ssdm name="empty_6"/></StgValue>
</bind>
</comp>

<comp id="32" class="1001" name="const_32">
<pin_list>
<pin id="33" dir="1" index="0" bw="1" slack="2147483647"/>
</pin_list>
<bind>
<StgValue><ssdm name=""/></StgValue>
</bind>
</comp>

<comp id="34" class="1001" name="const_34">
<pin_list>
<pin id="35" dir="1" index="0" bw="1" slack="2147483647"/>
</pin_list>
<bind>
<StgValue><ssdm name=""/></StgValue>
</bind>
</comp>

<comp id="36" class="1001" name="const_36">
<pin_list>
<pin id="37" dir="1" index="0" bw="1" slack="2147483647"/>
</pin_list>
<bind>
<StgValue><ssdm name="empty_7"/></StgValue>
</bind>
</comp>

<comp id="38" class="1001" name="const_38">
<pin_list>
<pin id="39" dir="1" index="0" bw="1" slack="2147483647"/>
</pin_list>
<bind>
<StgValue><ssdm name="empty_16"/></StgValue>
</bind>
</comp>

<comp id="40" class="1001" name="const_40">
<pin_list>
<pin id="41" dir="1" index="0" bw="1" slack="2147483647"/>
</pin_list>
<bind>
<StgValue><ssdm name=""/></StgValue>
</bind>
</comp>

<comp id="42" class="1001" name="const_42">
<pin_list>
<pin id="43" dir="1" index="0" bw="1" slack="2147483647"/>
</pin_list>
<bind>
<StgValue><ssdm name="ap_fifo_str"/></StgValue>
</bind>
</comp>

<comp id="44" class="1001" name="const_44">
<pin_list>
<pin id="45" dir="1" index="0" bw="1" slack="2147483647"/>
</pin_list>
<bind>
<StgValue><ssdm name="p_str"/></StgValue>
</bind>
</comp>

<comp id="46" class="1001" name="const_46">
<pin_list>
<pin id="47" dir="1" index="0" bw="1" slack="2147483647"/>
</pin_list>
<bind>
<StgValue><ssdm name=""/></StgValue>
</bind>
</comp>

<comp id="48" class="1001" name="const_48">
<pin_list>
<pin id="49" dir="1" index="0" bw="1" slack="2147483647"/>
</pin_list>
<bind>
<StgValue><ssdm name="ScalarProp_str"/></StgValue>
</bind>
</comp>

<comp id="50" class="1001" name="const_50">
<pin_list>
<pin id="51" dir="1" index="0" bw="1" slack="2147483647"/>
</pin_list>
<bind>
<StgValue><ssdm name="empty_1"/></StgValue>
</bind>
</comp>

<comp id="52" class="1001" name="const_52">
<pin_list>
<pin id="53" dir="1" index="0" bw="1" slack="1"/>
</pin_list>
<bind>
<StgValue><ssdm name=""/></StgValue>
</bind>
</comp>

<comp id="54" class="1001" name="const_54">
<pin_list>
<pin id="55" dir="1" index="0" bw="1" slack="0"/>
</pin_list>
<bind>
<StgValue><ssdm name=""/></StgValue>
</bind>
</comp>

<comp id="56" class="1001" name="const_56">
<pin_list>
<pin id="57" dir="1" index="0" bw="1" slack="0"/>
</pin_list>
<bind>
<StgValue><ssdm name=""/></StgValue>
</bind>
</comp>

<comp id="58" class="1001" name="const_58">
<pin_list>
<pin id="59" dir="1" index="0" bw="1" slack="0"/>
</pin_list>
<bind>
<StgValue><ssdm name=""/></StgValue>
</bind>
</comp>

<comp id="60" class="1001" name="const_60">
<pin_list>
<pin id="61" dir="1" index="0" bw="1" slack="2"/>
</pin_list>
<bind>
<StgValue><ssdm name=""/></StgValue>
</bind>
</comp>

<comp id="62" class="1001" name="const_62">
<pin_list>
<pin id="63" dir="1" index="0" bw="1" slack="2147483647"/>
</pin_list>
<bind>
<StgValue><ssdm name="_ssdm_op_SpecPipeline"/></StgValue>
</bind>
</comp>

<comp id="64" class="1001" name="const_64">
<pin_list>
<pin id="65" dir="1" index="0" bw="1" slack="2147483647"/>
</pin_list>
<bind>
<StgValue><ssdm name=""/></StgValue>
</bind>
</comp>

<comp id="66" class="1001" name="const_66">
<pin_list>
<pin id="67" dir="1" index="0" bw="1" slack="2147483647"/>
</pin_list>
<bind>
<StgValue><ssdm name=""/></StgValue>
</bind>
</comp>

<comp id="68" class="1001" name="const_68">
<pin_list>
<pin id="69" dir="1" index="0" bw="1" slack="2147483647"/>
</pin_list>
<bind>
<StgValue><ssdm name="_ssdm_op_SpecLoopTripCount"/></StgValue>
</bind>
</comp>

<comp id="70" class="1001" name="const_70">
<pin_list>
<pin id="71" dir="1" index="0" bw="1" slack="2147483647"/>
</pin_list>
<bind>
<StgValue><ssdm name=""/></StgValue>
</bind>
</comp>

<comp id="72" class="1001" name="const_72">
<pin_list>
<pin id="73" dir="1" index="0" bw="1" slack="0"/>
</pin_list>
<bind>
<StgValue><ssdm name="_ssdm_op_Read.m_axi.p1i512"/></StgValue>
</bind>
</comp>

<comp id="74" class="1001" name="const_74">
<pin_list>
<pin id="75" dir="1" index="0" bw="1" slack="2147483647"/>
</pin_list>
<bind>
<StgValue><ssdm name="_ssdm_op_SpecLoopName"/></StgValue>
</bind>
</comp>

<comp id="76" class="1001" name="const_76">
<pin_list>
<pin id="77" dir="1" index="0" bw="1" slack="2147483647"/>
</pin_list>
<bind>
<StgValue><ssdm name="empty_4"/></StgValue>
</bind>
</comp>

<comp id="78" class="1001" name="const_78">
<pin_list>
<pin id="79" dir="1" index="0" bw="1" slack="0"/>
</pin_list>
<bind>
<StgValue><ssdm name="_ssdm_op_PartSelect.i504.i512.i32.i32"/></StgValue>
</bind>
</comp>

<comp id="80" class="1001" name="const_80">
<pin_list>
<pin id="81" dir="1" index="0" bw="1" slack="0"/>
</pin_list>
<bind>
<StgValue><ssdm name=""/></StgValue>
</bind>
</comp>

<comp id="82" class="1001" name="const_82">
<pin_list>
<pin id="83" dir="1" index="0" bw="1" slack="0"/>
</pin_list>
<bind>
<StgValue><ssdm name=""/></StgValue>
</bind>
</comp>

<comp id="84" class="1001" name="const_84">
<pin_list>
<pin id="85" dir="1" index="0" bw="1" slack="0"/>
</pin_list>
<bind>
<StgValue><ssdm name="_ssdm_op_Write.ap_fifo.volatile.i8P0A"/></StgValue>
</bind>
</comp>

<comp id="86" class="1004" name="Input_read_read_fu_86">
<pin_list>
<pin id="87" dir="0" index="0" bw="64" slack="0"/>
<pin id="88" dir="0" index="1" bw="64" slack="0"/>
<pin id="89" dir="1" index="2" bw="64" slack="0"/>
</pin_list>
<bind>
<opcode="read(1150) " fcode="read"/>
<opset="Input_read/1 "/>
</bind>
</comp>

<comp id="92" class="1004" name="Output_read_read_fu_92">
<pin_list>
<pin id="93" dir="0" index="0" bw="64" slack="0"/>
<pin id="94" dir="0" index="1" bw="64" slack="0"/>
<pin id="95" dir="1" index="2" bw="64" slack="0"/>
</pin_list>
<bind>
<opcode="read(1150) " fcode="read"/>
<opset="Output_read/1 "/>
</bind>
</comp>

<comp id="98" class="1004" name="write_ln0_write_fu_98">
<pin_list>
<pin id="99" dir="0" index="0" bw="0" slack="0"/>
<pin id="100" dir="0" index="1" bw="64" slack="0"/>
<pin id="101" dir="0" index="2" bw="64" slack="0"/>
<pin id="102" dir="1" index="3" bw="0" slack="2147483647"/>
</pin_list>
<bind>
<opcode="write(1151) " fcode="write"/>
<opset="write_ln0/1 "/>
</bind>
</comp>

<comp id="106" class="1004" name="grp_readreq_fu_106">
<pin_list>
<pin id="107" dir="0" index="0" bw="1" slack="0"/>
<pin id="108" dir="0" index="1" bw="512" slack="0"/>
<pin id="109" dir="0" index="2" bw="12" slack="0"/>
<pin id="110" dir="1" index="3" bw="1" slack="2147483647"/>
</pin_list>
<bind>
<opcode="readreq(1154) " fcode="readreq"/>
<opset="empty/2 "/>
</bind>
</comp>

<comp id="113" class="1004" name="p0_addr_read_read_fu_113">
<pin_list>
<pin id="114" dir="0" index="0" bw="512" slack="0"/>
<pin id="115" dir="0" index="1" bw="512" slack="71"/>
<pin id="116" dir="1" index="2" bw="512" slack="1"/>
</pin_list>
<bind>
<opcode="read(1150) " fcode="read"/>
<opset="p0_addr_read/73 "/>
</bind>
</comp>

<comp id="118" class="1004" name="write_ln174_write_fu_118">
<pin_list>
<pin id="119" dir="0" index="0" bw="0" slack="0"/>
<pin id="120" dir="0" index="1" bw="8" slack="0"/>
<pin id="121" dir="0" index="2" bw="8" slack="0"/>
<pin id="122" dir="1" index="3" bw="0" slack="2147483647"/>
</pin_list>
<bind>
<opcode="write(1151) " fcode="write"/>
<opset="write_ln174/74 "/>
</bind>
</comp>

<comp id="125" class="1005" name="Y_reg_125">
<pin_list>
<pin id="126" dir="0" index="0" bw="17" slack="1"/>
<pin id="127" dir="1" index="1" bw="17" slack="1"/>
</pin_list>
<bind>
<opset="Y (phireg) "/>
</bind>
</comp>

<comp id="129" class="1004" name="Y_phi_fu_129">
<pin_list>
<pin id="130" dir="0" index="0" bw="17" slack="0"/>
<pin id="131" dir="0" index="1" bw="0" slack="2147483647"/>
<pin id="132" dir="0" index="2" bw="1" slack="1"/>
<pin id="133" dir="0" index="3" bw="0" slack="2147483647"/>
<pin id="134" dir="1" index="4" bw="17" slack="0"/>
</pin_list>
<bind>
<opcode="phi(47) " fcode="phi"/>
<opset="Y/72 "/>
</bind>
</comp>

<comp id="136" class="1005" name="shiftreg_i_i_i_i_reg_136">
<pin_list>
<pin id="137" dir="0" index="0" bw="504" slack="1"/>
<pin id="138" dir="1" index="1" bw="504" slack="1"/>
</pin_list>
<bind>
<opset="shiftreg_i_i_i_i (phireg) "/>
</bind>
</comp>

<comp id="140" class="1004" name="shiftreg_i_i_i_i_phi_fu_140">
<pin_list>
<pin id="141" dir="0" index="0" bw="504" slack="1"/>
<pin id="142" dir="0" index="1" bw="0" slack="2147483647"/>
<pin id="143" dir="0" index="2" bw="1" slack="2"/>
<pin id="144" dir="0" index="3" bw="0" slack="2147483647"/>
<pin id="145" dir="1" index="4" bw="504" slack="1"/>
</pin_list>
<bind>
<opcode="phi(47) " fcode="phi"/>
<opset="shiftreg_i_i_i_i/73 "/>
</bind>
</comp>

<comp id="148" class="1005" name="empty_36_reg_148">
<pin_list>
<pin id="149" dir="0" index="0" bw="512" slack="2147483647"/>
<pin id="150" dir="1" index="1" bw="512" slack="2147483647"/>
</pin_list>
<bind>
<opset="empty_36 (phireg) "/>
</bind>
</comp>

<comp id="151" class="1004" name="empty_36_phi_fu_151">
<pin_list>
<pin id="152" dir="0" index="0" bw="512" slack="1"/>
<pin id="153" dir="0" index="1" bw="0" slack="2147483647"/>
<pin id="154" dir="0" index="2" bw="504" slack="0"/>
<pin id="155" dir="0" index="3" bw="0" slack="2147483647"/>
<pin id="156" dir="1" index="4" bw="512" slack="0"/>
</pin_list>
<bind>
<opcode="phi(47) " fcode="phi"/>
<opset="empty_36/74 "/>
</bind>
</comp>

<comp id="157" class="1004" name="trunc_ln_i_fu_157">
<pin_list>
<pin id="158" dir="0" index="0" bw="58" slack="0"/>
<pin id="159" dir="0" index="1" bw="64" slack="0"/>
<pin id="160" dir="0" index="2" bw="4" slack="0"/>
<pin id="161" dir="0" index="3" bw="7" slack="0"/>
<pin id="162" dir="1" index="4" bw="58" slack="1"/>
</pin_list>
<bind>
<opcode="partselect(1002) " fcode="partselect"/>
<opset="trunc_ln_i/1 "/>
</bind>
</comp>

<comp id="167" class="1004" name="sext_ln302_fu_167">
<pin_list>
<pin id="168" dir="0" index="0" bw="58" slack="1"/>
<pin id="169" dir="1" index="1" bw="64" slack="0"/>
</pin_list>
<bind>
<opcode="sext(35) " fcode="sext"/>
<opset="sext_ln302/2 "/>
</bind>
</comp>

<comp id="170" class="1004" name="p0_addr_fu_170">
<pin_list>
<pin id="171" dir="0" index="0" bw="512" slack="0"/>
<pin id="172" dir="0" index="1" bw="58" slack="0"/>
<pin id="173" dir="1" index="2" bw="512" slack="0"/>
</pin_list>
<bind>
<opcode="getelementptr(29) " fcode="getelementptr"/>
<opset="p0_addr/2 "/>
</bind>
</comp>

<comp id="177" class="1004" name="add_ln302_fu_177">
<pin_list>
<pin id="178" dir="0" index="0" bw="17" slack="0"/>
<pin id="179" dir="0" index="1" bw="1" slack="0"/>
<pin id="180" dir="1" index="2" bw="17" slack="0"/>
</pin_list>
<bind>
<opcode="add(8) " fcode="add"/>
<opset="add_ln302/72 "/>
</bind>
</comp>

<comp id="183" class="1004" name="icmp_ln302_fu_183">
<pin_list>
<pin id="184" dir="0" index="0" bw="17" slack="0"/>
<pin id="185" dir="0" index="1" bw="12" slack="0"/>
<pin id="186" dir="1" index="2" bw="1" slack="1"/>
</pin_list>
<bind>
<opcode="icmp(45) " fcode="icmp"/>
<opset="icmp_ln302/72 "/>
</bind>
</comp>

<comp id="189" class="1004" name="empty_35_fu_189">
<pin_list>
<pin id="190" dir="0" index="0" bw="17" slack="0"/>
<pin id="191" dir="1" index="1" bw="6" slack="0"/>
</pin_list>
<bind>
<opcode="trunc(33) " fcode="trunc"/>
<opset="empty_35/72 "/>
</bind>
</comp>

<comp id="193" class="1004" name="icmp_ln174_fu_193">
<pin_list>
<pin id="194" dir="0" index="0" bw="6" slack="0"/>
<pin id="195" dir="0" index="1" bw="1" slack="0"/>
<pin id="196" dir="1" index="2" bw="1" slack="1"/>
</pin_list>
<bind>
<opcode="icmp(45) " fcode="icmp"/>
<opset="icmp_ln174/72 "/>
</bind>
</comp>

<comp id="199" class="1004" name="shiftreg_cast_i_i_i_i_fu_199">
<pin_list>
<pin id="200" dir="0" index="0" bw="504" slack="1"/>
<pin id="201" dir="1" index="1" bw="512" slack="0"/>
</pin_list>
<bind>
<opcode="zext(34) " fcode="zext"/>
<opset="shiftreg_cast_i_i_i_i/74 "/>
</bind>
</comp>

<comp id="204" class="1004" name="trunc_ln174_fu_204">
<pin_list>
<pin id="205" dir="0" index="0" bw="512" slack="0"/>
<pin id="206" dir="1" index="1" bw="8" slack="0"/>
</pin_list>
<bind>
<opcode="trunc(33) " fcode="trunc"/>
<opset="trunc_ln174/74 "/>
</bind>
</comp>

<comp id="209" class="1004" name="trunc_ln174_1_i_fu_209">
<pin_list>
<pin id="210" dir="0" index="0" bw="504" slack="0"/>
<pin id="211" dir="0" index="1" bw="512" slack="0"/>
<pin id="212" dir="0" index="2" bw="5" slack="0"/>
<pin id="213" dir="0" index="3" bw="10" slack="0"/>
<pin id="214" dir="1" index="4" bw="504" slack="1"/>
</pin_list>
<bind>
<opcode="partselect(1002) " fcode="partselect"/>
<opset="trunc_ln174_1_i/74 "/>
</bind>
</comp>

<comp id="219" class="1005" name="trunc_ln_i_reg_219">
<pin_list>
<pin id="220" dir="0" index="0" bw="58" slack="1"/>
<pin id="221" dir="1" index="1" bw="58" slack="1"/>
</pin_list>
<bind>
<opset="trunc_ln_i "/>
</bind>
</comp>

<comp id="224" class="1005" name="p0_addr_reg_224">
<pin_list>
<pin id="225" dir="0" index="0" bw="512" slack="1"/>
<pin id="226" dir="1" index="1" bw="512" slack="1"/>
</pin_list>
<bind>
<opset="p0_addr "/>
</bind>
</comp>

<comp id="230" class="1005" name="add_ln302_reg_230">
<pin_list>
<pin id="231" dir="0" index="0" bw="17" slack="0"/>
<pin id="232" dir="1" index="1" bw="17" slack="0"/>
</pin_list>
<bind>
<opset="add_ln302 "/>
</bind>
</comp>

<comp id="235" class="1005" name="icmp_ln302_reg_235">
<pin_list>
<pin id="236" dir="0" index="0" bw="1" slack="1"/>
<pin id="237" dir="1" index="1" bw="1" slack="2147483647"/>
</pin_list>
<bind>
<opset="icmp_ln302 "/>
</bind>
</comp>

<comp id="239" class="1005" name="icmp_ln174_reg_239">
<pin_list>
<pin id="240" dir="0" index="0" bw="1" slack="1"/>
<pin id="241" dir="1" index="1" bw="1" slack="2147483647"/>
</pin_list>
<bind>
<opset="icmp_ln174 "/>
</bind>
</comp>

<comp id="243" class="1005" name="p0_addr_read_reg_243">
<pin_list>
<pin id="244" dir="0" index="0" bw="512" slack="1"/>
<pin id="245" dir="1" index="1" bw="512" slack="1"/>
</pin_list>
<bind>
<opset="p0_addr_read "/>
</bind>
</comp>

<comp id="248" class="1005" name="trunc_ln174_1_i_reg_248">
<pin_list>
<pin id="249" dir="0" index="0" bw="504" slack="1"/>
<pin id="250" dir="1" index="1" bw="504" slack="1"/>
</pin_list>
<bind>
<opset="trunc_ln174_1_i "/>
</bind>
</comp>

</comp_list>

<net_list>
<net id="90"><net_src comp="10" pin="0"/><net_sink comp="86" pin=0"/></net>

<net id="91"><net_src comp="2" pin="0"/><net_sink comp="86" pin=1"/></net>

<net id="96"><net_src comp="10" pin="0"/><net_sink comp="92" pin=0"/></net>

<net id="97"><net_src comp="4" pin="0"/><net_sink comp="92" pin=1"/></net>

<net id="103"><net_src comp="12" pin="0"/><net_sink comp="98" pin=0"/></net>

<net id="104"><net_src comp="6" pin="0"/><net_sink comp="98" pin=1"/></net>

<net id="105"><net_src comp="92" pin="2"/><net_sink comp="98" pin=2"/></net>

<net id="111"><net_src comp="20" pin="0"/><net_sink comp="106" pin=0"/></net>

<net id="112"><net_src comp="22" pin="0"/><net_sink comp="106" pin=2"/></net>

<net id="117"><net_src comp="72" pin="0"/><net_sink comp="113" pin=0"/></net>

<net id="123"><net_src comp="84" pin="0"/><net_sink comp="118" pin=0"/></net>

<net id="124"><net_src comp="8" pin="0"/><net_sink comp="118" pin=1"/></net>

<net id="128"><net_src comp="52" pin="0"/><net_sink comp="125" pin=0"/></net>

<net id="135"><net_src comp="125" pin="1"/><net_sink comp="129" pin=2"/></net>

<net id="139"><net_src comp="60" pin="0"/><net_sink comp="136" pin=0"/></net>

<net id="146"><net_src comp="136" pin="1"/><net_sink comp="140" pin=2"/></net>

<net id="147"><net_src comp="140" pin="4"/><net_sink comp="136" pin=0"/></net>

<net id="163"><net_src comp="14" pin="0"/><net_sink comp="157" pin=0"/></net>

<net id="164"><net_src comp="86" pin="2"/><net_sink comp="157" pin=1"/></net>

<net id="165"><net_src comp="16" pin="0"/><net_sink comp="157" pin=2"/></net>

<net id="166"><net_src comp="18" pin="0"/><net_sink comp="157" pin=3"/></net>

<net id="174"><net_src comp="0" pin="0"/><net_sink comp="170" pin=0"/></net>

<net id="175"><net_src comp="167" pin="1"/><net_sink comp="170" pin=1"/></net>

<net id="176"><net_src comp="170" pin="2"/><net_sink comp="106" pin=1"/></net>

<net id="181"><net_src comp="129" pin="4"/><net_sink comp="177" pin=0"/></net>

<net id="182"><net_src comp="54" pin="0"/><net_sink comp="177" pin=1"/></net>

<net id="187"><net_src comp="129" pin="4"/><net_sink comp="183" pin=0"/></net>

<net id="188"><net_src comp="56" pin="0"/><net_sink comp="183" pin=1"/></net>

<net id="192"><net_src comp="129" pin="4"/><net_sink comp="189" pin=0"/></net>

<net id="197"><net_src comp="189" pin="1"/><net_sink comp="193" pin=0"/></net>

<net id="198"><net_src comp="58" pin="0"/><net_sink comp="193" pin=1"/></net>

<net id="202"><net_src comp="136" pin="1"/><net_sink comp="199" pin=0"/></net>

<net id="203"><net_src comp="199" pin="1"/><net_sink comp="151" pin=2"/></net>

<net id="207"><net_src comp="151" pin="4"/><net_sink comp="204" pin=0"/></net>

<net id="208"><net_src comp="204" pin="1"/><net_sink comp="118" pin=2"/></net>

<net id="215"><net_src comp="78" pin="0"/><net_sink comp="209" pin=0"/></net>

<net id="216"><net_src comp="151" pin="4"/><net_sink comp="209" pin=1"/></net>

<net id="217"><net_src comp="80" pin="0"/><net_sink comp="209" pin=2"/></net>

<net id="218"><net_src comp="82" pin="0"/><net_sink comp="209" pin=3"/></net>

<net id="222"><net_src comp="157" pin="4"/><net_sink comp="219" pin=0"/></net>

<net id="223"><net_src comp="219" pin="1"/><net_sink comp="167" pin=0"/></net>

<net id="227"><net_src comp="170" pin="2"/><net_sink comp="224" pin=0"/></net>

<net id="228"><net_src comp="224" pin="1"/><net_sink comp="106" pin=1"/></net>

<net id="229"><net_src comp="224" pin="1"/><net_sink comp="113" pin=1"/></net>

<net id="233"><net_src comp="177" pin="2"/><net_sink comp="230" pin=0"/></net>

<net id="234"><net_src comp="230" pin="1"/><net_sink comp="129" pin=0"/></net>

<net id="238"><net_src comp="183" pin="2"/><net_sink comp="235" pin=0"/></net>

<net id="242"><net_src comp="193" pin="2"/><net_sink comp="239" pin=0"/></net>

<net id="246"><net_src comp="113" pin="2"/><net_sink comp="243" pin=0"/></net>

<net id="247"><net_src comp="243" pin="1"/><net_sink comp="151" pin=0"/></net>

<net id="251"><net_src comp="209" pin="4"/><net_sink comp="248" pin=0"/></net>

<net id="252"><net_src comp="248" pin="1"/><net_sink comp="140" pin=0"/></net>

</net_list>

</model> 
---------------- Datapath Model END ------------------

* FSMD analyzer results:
  - Output states:
	Port: Output_out | {1 }
	Port: input_stream | {74 }
 - Input state : 
	Port: load3 : p0 | {2 3 4 5 6 7 8 9 10 11 12 13 14 15 16 17 18 19 20 21 22 23 24 25 26 27 28 29 30 31 32 33 34 35 36 37 38 39 40 41 42 43 44 45 46 47 48 49 50 51 52 53 54 55 56 57 58 59 60 61 62 63 64 65 66 67 68 69 70 71 73 }
	Port: load3 : Input_r | {1 }
	Port: load3 : Output_r | {1 }
  - Chain level:
	State 1
	State 2
		p0_addr : 1
		empty : 2
	State 3
	State 4
	State 5
	State 6
	State 7
	State 8
	State 9
	State 10
	State 11
	State 12
	State 13
	State 14
	State 15
	State 16
	State 17
	State 18
	State 19
	State 20
	State 21
	State 22
	State 23
	State 24
	State 25
	State 26
	State 27
	State 28
	State 29
	State 30
	State 31
	State 32
	State 33
	State 34
	State 35
	State 36
	State 37
	State 38
	State 39
	State 40
	State 41
	State 42
	State 43
	State 44
	State 45
	State 46
	State 47
	State 48
	State 49
	State 50
	State 51
	State 52
	State 53
	State 54
	State 55
	State 56
	State 57
	State 58
	State 59
	State 60
	State 61
	State 62
	State 63
	State 64
	State 65
	State 66
	State 67
	State 68
	State 69
	State 70
	State 71
	State 72
		add_ln302 : 1
		icmp_ln302 : 1
		br_ln302 : 2
		empty_35 : 1
		icmp_ln174 : 2
	State 73
	State 74
		empty_36 : 1
		trunc_ln174 : 2
		trunc_ln174_1_i : 2
		write_ln174 : 3
	State 75


============================================================
+ Verbose Summary: Datapath Resource usage 
============================================================

* Functional unit list:
|----------|------------------------------|---------|---------|
| Operation|        Functional Unit       |    FF   |   LUT   |
|----------|------------------------------|---------|---------|
|    add   |       add_ln302_fu_177       |    0    |    24   |
|----------|------------------------------|---------|---------|
|   icmp   |       icmp_ln302_fu_183      |    0    |    13   |
|          |       icmp_ln174_fu_193      |    0    |    10   |
|----------|------------------------------|---------|---------|
|          |     Input_read_read_fu_86    |    0    |    0    |
|   read   |    Output_read_read_fu_92    |    0    |    0    |
|          |   p0_addr_read_read_fu_113   |    0    |    0    |
|----------|------------------------------|---------|---------|
|   write  |     write_ln0_write_fu_98    |    0    |    0    |
|          |   write_ln174_write_fu_118   |    0    |    0    |
|----------|------------------------------|---------|---------|
|  readreq |      grp_readreq_fu_106      |    0    |    0    |
|----------|------------------------------|---------|---------|
|partselect|       trunc_ln_i_fu_157      |    0    |    0    |
|          |    trunc_ln174_1_i_fu_209    |    0    |    0    |
|----------|------------------------------|---------|---------|
|   sext   |       sext_ln302_fu_167      |    0    |    0    |
|----------|------------------------------|---------|---------|
|   trunc  |        empty_35_fu_189       |    0    |    0    |
|          |      trunc_ln174_fu_204      |    0    |    0    |
|----------|------------------------------|---------|---------|
|   zext   | shiftreg_cast_i_i_i_i_fu_199 |    0    |    0    |
|----------|------------------------------|---------|---------|
|   Total  |                              |    0    |    47   |
|----------|------------------------------|---------|---------|

Memories:
N/A

* Register list:
+------------------------+--------+
|                        |   FF   |
+------------------------+--------+
|        Y_reg_125       |   17   |
|    add_ln302_reg_230   |   17   |
|    empty_36_reg_148    |   512  |
|   icmp_ln174_reg_239   |    1   |
|   icmp_ln302_reg_235   |    1   |
|  p0_addr_read_reg_243  |   512  |
|     p0_addr_reg_224    |   512  |
|shiftreg_i_i_i_i_reg_136|   504  |
| trunc_ln174_1_i_reg_248|   504  |
|   trunc_ln_i_reg_219   |   58   |
+------------------------+--------+
|          Total         |  2638  |
+------------------------+--------+

* Multiplexer (MUX) list: 
|--------------------------|------|------|------|--------||---------||---------|
|           Comp           |  Pin | Size |  BW  | S x BW ||  Delay  ||   LUT   |
|--------------------------|------|------|------|--------||---------||---------|
|    grp_readreq_fu_106    |  p1  |   2  |  512 |  1024  ||    9    |
| shiftreg_i_i_i_i_reg_136 |  p0  |   2  |  504 |  1008  ||    9    |
|--------------------------|------|------|------|--------||---------||---------|
|           Total          |      |      |      |  2032  ||  0.978  ||    18   |
|--------------------------|------|------|------|--------||---------||---------|



* Summary:
+-----------+--------+--------+--------+
|           |  Delay |   FF   |   LUT  |
+-----------+--------+--------+--------+
|  Function |    -   |    0   |   47   |
|   Memory  |    -   |    -   |    -   |
|Multiplexer|    0   |    -   |   18   |
|  Register |    -   |  2638  |    -   |
+-----------+--------+--------+--------+
|   Total   |    0   |  2638  |   65   |
+-----------+--------+--------+--------+
