

================================================================
== Vitis HLS Report for 'store'
================================================================
* Date:           Sun Oct 30 18:48:42 2022

* Version:        2020.2 (Build 3064766 on Wed Nov 18 09:12:47 MST 2020)
* Project:        HW7
* Solution:       solution1 (Vitis Kernel Flow Target)
* Product family: zynquplus
* Target device:  xczu3eg-sbva484-1-i


================================================================
== Performance Estimates
================================================================
+ Timing: 
    * Summary: 
    +--------+---------+----------+------------+
    |  Clock |  Target | Estimated| Uncertainty|
    +--------+---------+----------+------------+
    |ap_clk  |  6.67 ns|  4.869 ns|     1.80 ns|
    +--------+---------+----------+------------+

+ Latency: 
    * Summary: 
    +---------+---------+----------+----------+--------+--------+---------+
    |  Latency (cycles) |  Latency (absolute) |     Interval    | Pipeline|
    |   min   |   max   |    min   |    max   |   min  |   max  |   Type  |
    +---------+---------+----------+----------+--------+--------+---------+
    |   125207|   125207|  0.835 ms|  0.835 ms|  125207|  125207|     none|
    +---------+---------+----------+----------+--------+--------+---------+

    + Detail: 
        * Instance: 
        N/A

        * Loop: 
        +--------------------+---------+---------+----------+-----------+-----------+--------+----------+
        |                    |  Latency (cycles) | Iteration|  Initiation Interval  |  Trip  |          |
        |      Loop Name     |   min   |   max   |  Latency |  achieved |   target  |  Count | Pipelined|
        +--------------------+---------+---------+----------+-----------+-----------+--------+----------+
        |- VITIS_LOOP_314_1  |   125137|   125137|         3|          1|          1|  125136|       yes|
        +--------------------+---------+---------+----------+-----------+-----------+--------+----------+

============================================================
+ Verbose Summary: Synthesis Manager
============================================================
InlineROM: 1
ExposeGlobal: 0
============================================================
+ Verbose Summary: CDFG Model
============================================================
IsTopModel: 0
ResetActiveHigh: 1
IsCombinational: 2
IsDatapathOnly: 0
HasWiredReturn: 1
HasMFsm: 0
HasVarLatency: 1
IsPipeline: 0
IsRtlPipelined: 0
IsInstanceOverlapped: 0
IsDontTouch: 0
HasImplIP: 0
IsGatedGlobalClock: 0

+ Individual pipeline summary: 
  * Pipeline-0: initiation interval (II) = 1, depth = 3


============================================================
+ Verbose Summary: Schedule
============================================================
* Number of FSM states : 73
* Pipeline : 1
  Pipeline-0 : II = 1, D = 3, States = { 3 4 5 }
* Dataflow Pipeline: 0

* FSM state transitions: 
1 --> 2 
2 --> 3 
3 --> 6 4 
4 --> 5 
5 --> 3 
6 --> 7 
7 --> 8 
8 --> 9 
9 --> 10 
10 --> 11 
11 --> 12 
12 --> 13 
13 --> 14 
14 --> 15 
15 --> 16 
16 --> 17 
17 --> 18 
18 --> 19 
19 --> 20 
20 --> 21 
21 --> 22 
22 --> 23 
23 --> 24 
24 --> 25 
25 --> 26 
26 --> 27 
27 --> 28 
28 --> 29 
29 --> 30 
30 --> 31 
31 --> 32 
32 --> 33 
33 --> 34 
34 --> 35 
35 --> 36 
36 --> 37 
37 --> 38 
38 --> 39 
39 --> 40 
40 --> 41 
41 --> 42 
42 --> 43 
43 --> 44 
44 --> 45 
45 --> 46 
46 --> 47 
47 --> 48 
48 --> 49 
49 --> 50 
50 --> 51 
51 --> 52 
52 --> 53 
53 --> 54 
54 --> 55 
55 --> 56 
56 --> 57 
57 --> 58 
58 --> 59 
59 --> 60 
60 --> 61 
61 --> 62 
62 --> 63 
63 --> 64 
64 --> 65 
65 --> 66 
66 --> 67 
67 --> 68 
68 --> 69 
69 --> 70 
70 --> 71 
71 --> 72 
72 --> 73 
73 --> 

* FSM state operations: 

State 1 <SV = 0> <Delay = 2.16>
ST_1 : Operation 74 [1/1] (2.16ns)   --->   "%Output_read = read i64 @_ssdm_op_Read.ap_fifo.i64P0A, i64 %Output_r" [Filter.cpp:314]   --->   Operation 74 'read' 'Output_read' <Predicate = true> <Delay = 2.16> <CoreInst = "FIFO_SRL">   --->   Core 81 'FIFO_SRL' <Latency = 0> <II = 1> <Delay = 2.16> <Storage> <Opcode : 'read' 'write' 'nbread' 'nbwrite'> <Ports = 0> <Width = 64> <Depth = 3> <FIFO>
ST_1 : Operation 75 [1/1] (0.00ns)   --->   "%trunc_ln = partselect i60 @_ssdm_op_PartSelect.i60.i64.i32.i32, i64 %Output_read, i32 4, i32 63" [Filter.cpp:314->Filter.cpp:318]   --->   Operation 75 'partselect' 'trunc_ln' <Predicate = true> <Delay = 0.00>

State 2 <SV = 1> <Delay = 4.86>
ST_2 : Operation 76 [1/1] (0.00ns)   --->   "%specinterface_ln0 = specinterface void @_ssdm_op_SpecInterface, i128 %p1, void @empty_8, i32 0, i32 0, void @empty_6, i32 64, i32 129600, void @empty_17, void @empty_16, void @empty_6, i32 16, i32 16, i32 16, i32 16, void @empty_6, void @empty_6"   --->   Operation 76 'specinterface' 'specinterface_ln0' <Predicate = true> <Delay = 0.00>
ST_2 : Operation 77 [1/1] (0.00ns)   --->   "%specinterface_ln0 = specinterface void @_ssdm_op_SpecInterface, i8 %output_stream, void @empty_1, i32 0, i32 0, void @empty_6, i32 0, i32 0, void @empty_6, void @empty_6, void @empty_6, i32 0, i32 0, i32 0, i32 0, void @empty_6, void @empty_6"   --->   Operation 77 'specinterface' 'specinterface_ln0' <Predicate = true> <Delay = 0.00>
ST_2 : Operation 78 [1/1] (0.00ns)   --->   "%specinterface_ln0 = specinterface void @_ssdm_op_SpecInterface, i8 %output_stream, void @empty_1, i32 0, i32 0, void @empty_6, i32 0, i32 0, void @empty_6, void @empty_6, void @empty_6, i32 0, i32 0, i32 0, i32 0, void @empty_6, void @empty_6"   --->   Operation 78 'specinterface' 'specinterface_ln0' <Predicate = true> <Delay = 0.00>
ST_2 : Operation 79 [1/1] (0.00ns)   --->   "%specinterface_ln0 = specinterface void @_ssdm_op_SpecInterface, i8 %output_stream, void @empty_1, i32 0, i32 0, void @empty_6, i32 0, i32 0, void @empty_6, void @empty_6, void @empty_6, i32 0, i32 0, i32 0, i32 0, void @empty_6, void @empty_6"   --->   Operation 79 'specinterface' 'specinterface_ln0' <Predicate = true> <Delay = 0.00>
ST_2 : Operation 80 [1/1] (0.00ns)   --->   "%specinterface_ln0 = specinterface void @_ssdm_op_SpecInterface, i64 %Output_r, void @ap_fifo_str, i32 0, i32 0, void @p_str, i32 0, i32 0, void @p_str, void @p_str, void @p_str, i32 2, i32 2, i32 16, i32 16, void @p_str, void @ScalarProp_str"   --->   Operation 80 'specinterface' 'specinterface_ln0' <Predicate = true> <Delay = 0.00>
ST_2 : Operation 81 [1/1] (0.00ns)   --->   "%specinterface_ln0 = specinterface void @_ssdm_op_SpecInterface, i8 %output_stream, void @empty_1, i32 0, i32 0, void @empty_6, i32 0, i32 0, void @empty_6, void @empty_6, void @empty_6, i32 0, i32 0, i32 0, i32 0, void @empty_6, void @empty_6"   --->   Operation 81 'specinterface' 'specinterface_ln0' <Predicate = true> <Delay = 0.00>
ST_2 : Operation 82 [1/1] (0.00ns)   --->   "%specinterface_ln0 = specinterface void @_ssdm_op_SpecInterface, i8 %output_stream, void @empty_1, i32 0, i32 0, void @empty_6, i32 0, i32 0, void @empty_6, void @empty_6, void @empty_6, i32 0, i32 0, i32 0, i32 0, void @empty_6, void @empty_6"   --->   Operation 82 'specinterface' 'specinterface_ln0' <Predicate = true> <Delay = 0.00>
ST_2 : Operation 83 [1/1] (0.00ns)   --->   "%specinterface_ln0 = specinterface void @_ssdm_op_SpecInterface, i8 %output_stream, void @empty_1, i32 0, i32 0, void @empty_6, i32 0, i32 0, void @empty_6, void @empty_6, void @empty_6, i32 0, i32 0, i32 0, i32 0, void @empty_6, void @empty_6"   --->   Operation 83 'specinterface' 'specinterface_ln0' <Predicate = true> <Delay = 0.00>
ST_2 : Operation 84 [1/1] (0.00ns)   --->   "%specinterface_ln0 = specinterface void @_ssdm_op_SpecInterface, i8 %output_stream, void @empty_1, i32 0, i32 0, void @empty_6, i32 0, i32 0, void @empty_6, void @empty_6, void @empty_6, i32 0, i32 0, i32 0, i32 0, void @empty_6, void @empty_6"   --->   Operation 84 'specinterface' 'specinterface_ln0' <Predicate = true> <Delay = 0.00>
ST_2 : Operation 85 [1/1] (0.00ns)   --->   "%specinterface_ln0 = specinterface void @_ssdm_op_SpecInterface, i128 %p1, void @empty_8, i32 0, i32 0, void @empty_6, i32 64, i32 129600, void @empty_17, void @empty_16, void @empty_6, i32 16, i32 16, i32 16, i32 16, void @empty_6, void @empty_6"   --->   Operation 85 'specinterface' 'specinterface_ln0' <Predicate = true> <Delay = 0.00>
ST_2 : Operation 86 [1/1] (0.00ns)   --->   "%sext_ln314 = sext i60 %trunc_ln" [Filter.cpp:314->Filter.cpp:318]   --->   Operation 86 'sext' 'sext_ln314' <Predicate = true> <Delay = 0.00>
ST_2 : Operation 87 [1/1] (0.00ns)   --->   "%p1_addr = getelementptr i128 %p1, i64 %sext_ln314" [Filter.cpp:314->Filter.cpp:318]   --->   Operation 87 'getelementptr' 'p1_addr' <Predicate = true> <Delay = 0.00>
ST_2 : Operation 88 [1/1] (4.86ns)   --->   "%empty = writereq i1 @_ssdm_op_WriteReq.m_axi.p1i128, i128 %p1_addr, i32 7821" [Filter.cpp:314->Filter.cpp:318]   --->   Operation 88 'writereq' 'empty' <Predicate = true> <Delay = 4.86> <CoreInst = "m_axi">   --->   Core 121 'm_axi' <Latency = 6> <II = 1> <Delay = 1.00> <Adapter> <Opcode : 'read' 'write' 'readreq' 'writereq' 'writeresp'>
ST_2 : Operation 89 [1/1] (0.48ns)   --->   "%br_ln314 = br void" [Filter.cpp:314->Filter.cpp:318]   --->   Operation 89 'br' 'br_ln314' <Predicate = true> <Delay = 0.48>

State 3 <SV = 2> <Delay = 1.02>
ST_3 : Operation 90 [1/1] (0.00ns)   --->   "%Y = phi i17 %add_ln314, void %.split._crit_edge.i.i, i17 0, void %entry" [Filter.cpp:314->Filter.cpp:318]   --->   Operation 90 'phi' 'Y' <Predicate = true> <Delay = 0.00>
ST_3 : Operation 91 [1/1] (0.00ns)   --->   "%phi_ln315 = phi i120 %select_ln315, void %.split._crit_edge.i.i, i120 0, void %entry" [Filter.cpp:315->Filter.cpp:318]   --->   Operation 91 'phi' 'phi_ln315' <Predicate = true> <Delay = 0.00>
ST_3 : Operation 92 [1/1] (1.02ns)   --->   "%add_ln314 = add i17 %Y, i17 1" [Filter.cpp:314->Filter.cpp:318]   --->   Operation 92 'add' 'add_ln314' <Predicate = true> <Delay = 1.02> <CoreInst = "Adder">   --->   Core 1 'Adder' <Latency = 0> <II = 1> <Delay = 1.02> <FuncUnit> <Opcode : 'add' 'sub'> <InPorts = 2> <OutPorts = 1>
ST_3 : Operation 93 [1/1] (0.00ns)   --->   "%specpipeline_ln0 = specpipeline void @_ssdm_op_SpecPipeline, i32 4294967295, i32 0, i32 1, i32 0, void @p_str"   --->   Operation 93 'specpipeline' 'specpipeline_ln0' <Predicate = true> <Delay = 0.00>
ST_3 : Operation 94 [1/1] (0.88ns)   --->   "%icmp_ln314 = icmp_eq  i17 %Y, i17 125136" [Filter.cpp:314->Filter.cpp:318]   --->   Operation 94 'icmp' 'icmp_ln314' <Predicate = true> <Delay = 0.88> <CoreInst = "Cmp">   --->   Core 9 'Cmp' <Latency = 0> <II = 1> <Delay = 0.88> <FuncUnit> <Opcode : 'icmp'> <InPorts = 2> <OutPorts = 1>
ST_3 : Operation 95 [1/1] (0.00ns)   --->   "%empty_31 = speclooptripcount i32 @_ssdm_op_SpecLoopTripCount, i64 125136, i64 125136, i64 125136"   --->   Operation 95 'speclooptripcount' 'empty_31' <Predicate = true> <Delay = 0.00>
ST_3 : Operation 96 [1/1] (0.00ns)   --->   "%br_ln314 = br i1 %icmp_ln314, void %.split.i.i, void %.exit" [Filter.cpp:314->Filter.cpp:318]   --->   Operation 96 'br' 'br_ln314' <Predicate = true> <Delay = 0.00>
ST_3 : Operation 97 [1/1] (0.00ns)   --->   "%empty_32 = trunc i17 %Y" [Filter.cpp:314->Filter.cpp:318]   --->   Operation 97 'trunc' 'empty_32' <Predicate = (!icmp_ln314)> <Delay = 0.00>
ST_3 : Operation 98 [1/1] (0.88ns)   --->   "%icmp_ln315 = icmp_eq  i4 %empty_32, i4 15" [Filter.cpp:315->Filter.cpp:318]   --->   Operation 98 'icmp' 'icmp_ln315' <Predicate = (!icmp_ln314)> <Delay = 0.88> <CoreInst = "Cmp">   --->   Core 9 'Cmp' <Latency = 0> <II = 1> <Delay = 0.88> <FuncUnit> <Opcode : 'icmp'> <InPorts = 2> <OutPorts = 1>
ST_3 : Operation 99 [1/1] (0.00ns)   --->   "%br_ln315 = br i1 %icmp_ln315, void %.split._crit_edge.i.i, void" [Filter.cpp:315->Filter.cpp:318]   --->   Operation 99 'br' 'br_ln315' <Predicate = (!icmp_ln314)> <Delay = 0.00>

State 4 <SV = 3> <Delay = 2.64>
ST_4 : Operation 100 [1/1] (0.00ns)   --->   "%specloopname_ln0 = specloopname void @_ssdm_op_SpecLoopName, void @empty_15" [/tools/Xilinx/Vitis_HLS/2020.2/common/technology/autopilot/hls_stream_39.h:0]   --->   Operation 100 'specloopname' 'specloopname_ln0' <Predicate = (!icmp_ln314)> <Delay = 0.00>
ST_4 : Operation 101 [1/1] (2.16ns)   --->   "%tmp = read i8 @_ssdm_op_Read.ap_fifo.volatile.i8P0A, i8 %output_stream" [/tools/Xilinx/Vitis_HLS/2020.2/common/technology/autopilot/hls_stream_39.h:145]   --->   Operation 101 'read' 'tmp' <Predicate = (!icmp_ln314)> <Delay = 2.16> <CoreInst = "FIFO_SRL">   --->   Core 81 'FIFO_SRL' <Latency = 0> <II = 1> <Delay = 2.16> <Storage> <Opcode : 'read' 'write' 'nbread' 'nbwrite'> <Ports = 0> <Width = 8> <Depth = 2> <FIFO>
ST_4 : Operation 102 [1/1] (0.00ns)   --->   "%or_ln = bitconcatenate i128 @_ssdm_op_BitConcatenate.i128.i8.i120, i8 %tmp, i120 %phi_ln315" [Filter.cpp:315->Filter.cpp:318]   --->   Operation 102 'bitconcatenate' 'or_ln' <Predicate = (!icmp_ln314)> <Delay = 0.00>
ST_4 : Operation 103 [1/1] (0.00ns)   --->   "%tmp_1 = partselect i112 @_ssdm_op_PartSelect.i112.i120.i32.i32, i120 %phi_ln315, i32 8, i32 119" [Filter.cpp:315->Filter.cpp:318]   --->   Operation 103 'partselect' 'tmp_1' <Predicate = (!icmp_ln314 & !icmp_ln315)> <Delay = 0.00>
ST_4 : Operation 104 [1/1] (0.00ns)   --->   "%tmp_2 = bitconcatenate i120 @_ssdm_op_BitConcatenate.i120.i8.i112, i8 %tmp, i112 %tmp_1" [/tools/Xilinx/Vitis_HLS/2020.2/common/technology/autopilot/hls_stream_39.h:145]   --->   Operation 104 'bitconcatenate' 'tmp_2' <Predicate = (!icmp_ln314 & !icmp_ln315)> <Delay = 0.00>
ST_4 : Operation 105 [1/1] (0.48ns)   --->   "%select_ln315 = select i1 %icmp_ln315, i120 0, i120 %tmp_2" [Filter.cpp:315->Filter.cpp:318]   --->   Operation 105 'select' 'select_ln315' <Predicate = (!icmp_ln314)> <Delay = 0.48> <CoreInst = "Sel">   --->   Core 73 'Sel' <Latency = 0> <II = 1> <Delay = 0.48> <FuncUnit> <Opcode : 'select'> <InPorts = 3> <OutPorts = 1>
ST_4 : Operation 106 [1/1] (0.00ns)   --->   "%br_ln0 = br void"   --->   Operation 106 'br' 'br_ln0' <Predicate = (!icmp_ln314)> <Delay = 0.00>

State 5 <SV = 4> <Delay = 4.86>
ST_5 : Operation 107 [1/1] (4.86ns)   --->   "%write_ln315 = write void @_ssdm_op_Write.m_axi.p1i128, i128 %p1_addr, i128 %or_ln, i16 65535" [Filter.cpp:315->Filter.cpp:318]   --->   Operation 107 'write' 'write_ln315' <Predicate = (icmp_ln315)> <Delay = 4.86> <CoreInst = "m_axi">   --->   Core 121 'm_axi' <Latency = 5> <II = 1> <Delay = 1.00> <Adapter> <Opcode : 'read' 'write' 'readreq' 'writereq' 'writeresp'>
ST_5 : Operation 108 [1/1] (0.00ns)   --->   "%br_ln315 = br void %.split._crit_edge.i.i" [Filter.cpp:315->Filter.cpp:318]   --->   Operation 108 'br' 'br_ln315' <Predicate = (icmp_ln315)> <Delay = 0.00>

State 6 <SV = 3> <Delay = 4.86>
ST_6 : Operation 109 [68/68] (4.86ns)   --->   "%empty_33 = writeresp i1 @_ssdm_op_WriteResp.m_axi.p1i128, i128 %p1_addr" [Filter.cpp:316->Filter.cpp:318]   --->   Operation 109 'writeresp' 'empty_33' <Predicate = true> <Delay = 4.86> <CoreInst = "m_axi">   --->   Core 121 'm_axi' <Latency = 6> <II = 1> <Delay = 1.00> <Adapter> <Opcode : 'read' 'write' 'readreq' 'writereq' 'writeresp'>

State 7 <SV = 4> <Delay = 4.86>
ST_7 : Operation 110 [67/68] (4.86ns)   --->   "%empty_33 = writeresp i1 @_ssdm_op_WriteResp.m_axi.p1i128, i128 %p1_addr" [Filter.cpp:316->Filter.cpp:318]   --->   Operation 110 'writeresp' 'empty_33' <Predicate = true> <Delay = 4.86> <CoreInst = "m_axi">   --->   Core 121 'm_axi' <Latency = 6> <II = 1> <Delay = 1.00> <Adapter> <Opcode : 'read' 'write' 'readreq' 'writereq' 'writeresp'>

State 8 <SV = 5> <Delay = 4.86>
ST_8 : Operation 111 [66/68] (4.86ns)   --->   "%empty_33 = writeresp i1 @_ssdm_op_WriteResp.m_axi.p1i128, i128 %p1_addr" [Filter.cpp:316->Filter.cpp:318]   --->   Operation 111 'writeresp' 'empty_33' <Predicate = true> <Delay = 4.86> <CoreInst = "m_axi">   --->   Core 121 'm_axi' <Latency = 6> <II = 1> <Delay = 1.00> <Adapter> <Opcode : 'read' 'write' 'readreq' 'writereq' 'writeresp'>

State 9 <SV = 6> <Delay = 4.86>
ST_9 : Operation 112 [65/68] (4.86ns)   --->   "%empty_33 = writeresp i1 @_ssdm_op_WriteResp.m_axi.p1i128, i128 %p1_addr" [Filter.cpp:316->Filter.cpp:318]   --->   Operation 112 'writeresp' 'empty_33' <Predicate = true> <Delay = 4.86> <CoreInst = "m_axi">   --->   Core 121 'm_axi' <Latency = 6> <II = 1> <Delay = 1.00> <Adapter> <Opcode : 'read' 'write' 'readreq' 'writereq' 'writeresp'>

State 10 <SV = 7> <Delay = 4.86>
ST_10 : Operation 113 [64/68] (4.86ns)   --->   "%empty_33 = writeresp i1 @_ssdm_op_WriteResp.m_axi.p1i128, i128 %p1_addr" [Filter.cpp:316->Filter.cpp:318]   --->   Operation 113 'writeresp' 'empty_33' <Predicate = true> <Delay = 4.86> <CoreInst = "m_axi">   --->   Core 121 'm_axi' <Latency = 6> <II = 1> <Delay = 1.00> <Adapter> <Opcode : 'read' 'write' 'readreq' 'writereq' 'writeresp'>

State 11 <SV = 8> <Delay = 4.86>
ST_11 : Operation 114 [63/68] (4.86ns)   --->   "%empty_33 = writeresp i1 @_ssdm_op_WriteResp.m_axi.p1i128, i128 %p1_addr" [Filter.cpp:316->Filter.cpp:318]   --->   Operation 114 'writeresp' 'empty_33' <Predicate = true> <Delay = 4.86> <CoreInst = "m_axi">   --->   Core 121 'm_axi' <Latency = 6> <II = 1> <Delay = 1.00> <Adapter> <Opcode : 'read' 'write' 'readreq' 'writereq' 'writeresp'>

State 12 <SV = 9> <Delay = 4.86>
ST_12 : Operation 115 [62/68] (4.86ns)   --->   "%empty_33 = writeresp i1 @_ssdm_op_WriteResp.m_axi.p1i128, i128 %p1_addr" [Filter.cpp:316->Filter.cpp:318]   --->   Operation 115 'writeresp' 'empty_33' <Predicate = true> <Delay = 4.86> <CoreInst = "m_axi">   --->   Core 121 'm_axi' <Latency = 6> <II = 1> <Delay = 1.00> <Adapter> <Opcode : 'read' 'write' 'readreq' 'writereq' 'writeresp'>

State 13 <SV = 10> <Delay = 4.86>
ST_13 : Operation 116 [61/68] (4.86ns)   --->   "%empty_33 = writeresp i1 @_ssdm_op_WriteResp.m_axi.p1i128, i128 %p1_addr" [Filter.cpp:316->Filter.cpp:318]   --->   Operation 116 'writeresp' 'empty_33' <Predicate = true> <Delay = 4.86> <CoreInst = "m_axi">   --->   Core 121 'm_axi' <Latency = 6> <II = 1> <Delay = 1.00> <Adapter> <Opcode : 'read' 'write' 'readreq' 'writereq' 'writeresp'>

State 14 <SV = 11> <Delay = 4.86>
ST_14 : Operation 117 [60/68] (4.86ns)   --->   "%empty_33 = writeresp i1 @_ssdm_op_WriteResp.m_axi.p1i128, i128 %p1_addr" [Filter.cpp:316->Filter.cpp:318]   --->   Operation 117 'writeresp' 'empty_33' <Predicate = true> <Delay = 4.86> <CoreInst = "m_axi">   --->   Core 121 'm_axi' <Latency = 6> <II = 1> <Delay = 1.00> <Adapter> <Opcode : 'read' 'write' 'readreq' 'writereq' 'writeresp'>

State 15 <SV = 12> <Delay = 4.86>
ST_15 : Operation 118 [59/68] (4.86ns)   --->   "%empty_33 = writeresp i1 @_ssdm_op_WriteResp.m_axi.p1i128, i128 %p1_addr" [Filter.cpp:316->Filter.cpp:318]   --->   Operation 118 'writeresp' 'empty_33' <Predicate = true> <Delay = 4.86> <CoreInst = "m_axi">   --->   Core 121 'm_axi' <Latency = 6> <II = 1> <Delay = 1.00> <Adapter> <Opcode : 'read' 'write' 'readreq' 'writereq' 'writeresp'>

State 16 <SV = 13> <Delay = 4.86>
ST_16 : Operation 119 [58/68] (4.86ns)   --->   "%empty_33 = writeresp i1 @_ssdm_op_WriteResp.m_axi.p1i128, i128 %p1_addr" [Filter.cpp:316->Filter.cpp:318]   --->   Operation 119 'writeresp' 'empty_33' <Predicate = true> <Delay = 4.86> <CoreInst = "m_axi">   --->   Core 121 'm_axi' <Latency = 6> <II = 1> <Delay = 1.00> <Adapter> <Opcode : 'read' 'write' 'readreq' 'writereq' 'writeresp'>

State 17 <SV = 14> <Delay = 4.86>
ST_17 : Operation 120 [57/68] (4.86ns)   --->   "%empty_33 = writeresp i1 @_ssdm_op_WriteResp.m_axi.p1i128, i128 %p1_addr" [Filter.cpp:316->Filter.cpp:318]   --->   Operation 120 'writeresp' 'empty_33' <Predicate = true> <Delay = 4.86> <CoreInst = "m_axi">   --->   Core 121 'm_axi' <Latency = 6> <II = 1> <Delay = 1.00> <Adapter> <Opcode : 'read' 'write' 'readreq' 'writereq' 'writeresp'>

State 18 <SV = 15> <Delay = 4.86>
ST_18 : Operation 121 [56/68] (4.86ns)   --->   "%empty_33 = writeresp i1 @_ssdm_op_WriteResp.m_axi.p1i128, i128 %p1_addr" [Filter.cpp:316->Filter.cpp:318]   --->   Operation 121 'writeresp' 'empty_33' <Predicate = true> <Delay = 4.86> <CoreInst = "m_axi">   --->   Core 121 'm_axi' <Latency = 6> <II = 1> <Delay = 1.00> <Adapter> <Opcode : 'read' 'write' 'readreq' 'writereq' 'writeresp'>

State 19 <SV = 16> <Delay = 4.86>
ST_19 : Operation 122 [55/68] (4.86ns)   --->   "%empty_33 = writeresp i1 @_ssdm_op_WriteResp.m_axi.p1i128, i128 %p1_addr" [Filter.cpp:316->Filter.cpp:318]   --->   Operation 122 'writeresp' 'empty_33' <Predicate = true> <Delay = 4.86> <CoreInst = "m_axi">   --->   Core 121 'm_axi' <Latency = 6> <II = 1> <Delay = 1.00> <Adapter> <Opcode : 'read' 'write' 'readreq' 'writereq' 'writeresp'>

State 20 <SV = 17> <Delay = 4.86>
ST_20 : Operation 123 [54/68] (4.86ns)   --->   "%empty_33 = writeresp i1 @_ssdm_op_WriteResp.m_axi.p1i128, i128 %p1_addr" [Filter.cpp:316->Filter.cpp:318]   --->   Operation 123 'writeresp' 'empty_33' <Predicate = true> <Delay = 4.86> <CoreInst = "m_axi">   --->   Core 121 'm_axi' <Latency = 6> <II = 1> <Delay = 1.00> <Adapter> <Opcode : 'read' 'write' 'readreq' 'writereq' 'writeresp'>

State 21 <SV = 18> <Delay = 4.86>
ST_21 : Operation 124 [53/68] (4.86ns)   --->   "%empty_33 = writeresp i1 @_ssdm_op_WriteResp.m_axi.p1i128, i128 %p1_addr" [Filter.cpp:316->Filter.cpp:318]   --->   Operation 124 'writeresp' 'empty_33' <Predicate = true> <Delay = 4.86> <CoreInst = "m_axi">   --->   Core 121 'm_axi' <Latency = 6> <II = 1> <Delay = 1.00> <Adapter> <Opcode : 'read' 'write' 'readreq' 'writereq' 'writeresp'>

State 22 <SV = 19> <Delay = 4.86>
ST_22 : Operation 125 [52/68] (4.86ns)   --->   "%empty_33 = writeresp i1 @_ssdm_op_WriteResp.m_axi.p1i128, i128 %p1_addr" [Filter.cpp:316->Filter.cpp:318]   --->   Operation 125 'writeresp' 'empty_33' <Predicate = true> <Delay = 4.86> <CoreInst = "m_axi">   --->   Core 121 'm_axi' <Latency = 6> <II = 1> <Delay = 1.00> <Adapter> <Opcode : 'read' 'write' 'readreq' 'writereq' 'writeresp'>

State 23 <SV = 20> <Delay = 4.86>
ST_23 : Operation 126 [51/68] (4.86ns)   --->   "%empty_33 = writeresp i1 @_ssdm_op_WriteResp.m_axi.p1i128, i128 %p1_addr" [Filter.cpp:316->Filter.cpp:318]   --->   Operation 126 'writeresp' 'empty_33' <Predicate = true> <Delay = 4.86> <CoreInst = "m_axi">   --->   Core 121 'm_axi' <Latency = 6> <II = 1> <Delay = 1.00> <Adapter> <Opcode : 'read' 'write' 'readreq' 'writereq' 'writeresp'>

State 24 <SV = 21> <Delay = 4.86>
ST_24 : Operation 127 [50/68] (4.86ns)   --->   "%empty_33 = writeresp i1 @_ssdm_op_WriteResp.m_axi.p1i128, i128 %p1_addr" [Filter.cpp:316->Filter.cpp:318]   --->   Operation 127 'writeresp' 'empty_33' <Predicate = true> <Delay = 4.86> <CoreInst = "m_axi">   --->   Core 121 'm_axi' <Latency = 6> <II = 1> <Delay = 1.00> <Adapter> <Opcode : 'read' 'write' 'readreq' 'writereq' 'writeresp'>

State 25 <SV = 22> <Delay = 4.86>
ST_25 : Operation 128 [49/68] (4.86ns)   --->   "%empty_33 = writeresp i1 @_ssdm_op_WriteResp.m_axi.p1i128, i128 %p1_addr" [Filter.cpp:316->Filter.cpp:318]   --->   Operation 128 'writeresp' 'empty_33' <Predicate = true> <Delay = 4.86> <CoreInst = "m_axi">   --->   Core 121 'm_axi' <Latency = 6> <II = 1> <Delay = 1.00> <Adapter> <Opcode : 'read' 'write' 'readreq' 'writereq' 'writeresp'>

State 26 <SV = 23> <Delay = 4.86>
ST_26 : Operation 129 [48/68] (4.86ns)   --->   "%empty_33 = writeresp i1 @_ssdm_op_WriteResp.m_axi.p1i128, i128 %p1_addr" [Filter.cpp:316->Filter.cpp:318]   --->   Operation 129 'writeresp' 'empty_33' <Predicate = true> <Delay = 4.86> <CoreInst = "m_axi">   --->   Core 121 'm_axi' <Latency = 6> <II = 1> <Delay = 1.00> <Adapter> <Opcode : 'read' 'write' 'readreq' 'writereq' 'writeresp'>

State 27 <SV = 24> <Delay = 4.86>
ST_27 : Operation 130 [47/68] (4.86ns)   --->   "%empty_33 = writeresp i1 @_ssdm_op_WriteResp.m_axi.p1i128, i128 %p1_addr" [Filter.cpp:316->Filter.cpp:318]   --->   Operation 130 'writeresp' 'empty_33' <Predicate = true> <Delay = 4.86> <CoreInst = "m_axi">   --->   Core 121 'm_axi' <Latency = 6> <II = 1> <Delay = 1.00> <Adapter> <Opcode : 'read' 'write' 'readreq' 'writereq' 'writeresp'>

State 28 <SV = 25> <Delay = 4.86>
ST_28 : Operation 131 [46/68] (4.86ns)   --->   "%empty_33 = writeresp i1 @_ssdm_op_WriteResp.m_axi.p1i128, i128 %p1_addr" [Filter.cpp:316->Filter.cpp:318]   --->   Operation 131 'writeresp' 'empty_33' <Predicate = true> <Delay = 4.86> <CoreInst = "m_axi">   --->   Core 121 'm_axi' <Latency = 6> <II = 1> <Delay = 1.00> <Adapter> <Opcode : 'read' 'write' 'readreq' 'writereq' 'writeresp'>

State 29 <SV = 26> <Delay = 4.86>
ST_29 : Operation 132 [45/68] (4.86ns)   --->   "%empty_33 = writeresp i1 @_ssdm_op_WriteResp.m_axi.p1i128, i128 %p1_addr" [Filter.cpp:316->Filter.cpp:318]   --->   Operation 132 'writeresp' 'empty_33' <Predicate = true> <Delay = 4.86> <CoreInst = "m_axi">   --->   Core 121 'm_axi' <Latency = 6> <II = 1> <Delay = 1.00> <Adapter> <Opcode : 'read' 'write' 'readreq' 'writereq' 'writeresp'>

State 30 <SV = 27> <Delay = 4.86>
ST_30 : Operation 133 [44/68] (4.86ns)   --->   "%empty_33 = writeresp i1 @_ssdm_op_WriteResp.m_axi.p1i128, i128 %p1_addr" [Filter.cpp:316->Filter.cpp:318]   --->   Operation 133 'writeresp' 'empty_33' <Predicate = true> <Delay = 4.86> <CoreInst = "m_axi">   --->   Core 121 'm_axi' <Latency = 6> <II = 1> <Delay = 1.00> <Adapter> <Opcode : 'read' 'write' 'readreq' 'writereq' 'writeresp'>

State 31 <SV = 28> <Delay = 4.86>
ST_31 : Operation 134 [43/68] (4.86ns)   --->   "%empty_33 = writeresp i1 @_ssdm_op_WriteResp.m_axi.p1i128, i128 %p1_addr" [Filter.cpp:316->Filter.cpp:318]   --->   Operation 134 'writeresp' 'empty_33' <Predicate = true> <Delay = 4.86> <CoreInst = "m_axi">   --->   Core 121 'm_axi' <Latency = 6> <II = 1> <Delay = 1.00> <Adapter> <Opcode : 'read' 'write' 'readreq' 'writereq' 'writeresp'>

State 32 <SV = 29> <Delay = 4.86>
ST_32 : Operation 135 [42/68] (4.86ns)   --->   "%empty_33 = writeresp i1 @_ssdm_op_WriteResp.m_axi.p1i128, i128 %p1_addr" [Filter.cpp:316->Filter.cpp:318]   --->   Operation 135 'writeresp' 'empty_33' <Predicate = true> <Delay = 4.86> <CoreInst = "m_axi">   --->   Core 121 'm_axi' <Latency = 6> <II = 1> <Delay = 1.00> <Adapter> <Opcode : 'read' 'write' 'readreq' 'writereq' 'writeresp'>

State 33 <SV = 30> <Delay = 4.86>
ST_33 : Operation 136 [41/68] (4.86ns)   --->   "%empty_33 = writeresp i1 @_ssdm_op_WriteResp.m_axi.p1i128, i128 %p1_addr" [Filter.cpp:316->Filter.cpp:318]   --->   Operation 136 'writeresp' 'empty_33' <Predicate = true> <Delay = 4.86> <CoreInst = "m_axi">   --->   Core 121 'm_axi' <Latency = 6> <II = 1> <Delay = 1.00> <Adapter> <Opcode : 'read' 'write' 'readreq' 'writereq' 'writeresp'>

State 34 <SV = 31> <Delay = 4.86>
ST_34 : Operation 137 [40/68] (4.86ns)   --->   "%empty_33 = writeresp i1 @_ssdm_op_WriteResp.m_axi.p1i128, i128 %p1_addr" [Filter.cpp:316->Filter.cpp:318]   --->   Operation 137 'writeresp' 'empty_33' <Predicate = true> <Delay = 4.86> <CoreInst = "m_axi">   --->   Core 121 'm_axi' <Latency = 6> <II = 1> <Delay = 1.00> <Adapter> <Opcode : 'read' 'write' 'readreq' 'writereq' 'writeresp'>

State 35 <SV = 32> <Delay = 4.86>
ST_35 : Operation 138 [39/68] (4.86ns)   --->   "%empty_33 = writeresp i1 @_ssdm_op_WriteResp.m_axi.p1i128, i128 %p1_addr" [Filter.cpp:316->Filter.cpp:318]   --->   Operation 138 'writeresp' 'empty_33' <Predicate = true> <Delay = 4.86> <CoreInst = "m_axi">   --->   Core 121 'm_axi' <Latency = 6> <II = 1> <Delay = 1.00> <Adapter> <Opcode : 'read' 'write' 'readreq' 'writereq' 'writeresp'>

State 36 <SV = 33> <Delay = 4.86>
ST_36 : Operation 139 [38/68] (4.86ns)   --->   "%empty_33 = writeresp i1 @_ssdm_op_WriteResp.m_axi.p1i128, i128 %p1_addr" [Filter.cpp:316->Filter.cpp:318]   --->   Operation 139 'writeresp' 'empty_33' <Predicate = true> <Delay = 4.86> <CoreInst = "m_axi">   --->   Core 121 'm_axi' <Latency = 6> <II = 1> <Delay = 1.00> <Adapter> <Opcode : 'read' 'write' 'readreq' 'writereq' 'writeresp'>

State 37 <SV = 34> <Delay = 4.86>
ST_37 : Operation 140 [37/68] (4.86ns)   --->   "%empty_33 = writeresp i1 @_ssdm_op_WriteResp.m_axi.p1i128, i128 %p1_addr" [Filter.cpp:316->Filter.cpp:318]   --->   Operation 140 'writeresp' 'empty_33' <Predicate = true> <Delay = 4.86> <CoreInst = "m_axi">   --->   Core 121 'm_axi' <Latency = 6> <II = 1> <Delay = 1.00> <Adapter> <Opcode : 'read' 'write' 'readreq' 'writereq' 'writeresp'>

State 38 <SV = 35> <Delay = 4.86>
ST_38 : Operation 141 [36/68] (4.86ns)   --->   "%empty_33 = writeresp i1 @_ssdm_op_WriteResp.m_axi.p1i128, i128 %p1_addr" [Filter.cpp:316->Filter.cpp:318]   --->   Operation 141 'writeresp' 'empty_33' <Predicate = true> <Delay = 4.86> <CoreInst = "m_axi">   --->   Core 121 'm_axi' <Latency = 6> <II = 1> <Delay = 1.00> <Adapter> <Opcode : 'read' 'write' 'readreq' 'writereq' 'writeresp'>

State 39 <SV = 36> <Delay = 4.86>
ST_39 : Operation 142 [35/68] (4.86ns)   --->   "%empty_33 = writeresp i1 @_ssdm_op_WriteResp.m_axi.p1i128, i128 %p1_addr" [Filter.cpp:316->Filter.cpp:318]   --->   Operation 142 'writeresp' 'empty_33' <Predicate = true> <Delay = 4.86> <CoreInst = "m_axi">   --->   Core 121 'm_axi' <Latency = 6> <II = 1> <Delay = 1.00> <Adapter> <Opcode : 'read' 'write' 'readreq' 'writereq' 'writeresp'>

State 40 <SV = 37> <Delay = 4.86>
ST_40 : Operation 143 [34/68] (4.86ns)   --->   "%empty_33 = writeresp i1 @_ssdm_op_WriteResp.m_axi.p1i128, i128 %p1_addr" [Filter.cpp:316->Filter.cpp:318]   --->   Operation 143 'writeresp' 'empty_33' <Predicate = true> <Delay = 4.86> <CoreInst = "m_axi">   --->   Core 121 'm_axi' <Latency = 6> <II = 1> <Delay = 1.00> <Adapter> <Opcode : 'read' 'write' 'readreq' 'writereq' 'writeresp'>

State 41 <SV = 38> <Delay = 4.86>
ST_41 : Operation 144 [33/68] (4.86ns)   --->   "%empty_33 = writeresp i1 @_ssdm_op_WriteResp.m_axi.p1i128, i128 %p1_addr" [Filter.cpp:316->Filter.cpp:318]   --->   Operation 144 'writeresp' 'empty_33' <Predicate = true> <Delay = 4.86> <CoreInst = "m_axi">   --->   Core 121 'm_axi' <Latency = 6> <II = 1> <Delay = 1.00> <Adapter> <Opcode : 'read' 'write' 'readreq' 'writereq' 'writeresp'>

State 42 <SV = 39> <Delay = 4.86>
ST_42 : Operation 145 [32/68] (4.86ns)   --->   "%empty_33 = writeresp i1 @_ssdm_op_WriteResp.m_axi.p1i128, i128 %p1_addr" [Filter.cpp:316->Filter.cpp:318]   --->   Operation 145 'writeresp' 'empty_33' <Predicate = true> <Delay = 4.86> <CoreInst = "m_axi">   --->   Core 121 'm_axi' <Latency = 6> <II = 1> <Delay = 1.00> <Adapter> <Opcode : 'read' 'write' 'readreq' 'writereq' 'writeresp'>

State 43 <SV = 40> <Delay = 4.86>
ST_43 : Operation 146 [31/68] (4.86ns)   --->   "%empty_33 = writeresp i1 @_ssdm_op_WriteResp.m_axi.p1i128, i128 %p1_addr" [Filter.cpp:316->Filter.cpp:318]   --->   Operation 146 'writeresp' 'empty_33' <Predicate = true> <Delay = 4.86> <CoreInst = "m_axi">   --->   Core 121 'm_axi' <Latency = 6> <II = 1> <Delay = 1.00> <Adapter> <Opcode : 'read' 'write' 'readreq' 'writereq' 'writeresp'>

State 44 <SV = 41> <Delay = 4.86>
ST_44 : Operation 147 [30/68] (4.86ns)   --->   "%empty_33 = writeresp i1 @_ssdm_op_WriteResp.m_axi.p1i128, i128 %p1_addr" [Filter.cpp:316->Filter.cpp:318]   --->   Operation 147 'writeresp' 'empty_33' <Predicate = true> <Delay = 4.86> <CoreInst = "m_axi">   --->   Core 121 'm_axi' <Latency = 6> <II = 1> <Delay = 1.00> <Adapter> <Opcode : 'read' 'write' 'readreq' 'writereq' 'writeresp'>

State 45 <SV = 42> <Delay = 4.86>
ST_45 : Operation 148 [29/68] (4.86ns)   --->   "%empty_33 = writeresp i1 @_ssdm_op_WriteResp.m_axi.p1i128, i128 %p1_addr" [Filter.cpp:316->Filter.cpp:318]   --->   Operation 148 'writeresp' 'empty_33' <Predicate = true> <Delay = 4.86> <CoreInst = "m_axi">   --->   Core 121 'm_axi' <Latency = 6> <II = 1> <Delay = 1.00> <Adapter> <Opcode : 'read' 'write' 'readreq' 'writereq' 'writeresp'>

State 46 <SV = 43> <Delay = 4.86>
ST_46 : Operation 149 [28/68] (4.86ns)   --->   "%empty_33 = writeresp i1 @_ssdm_op_WriteResp.m_axi.p1i128, i128 %p1_addr" [Filter.cpp:316->Filter.cpp:318]   --->   Operation 149 'writeresp' 'empty_33' <Predicate = true> <Delay = 4.86> <CoreInst = "m_axi">   --->   Core 121 'm_axi' <Latency = 6> <II = 1> <Delay = 1.00> <Adapter> <Opcode : 'read' 'write' 'readreq' 'writereq' 'writeresp'>

State 47 <SV = 44> <Delay = 4.86>
ST_47 : Operation 150 [27/68] (4.86ns)   --->   "%empty_33 = writeresp i1 @_ssdm_op_WriteResp.m_axi.p1i128, i128 %p1_addr" [Filter.cpp:316->Filter.cpp:318]   --->   Operation 150 'writeresp' 'empty_33' <Predicate = true> <Delay = 4.86> <CoreInst = "m_axi">   --->   Core 121 'm_axi' <Latency = 6> <II = 1> <Delay = 1.00> <Adapter> <Opcode : 'read' 'write' 'readreq' 'writereq' 'writeresp'>

State 48 <SV = 45> <Delay = 4.86>
ST_48 : Operation 151 [26/68] (4.86ns)   --->   "%empty_33 = writeresp i1 @_ssdm_op_WriteResp.m_axi.p1i128, i128 %p1_addr" [Filter.cpp:316->Filter.cpp:318]   --->   Operation 151 'writeresp' 'empty_33' <Predicate = true> <Delay = 4.86> <CoreInst = "m_axi">   --->   Core 121 'm_axi' <Latency = 6> <II = 1> <Delay = 1.00> <Adapter> <Opcode : 'read' 'write' 'readreq' 'writereq' 'writeresp'>

State 49 <SV = 46> <Delay = 4.86>
ST_49 : Operation 152 [25/68] (4.86ns)   --->   "%empty_33 = writeresp i1 @_ssdm_op_WriteResp.m_axi.p1i128, i128 %p1_addr" [Filter.cpp:316->Filter.cpp:318]   --->   Operation 152 'writeresp' 'empty_33' <Predicate = true> <Delay = 4.86> <CoreInst = "m_axi">   --->   Core 121 'm_axi' <Latency = 6> <II = 1> <Delay = 1.00> <Adapter> <Opcode : 'read' 'write' 'readreq' 'writereq' 'writeresp'>

State 50 <SV = 47> <Delay = 4.86>
ST_50 : Operation 153 [24/68] (4.86ns)   --->   "%empty_33 = writeresp i1 @_ssdm_op_WriteResp.m_axi.p1i128, i128 %p1_addr" [Filter.cpp:316->Filter.cpp:318]   --->   Operation 153 'writeresp' 'empty_33' <Predicate = true> <Delay = 4.86> <CoreInst = "m_axi">   --->   Core 121 'm_axi' <Latency = 6> <II = 1> <Delay = 1.00> <Adapter> <Opcode : 'read' 'write' 'readreq' 'writereq' 'writeresp'>

State 51 <SV = 48> <Delay = 4.86>
ST_51 : Operation 154 [23/68] (4.86ns)   --->   "%empty_33 = writeresp i1 @_ssdm_op_WriteResp.m_axi.p1i128, i128 %p1_addr" [Filter.cpp:316->Filter.cpp:318]   --->   Operation 154 'writeresp' 'empty_33' <Predicate = true> <Delay = 4.86> <CoreInst = "m_axi">   --->   Core 121 'm_axi' <Latency = 6> <II = 1> <Delay = 1.00> <Adapter> <Opcode : 'read' 'write' 'readreq' 'writereq' 'writeresp'>

State 52 <SV = 49> <Delay = 4.86>
ST_52 : Operation 155 [22/68] (4.86ns)   --->   "%empty_33 = writeresp i1 @_ssdm_op_WriteResp.m_axi.p1i128, i128 %p1_addr" [Filter.cpp:316->Filter.cpp:318]   --->   Operation 155 'writeresp' 'empty_33' <Predicate = true> <Delay = 4.86> <CoreInst = "m_axi">   --->   Core 121 'm_axi' <Latency = 6> <II = 1> <Delay = 1.00> <Adapter> <Opcode : 'read' 'write' 'readreq' 'writereq' 'writeresp'>

State 53 <SV = 50> <Delay = 4.86>
ST_53 : Operation 156 [21/68] (4.86ns)   --->   "%empty_33 = writeresp i1 @_ssdm_op_WriteResp.m_axi.p1i128, i128 %p1_addr" [Filter.cpp:316->Filter.cpp:318]   --->   Operation 156 'writeresp' 'empty_33' <Predicate = true> <Delay = 4.86> <CoreInst = "m_axi">   --->   Core 121 'm_axi' <Latency = 6> <II = 1> <Delay = 1.00> <Adapter> <Opcode : 'read' 'write' 'readreq' 'writereq' 'writeresp'>

State 54 <SV = 51> <Delay = 4.86>
ST_54 : Operation 157 [20/68] (4.86ns)   --->   "%empty_33 = writeresp i1 @_ssdm_op_WriteResp.m_axi.p1i128, i128 %p1_addr" [Filter.cpp:316->Filter.cpp:318]   --->   Operation 157 'writeresp' 'empty_33' <Predicate = true> <Delay = 4.86> <CoreInst = "m_axi">   --->   Core 121 'm_axi' <Latency = 6> <II = 1> <Delay = 1.00> <Adapter> <Opcode : 'read' 'write' 'readreq' 'writereq' 'writeresp'>

State 55 <SV = 52> <Delay = 4.86>
ST_55 : Operation 158 [19/68] (4.86ns)   --->   "%empty_33 = writeresp i1 @_ssdm_op_WriteResp.m_axi.p1i128, i128 %p1_addr" [Filter.cpp:316->Filter.cpp:318]   --->   Operation 158 'writeresp' 'empty_33' <Predicate = true> <Delay = 4.86> <CoreInst = "m_axi">   --->   Core 121 'm_axi' <Latency = 6> <II = 1> <Delay = 1.00> <Adapter> <Opcode : 'read' 'write' 'readreq' 'writereq' 'writeresp'>

State 56 <SV = 53> <Delay = 4.86>
ST_56 : Operation 159 [18/68] (4.86ns)   --->   "%empty_33 = writeresp i1 @_ssdm_op_WriteResp.m_axi.p1i128, i128 %p1_addr" [Filter.cpp:316->Filter.cpp:318]   --->   Operation 159 'writeresp' 'empty_33' <Predicate = true> <Delay = 4.86> <CoreInst = "m_axi">   --->   Core 121 'm_axi' <Latency = 6> <II = 1> <Delay = 1.00> <Adapter> <Opcode : 'read' 'write' 'readreq' 'writereq' 'writeresp'>

State 57 <SV = 54> <Delay = 4.86>
ST_57 : Operation 160 [17/68] (4.86ns)   --->   "%empty_33 = writeresp i1 @_ssdm_op_WriteResp.m_axi.p1i128, i128 %p1_addr" [Filter.cpp:316->Filter.cpp:318]   --->   Operation 160 'writeresp' 'empty_33' <Predicate = true> <Delay = 4.86> <CoreInst = "m_axi">   --->   Core 121 'm_axi' <Latency = 6> <II = 1> <Delay = 1.00> <Adapter> <Opcode : 'read' 'write' 'readreq' 'writereq' 'writeresp'>

State 58 <SV = 55> <Delay = 4.86>
ST_58 : Operation 161 [16/68] (4.86ns)   --->   "%empty_33 = writeresp i1 @_ssdm_op_WriteResp.m_axi.p1i128, i128 %p1_addr" [Filter.cpp:316->Filter.cpp:318]   --->   Operation 161 'writeresp' 'empty_33' <Predicate = true> <Delay = 4.86> <CoreInst = "m_axi">   --->   Core 121 'm_axi' <Latency = 6> <II = 1> <Delay = 1.00> <Adapter> <Opcode : 'read' 'write' 'readreq' 'writereq' 'writeresp'>

State 59 <SV = 56> <Delay = 4.86>
ST_59 : Operation 162 [15/68] (4.86ns)   --->   "%empty_33 = writeresp i1 @_ssdm_op_WriteResp.m_axi.p1i128, i128 %p1_addr" [Filter.cpp:316->Filter.cpp:318]   --->   Operation 162 'writeresp' 'empty_33' <Predicate = true> <Delay = 4.86> <CoreInst = "m_axi">   --->   Core 121 'm_axi' <Latency = 6> <II = 1> <Delay = 1.00> <Adapter> <Opcode : 'read' 'write' 'readreq' 'writereq' 'writeresp'>

State 60 <SV = 57> <Delay = 4.86>
ST_60 : Operation 163 [14/68] (4.86ns)   --->   "%empty_33 = writeresp i1 @_ssdm_op_WriteResp.m_axi.p1i128, i128 %p1_addr" [Filter.cpp:316->Filter.cpp:318]   --->   Operation 163 'writeresp' 'empty_33' <Predicate = true> <Delay = 4.86> <CoreInst = "m_axi">   --->   Core 121 'm_axi' <Latency = 6> <II = 1> <Delay = 1.00> <Adapter> <Opcode : 'read' 'write' 'readreq' 'writereq' 'writeresp'>

State 61 <SV = 58> <Delay = 4.86>
ST_61 : Operation 164 [13/68] (4.86ns)   --->   "%empty_33 = writeresp i1 @_ssdm_op_WriteResp.m_axi.p1i128, i128 %p1_addr" [Filter.cpp:316->Filter.cpp:318]   --->   Operation 164 'writeresp' 'empty_33' <Predicate = true> <Delay = 4.86> <CoreInst = "m_axi">   --->   Core 121 'm_axi' <Latency = 6> <II = 1> <Delay = 1.00> <Adapter> <Opcode : 'read' 'write' 'readreq' 'writereq' 'writeresp'>

State 62 <SV = 59> <Delay = 4.86>
ST_62 : Operation 165 [12/68] (4.86ns)   --->   "%empty_33 = writeresp i1 @_ssdm_op_WriteResp.m_axi.p1i128, i128 %p1_addr" [Filter.cpp:316->Filter.cpp:318]   --->   Operation 165 'writeresp' 'empty_33' <Predicate = true> <Delay = 4.86> <CoreInst = "m_axi">   --->   Core 121 'm_axi' <Latency = 6> <II = 1> <Delay = 1.00> <Adapter> <Opcode : 'read' 'write' 'readreq' 'writereq' 'writeresp'>

State 63 <SV = 60> <Delay = 4.86>
ST_63 : Operation 166 [11/68] (4.86ns)   --->   "%empty_33 = writeresp i1 @_ssdm_op_WriteResp.m_axi.p1i128, i128 %p1_addr" [Filter.cpp:316->Filter.cpp:318]   --->   Operation 166 'writeresp' 'empty_33' <Predicate = true> <Delay = 4.86> <CoreInst = "m_axi">   --->   Core 121 'm_axi' <Latency = 6> <II = 1> <Delay = 1.00> <Adapter> <Opcode : 'read' 'write' 'readreq' 'writereq' 'writeresp'>

State 64 <SV = 61> <Delay = 4.86>
ST_64 : Operation 167 [10/68] (4.86ns)   --->   "%empty_33 = writeresp i1 @_ssdm_op_WriteResp.m_axi.p1i128, i128 %p1_addr" [Filter.cpp:316->Filter.cpp:318]   --->   Operation 167 'writeresp' 'empty_33' <Predicate = true> <Delay = 4.86> <CoreInst = "m_axi">   --->   Core 121 'm_axi' <Latency = 6> <II = 1> <Delay = 1.00> <Adapter> <Opcode : 'read' 'write' 'readreq' 'writereq' 'writeresp'>

State 65 <SV = 62> <Delay = 4.86>
ST_65 : Operation 168 [9/68] (4.86ns)   --->   "%empty_33 = writeresp i1 @_ssdm_op_WriteResp.m_axi.p1i128, i128 %p1_addr" [Filter.cpp:316->Filter.cpp:318]   --->   Operation 168 'writeresp' 'empty_33' <Predicate = true> <Delay = 4.86> <CoreInst = "m_axi">   --->   Core 121 'm_axi' <Latency = 6> <II = 1> <Delay = 1.00> <Adapter> <Opcode : 'read' 'write' 'readreq' 'writereq' 'writeresp'>

State 66 <SV = 63> <Delay = 4.86>
ST_66 : Operation 169 [8/68] (4.86ns)   --->   "%empty_33 = writeresp i1 @_ssdm_op_WriteResp.m_axi.p1i128, i128 %p1_addr" [Filter.cpp:316->Filter.cpp:318]   --->   Operation 169 'writeresp' 'empty_33' <Predicate = true> <Delay = 4.86> <CoreInst = "m_axi">   --->   Core 121 'm_axi' <Latency = 6> <II = 1> <Delay = 1.00> <Adapter> <Opcode : 'read' 'write' 'readreq' 'writereq' 'writeresp'>

State 67 <SV = 64> <Delay = 4.86>
ST_67 : Operation 170 [7/68] (4.86ns)   --->   "%empty_33 = writeresp i1 @_ssdm_op_WriteResp.m_axi.p1i128, i128 %p1_addr" [Filter.cpp:316->Filter.cpp:318]   --->   Operation 170 'writeresp' 'empty_33' <Predicate = true> <Delay = 4.86> <CoreInst = "m_axi">   --->   Core 121 'm_axi' <Latency = 6> <II = 1> <Delay = 1.00> <Adapter> <Opcode : 'read' 'write' 'readreq' 'writereq' 'writeresp'>

State 68 <SV = 65> <Delay = 4.86>
ST_68 : Operation 171 [6/68] (4.86ns)   --->   "%empty_33 = writeresp i1 @_ssdm_op_WriteResp.m_axi.p1i128, i128 %p1_addr" [Filter.cpp:316->Filter.cpp:318]   --->   Operation 171 'writeresp' 'empty_33' <Predicate = true> <Delay = 4.86> <CoreInst = "m_axi">   --->   Core 121 'm_axi' <Latency = 6> <II = 1> <Delay = 1.00> <Adapter> <Opcode : 'read' 'write' 'readreq' 'writereq' 'writeresp'>

State 69 <SV = 66> <Delay = 4.86>
ST_69 : Operation 172 [5/68] (4.86ns)   --->   "%empty_33 = writeresp i1 @_ssdm_op_WriteResp.m_axi.p1i128, i128 %p1_addr" [Filter.cpp:316->Filter.cpp:318]   --->   Operation 172 'writeresp' 'empty_33' <Predicate = true> <Delay = 4.86> <CoreInst = "m_axi">   --->   Core 121 'm_axi' <Latency = 6> <II = 1> <Delay = 1.00> <Adapter> <Opcode : 'read' 'write' 'readreq' 'writereq' 'writeresp'>

State 70 <SV = 67> <Delay = 4.86>
ST_70 : Operation 173 [4/68] (4.86ns)   --->   "%empty_33 = writeresp i1 @_ssdm_op_WriteResp.m_axi.p1i128, i128 %p1_addr" [Filter.cpp:316->Filter.cpp:318]   --->   Operation 173 'writeresp' 'empty_33' <Predicate = true> <Delay = 4.86> <CoreInst = "m_axi">   --->   Core 121 'm_axi' <Latency = 6> <II = 1> <Delay = 1.00> <Adapter> <Opcode : 'read' 'write' 'readreq' 'writereq' 'writeresp'>

State 71 <SV = 68> <Delay = 4.86>
ST_71 : Operation 174 [3/68] (4.86ns)   --->   "%empty_33 = writeresp i1 @_ssdm_op_WriteResp.m_axi.p1i128, i128 %p1_addr" [Filter.cpp:316->Filter.cpp:318]   --->   Operation 174 'writeresp' 'empty_33' <Predicate = true> <Delay = 4.86> <CoreInst = "m_axi">   --->   Core 121 'm_axi' <Latency = 6> <II = 1> <Delay = 1.00> <Adapter> <Opcode : 'read' 'write' 'readreq' 'writereq' 'writeresp'>

State 72 <SV = 69> <Delay = 4.86>
ST_72 : Operation 175 [2/68] (4.86ns)   --->   "%empty_33 = writeresp i1 @_ssdm_op_WriteResp.m_axi.p1i128, i128 %p1_addr" [Filter.cpp:316->Filter.cpp:318]   --->   Operation 175 'writeresp' 'empty_33' <Predicate = true> <Delay = 4.86> <CoreInst = "m_axi">   --->   Core 121 'm_axi' <Latency = 6> <II = 1> <Delay = 1.00> <Adapter> <Opcode : 'read' 'write' 'readreq' 'writereq' 'writeresp'>

State 73 <SV = 70> <Delay = 4.86>
ST_73 : Operation 176 [1/68] (4.86ns)   --->   "%empty_33 = writeresp i1 @_ssdm_op_WriteResp.m_axi.p1i128, i128 %p1_addr" [Filter.cpp:316->Filter.cpp:318]   --->   Operation 176 'writeresp' 'empty_33' <Predicate = true> <Delay = 4.86> <CoreInst = "m_axi">   --->   Core 121 'm_axi' <Latency = 6> <II = 1> <Delay = 1.00> <Adapter> <Opcode : 'read' 'write' 'readreq' 'writereq' 'writeresp'>
ST_73 : Operation 177 [1/1] (0.00ns)   --->   "%ret_ln318 = ret" [Filter.cpp:318]   --->   Operation 177 'ret' 'ret_ln318' <Predicate = true> <Delay = 0.00>


============================================================
+ Verbose Summary: Timing violations
============================================================
Target clock period: 6.67ns, clock uncertainty: 1.8ns.

 <State 1>: 2.17ns
The critical path consists of the following:
	fifo read on port 'Output_r' (Filter.cpp:314) [10]  (2.17 ns)

 <State 2>: 4.87ns
The critical path consists of the following:
	'getelementptr' operation ('p1_addr', Filter.cpp:314->Filter.cpp:318) [18]  (0 ns)
	bus request on port 'p1' (Filter.cpp:314->Filter.cpp:318) [19]  (4.87 ns)

 <State 3>: 1.03ns
The critical path consists of the following:
	'phi' operation ('Y', Filter.cpp:314->Filter.cpp:318) with incoming values : ('add_ln314', Filter.cpp:314->Filter.cpp:318) [22]  (0 ns)
	'add' operation ('add_ln314', Filter.cpp:314->Filter.cpp:318) [24]  (1.03 ns)

 <State 4>: 2.65ns
The critical path consists of the following:
	fifo read on port 'output_stream' (/tools/Xilinx/Vitis_HLS/2020.2/common/technology/autopilot/hls_stream_39.h:145) [32]  (2.17 ns)
	'select' operation ('select_ln315', Filter.cpp:315->Filter.cpp:318) [42]  (0.482 ns)

 <State 5>: 4.87ns
The critical path consists of the following:
	bus write on port 'p1' (Filter.cpp:315->Filter.cpp:318) [37]  (4.87 ns)

 <State 6>: 4.87ns
The critical path consists of the following:
	bus response on port 'p1' (Filter.cpp:316->Filter.cpp:318) [45]  (4.87 ns)

 <State 7>: 4.87ns
The critical path consists of the following:
	bus response on port 'p1' (Filter.cpp:316->Filter.cpp:318) [45]  (4.87 ns)

 <State 8>: 4.87ns
The critical path consists of the following:
	bus response on port 'p1' (Filter.cpp:316->Filter.cpp:318) [45]  (4.87 ns)

 <State 9>: 4.87ns
The critical path consists of the following:
	bus response on port 'p1' (Filter.cpp:316->Filter.cpp:318) [45]  (4.87 ns)

 <State 10>: 4.87ns
The critical path consists of the following:
	bus response on port 'p1' (Filter.cpp:316->Filter.cpp:318) [45]  (4.87 ns)

 <State 11>: 4.87ns
The critical path consists of the following:
	bus response on port 'p1' (Filter.cpp:316->Filter.cpp:318) [45]  (4.87 ns)

 <State 12>: 4.87ns
The critical path consists of the following:
	bus response on port 'p1' (Filter.cpp:316->Filter.cpp:318) [45]  (4.87 ns)

 <State 13>: 4.87ns
The critical path consists of the following:
	bus response on port 'p1' (Filter.cpp:316->Filter.cpp:318) [45]  (4.87 ns)

 <State 14>: 4.87ns
The critical path consists of the following:
	bus response on port 'p1' (Filter.cpp:316->Filter.cpp:318) [45]  (4.87 ns)

 <State 15>: 4.87ns
The critical path consists of the following:
	bus response on port 'p1' (Filter.cpp:316->Filter.cpp:318) [45]  (4.87 ns)

 <State 16>: 4.87ns
The critical path consists of the following:
	bus response on port 'p1' (Filter.cpp:316->Filter.cpp:318) [45]  (4.87 ns)

 <State 17>: 4.87ns
The critical path consists of the following:
	bus response on port 'p1' (Filter.cpp:316->Filter.cpp:318) [45]  (4.87 ns)

 <State 18>: 4.87ns
The critical path consists of the following:
	bus response on port 'p1' (Filter.cpp:316->Filter.cpp:318) [45]  (4.87 ns)

 <State 19>: 4.87ns
The critical path consists of the following:
	bus response on port 'p1' (Filter.cpp:316->Filter.cpp:318) [45]  (4.87 ns)

 <State 20>: 4.87ns
The critical path consists of the following:
	bus response on port 'p1' (Filter.cpp:316->Filter.cpp:318) [45]  (4.87 ns)

 <State 21>: 4.87ns
The critical path consists of the following:
	bus response on port 'p1' (Filter.cpp:316->Filter.cpp:318) [45]  (4.87 ns)

 <State 22>: 4.87ns
The critical path consists of the following:
	bus response on port 'p1' (Filter.cpp:316->Filter.cpp:318) [45]  (4.87 ns)

 <State 23>: 4.87ns
The critical path consists of the following:
	bus response on port 'p1' (Filter.cpp:316->Filter.cpp:318) [45]  (4.87 ns)

 <State 24>: 4.87ns
The critical path consists of the following:
	bus response on port 'p1' (Filter.cpp:316->Filter.cpp:318) [45]  (4.87 ns)

 <State 25>: 4.87ns
The critical path consists of the following:
	bus response on port 'p1' (Filter.cpp:316->Filter.cpp:318) [45]  (4.87 ns)

 <State 26>: 4.87ns
The critical path consists of the following:
	bus response on port 'p1' (Filter.cpp:316->Filter.cpp:318) [45]  (4.87 ns)

 <State 27>: 4.87ns
The critical path consists of the following:
	bus response on port 'p1' (Filter.cpp:316->Filter.cpp:318) [45]  (4.87 ns)

 <State 28>: 4.87ns
The critical path consists of the following:
	bus response on port 'p1' (Filter.cpp:316->Filter.cpp:318) [45]  (4.87 ns)

 <State 29>: 4.87ns
The critical path consists of the following:
	bus response on port 'p1' (Filter.cpp:316->Filter.cpp:318) [45]  (4.87 ns)

 <State 30>: 4.87ns
The critical path consists of the following:
	bus response on port 'p1' (Filter.cpp:316->Filter.cpp:318) [45]  (4.87 ns)

 <State 31>: 4.87ns
The critical path consists of the following:
	bus response on port 'p1' (Filter.cpp:316->Filter.cpp:318) [45]  (4.87 ns)

 <State 32>: 4.87ns
The critical path consists of the following:
	bus response on port 'p1' (Filter.cpp:316->Filter.cpp:318) [45]  (4.87 ns)

 <State 33>: 4.87ns
The critical path consists of the following:
	bus response on port 'p1' (Filter.cpp:316->Filter.cpp:318) [45]  (4.87 ns)

 <State 34>: 4.87ns
The critical path consists of the following:
	bus response on port 'p1' (Filter.cpp:316->Filter.cpp:318) [45]  (4.87 ns)

 <State 35>: 4.87ns
The critical path consists of the following:
	bus response on port 'p1' (Filter.cpp:316->Filter.cpp:318) [45]  (4.87 ns)

 <State 36>: 4.87ns
The critical path consists of the following:
	bus response on port 'p1' (Filter.cpp:316->Filter.cpp:318) [45]  (4.87 ns)

 <State 37>: 4.87ns
The critical path consists of the following:
	bus response on port 'p1' (Filter.cpp:316->Filter.cpp:318) [45]  (4.87 ns)

 <State 38>: 4.87ns
The critical path consists of the following:
	bus response on port 'p1' (Filter.cpp:316->Filter.cpp:318) [45]  (4.87 ns)

 <State 39>: 4.87ns
The critical path consists of the following:
	bus response on port 'p1' (Filter.cpp:316->Filter.cpp:318) [45]  (4.87 ns)

 <State 40>: 4.87ns
The critical path consists of the following:
	bus response on port 'p1' (Filter.cpp:316->Filter.cpp:318) [45]  (4.87 ns)

 <State 41>: 4.87ns
The critical path consists of the following:
	bus response on port 'p1' (Filter.cpp:316->Filter.cpp:318) [45]  (4.87 ns)

 <State 42>: 4.87ns
The critical path consists of the following:
	bus response on port 'p1' (Filter.cpp:316->Filter.cpp:318) [45]  (4.87 ns)

 <State 43>: 4.87ns
The critical path consists of the following:
	bus response on port 'p1' (Filter.cpp:316->Filter.cpp:318) [45]  (4.87 ns)

 <State 44>: 4.87ns
The critical path consists of the following:
	bus response on port 'p1' (Filter.cpp:316->Filter.cpp:318) [45]  (4.87 ns)

 <State 45>: 4.87ns
The critical path consists of the following:
	bus response on port 'p1' (Filter.cpp:316->Filter.cpp:318) [45]  (4.87 ns)

 <State 46>: 4.87ns
The critical path consists of the following:
	bus response on port 'p1' (Filter.cpp:316->Filter.cpp:318) [45]  (4.87 ns)

 <State 47>: 4.87ns
The critical path consists of the following:
	bus response on port 'p1' (Filter.cpp:316->Filter.cpp:318) [45]  (4.87 ns)

 <State 48>: 4.87ns
The critical path consists of the following:
	bus response on port 'p1' (Filter.cpp:316->Filter.cpp:318) [45]  (4.87 ns)

 <State 49>: 4.87ns
The critical path consists of the following:
	bus response on port 'p1' (Filter.cpp:316->Filter.cpp:318) [45]  (4.87 ns)

 <State 50>: 4.87ns
The critical path consists of the following:
	bus response on port 'p1' (Filter.cpp:316->Filter.cpp:318) [45]  (4.87 ns)

 <State 51>: 4.87ns
The critical path consists of the following:
	bus response on port 'p1' (Filter.cpp:316->Filter.cpp:318) [45]  (4.87 ns)

 <State 52>: 4.87ns
The critical path consists of the following:
	bus response on port 'p1' (Filter.cpp:316->Filter.cpp:318) [45]  (4.87 ns)

 <State 53>: 4.87ns
The critical path consists of the following:
	bus response on port 'p1' (Filter.cpp:316->Filter.cpp:318) [45]  (4.87 ns)

 <State 54>: 4.87ns
The critical path consists of the following:
	bus response on port 'p1' (Filter.cpp:316->Filter.cpp:318) [45]  (4.87 ns)

 <State 55>: 4.87ns
The critical path consists of the following:
	bus response on port 'p1' (Filter.cpp:316->Filter.cpp:318) [45]  (4.87 ns)

 <State 56>: 4.87ns
The critical path consists of the following:
	bus response on port 'p1' (Filter.cpp:316->Filter.cpp:318) [45]  (4.87 ns)

 <State 57>: 4.87ns
The critical path consists of the following:
	bus response on port 'p1' (Filter.cpp:316->Filter.cpp:318) [45]  (4.87 ns)

 <State 58>: 4.87ns
The critical path consists of the following:
	bus response on port 'p1' (Filter.cpp:316->Filter.cpp:318) [45]  (4.87 ns)

 <State 59>: 4.87ns
The critical path consists of the following:
	bus response on port 'p1' (Filter.cpp:316->Filter.cpp:318) [45]  (4.87 ns)

 <State 60>: 4.87ns
The critical path consists of the following:
	bus response on port 'p1' (Filter.cpp:316->Filter.cpp:318) [45]  (4.87 ns)

 <State 61>: 4.87ns
The critical path consists of the following:
	bus response on port 'p1' (Filter.cpp:316->Filter.cpp:318) [45]  (4.87 ns)

 <State 62>: 4.87ns
The critical path consists of the following:
	bus response on port 'p1' (Filter.cpp:316->Filter.cpp:318) [45]  (4.87 ns)

 <State 63>: 4.87ns
The critical path consists of the following:
	bus response on port 'p1' (Filter.cpp:316->Filter.cpp:318) [45]  (4.87 ns)

 <State 64>: 4.87ns
The critical path consists of the following:
	bus response on port 'p1' (Filter.cpp:316->Filter.cpp:318) [45]  (4.87 ns)

 <State 65>: 4.87ns
The critical path consists of the following:
	bus response on port 'p1' (Filter.cpp:316->Filter.cpp:318) [45]  (4.87 ns)

 <State 66>: 4.87ns
The critical path consists of the following:
	bus response on port 'p1' (Filter.cpp:316->Filter.cpp:318) [45]  (4.87 ns)

 <State 67>: 4.87ns
The critical path consists of the following:
	bus response on port 'p1' (Filter.cpp:316->Filter.cpp:318) [45]  (4.87 ns)

 <State 68>: 4.87ns
The critical path consists of the following:
	bus response on port 'p1' (Filter.cpp:316->Filter.cpp:318) [45]  (4.87 ns)

 <State 69>: 4.87ns
The critical path consists of the following:
	bus response on port 'p1' (Filter.cpp:316->Filter.cpp:318) [45]  (4.87 ns)

 <State 70>: 4.87ns
The critical path consists of the following:
	bus response on port 'p1' (Filter.cpp:316->Filter.cpp:318) [45]  (4.87 ns)

 <State 71>: 4.87ns
The critical path consists of the following:
	bus response on port 'p1' (Filter.cpp:316->Filter.cpp:318) [45]  (4.87 ns)

 <State 72>: 4.87ns
The critical path consists of the following:
	bus response on port 'p1' (Filter.cpp:316->Filter.cpp:318) [45]  (4.87 ns)

 <State 73>: 4.87ns
The critical path consists of the following:
	bus response on port 'p1' (Filter.cpp:316->Filter.cpp:318) [45]  (4.87 ns)


============================================================
+ Verbose Summary: Binding
============================================================
N/A
* FSMD analyzer results:
  - Output states:
 - Input state : 
  - Chain level:
	State 1
	State 2
	State 3
	State 4
	State 5
	State 6
	State 7
	State 8
	State 9
	State 10
	State 11
	State 12
	State 13
	State 14
	State 15
	State 16
	State 17
	State 18
	State 19
	State 20
	State 21
	State 22
	State 23
	State 24
	State 25
	State 26
	State 27
	State 28
	State 29
	State 30
	State 31
	State 32
	State 33
	State 34
	State 35
	State 36
	State 37
	State 38
	State 39
	State 40
	State 41
	State 42
	State 43
	State 44
	State 45
	State 46
	State 47
	State 48
	State 49
	State 50
	State 51
	State 52
	State 53
	State 54
	State 55
	State 56
	State 57
	State 58
	State 59
	State 60
	State 61
	State 62
	State 63
	State 64
	State 65
	State 66
	State 67
	State 68
	State 69
	State 70
	State 71
	State 72
	State 73


============================================================
+ Verbose Summary: Datapath Resource usage 
============================================================
N/A
