

================================================================
== Vitis HLS Report for 'hash_func'
================================================================
* Date:           Wed Dec  7 20:43:15 2022

* Version:        2020.2 (Build 3064766 on Wed Nov 18 09:12:47 MST 2020)
* Project:        lzw_final
* Solution:       solution1 (Vitis Kernel Flow Target)
* Product family: zynquplus
* Target device:  xczu3eg-sbva484-1-i


================================================================
== Performance Estimates
================================================================
+ Timing: 
    * Summary: 
    +--------+---------+----------+------------+
    |  Clock |  Target | Estimated| Uncertainty|
    +--------+---------+----------+------------+
    |ap_clk  |  6.67 ns|  3.627 ns|     1.80 ns|
    +--------+---------+----------+------------+

+ Latency: 
    * Summary: 
    +---------+---------+----------+----------+-----+-----+---------+
    |  Latency (cycles) |  Latency (absolute) |  Interval | Pipeline|
    |   min   |   max   |    min   |    max   | min | max |   Type  |
    +---------+---------+----------+----------+-----+-----+---------+
    |        ?|        ?|         ?|         ?|    ?|    ?|     none|
    +---------+---------+----------+----------+-----+-----+---------+

    + Detail: 
        * Instance: 
        N/A

        * Loop: 
        +-------------------+---------+---------+----------+-----------+-----------+------+----------+
        |                   |  Latency (cycles) | Iteration|  Initiation Interval  | Trip |          |
        |     Loop Name     |   min   |   max   |  Latency |  achieved |   target  | Count| Pipelined|
        +-------------------+---------+---------+----------+-----------+-----------+------+----------+
        |- Loop 1           |       20|       20|         1|          -|          -|    20|        no|
        |- LOOP_HASH_FUNC1  |        ?|        ?|         2|          1|          1|     ?|       yes|
        +-------------------+---------+---------+----------+-----------+-----------+------+----------+



================================================================
== Utilization Estimates
================================================================
* Summary: 
+-----------------+---------+-----+--------+-------+-----+
|       Name      | BRAM_18K| DSP |   FF   |  LUT  | URAM|
+-----------------+---------+-----+--------+-------+-----+
|DSP              |        -|    -|       -|      -|    -|
|Expression       |        -|    -|       0|    397|    -|
|FIFO             |        -|    -|       -|      -|    -|
|Instance         |        -|    -|       -|      -|    -|
|Memory           |        0|    -|      16|      3|    -|
|Multiplexer      |        -|    -|       -|    262|    -|
|Register         |        -|    -|     201|      -|    -|
+-----------------+---------+-----+--------+-------+-----+
|Total            |        0|    0|     217|    662|    0|
+-----------------+---------+-----+--------+-------+-----+
|Available        |      432|  360|  141120|  70560|    0|
+-----------------+---------+-----+--------+-------+-----+
|Utilization (%)  |        0|    0|      ~0|     ~0|    0|
+-----------------+---------+-----+--------+-------+-----+

+ Detail: 
    * Instance: 
    N/A

    * DSP: 
    N/A

    * Memory: 
    +------------+--------------------+---------+----+----+-----+------+-----+------+-------------+
    |   Memory   |       Module       | BRAM_18K| FF | LUT| URAM| Words| Bits| Banks| W*Bits*Banks|
    +------------+--------------------+---------+----+----+-----+------+-----+------+-------------+
    |temp_key_U  |hash_func_temp_key  |        0|  16|   3|    0|    20|    8|     1|          160|
    +------------+--------------------+---------+----+----+-----+------+-----+------+-------------+
    |Total       |                    |        0|  16|   3|    0|    20|    8|     1|          160|
    +------------+--------------------+---------+----+----+-----+------+-----+------+-------------+

    * FIFO: 
    N/A

    * Expression: 
    +-------------------------+----------+----+---+----+------------+------------+
    |      Variable Name      | Operation| DSP| FF| LUT| Bitwidth P0| Bitwidth P1|
    +-------------------------+----------+----+---+----+------------+------------+
    |add_ln31_fu_378_p2       |         +|   0|  0|  20|          13|          13|
    |add_ln41_1_fu_630_p2     |         +|   0|  0|  16|          14|          14|
    |add_ln41_2_fu_635_p2     |         +|   0|  0|  19|          12|          12|
    |add_ln41_3_fu_645_p2     |         +|   0|  0|  20|          13|          13|
    |add_ln41_fu_559_p2       |         +|   0|  0|  21|          14|          14|
    |empty_45_fu_342_p2       |         +|   0|  0|  12|           5|           1|
    |empty_47_fu_401_p2       |         +|   0|  0|  16|           9|           9|
    |empty_48_fu_455_p2       |         +|   0|  0|  16|           9|           9|
    |empty_49_fu_422_p2       |         +|   0|  0|  16|           9|           9|
    |empty_50_fu_441_p2       |         +|   0|  0|  16|           9|           9|
    |hash_4_fu_655_p2         |         +|   0|  0|  16|          14|          14|
    |hash_5_fu_428_p2         |         +|   0|  0|  16|           9|           9|
    |hash_6_fu_481_p2         |         +|   0|  0|  17|          10|          10|
    |hash_7_fu_553_p2         |         +|   0|  0|  19|          12|          12|
    |i_2_fu_359_p2            |         +|   0|  0|  15|           8|           1|
    |tmp114_fu_472_p2         |         +|   0|  0|  17|          10|          10|
    |tmp142_fu_536_p2         |         +|   0|  0|  17|          10|          10|
    |tmp1_fu_498_p2           |         +|   0|  0|  16|           9|           9|
    |tmp210_fu_586_p2         |         +|   0|  0|  17|          10|          10|
    |tmp58_fu_504_p2          |         +|   0|  0|  16|           9|           9|
    |tmp86_fu_599_p2          |         +|   0|  0|  17|          10|          10|
    |tmp_fu_576_p2            |         +|   0|  0|  16|           9|           9|
    |exitcond3_fu_353_p2      |      icmp|   0|  0|   9|           5|           5|
    |icmp_ln30_fu_369_p2      |      icmp|   0|  0|  13|          18|          18|
    |ap_enable_pp0            |       xor|   0|  0|   2|           1|           2|
    |ap_enable_reg_pp0_iter1  |       xor|   0|  0|   2|           2|           1|
    +-------------------------+----------+----+---+----+------------+------------+
    |Total                    |          |   0|  0| 397|         253|         242|
    +-------------------------+----------+----+---+----+------------+------------+

    * Multiplexer: 
    +----------------------------+----+-----------+-----+-----------+
    |            Name            | LUT| Input Size| Bits| Total Bits|
    +----------------------------+----+-----------+-----+-----------+
    |ap_NS_fsm                   |  65|         16|    1|         16|
    |ap_enable_reg_pp0_iter1     |  14|          3|    1|          3|
    |ap_phi_mux_i_phi_fu_325_p4  |   9|          2|    8|         16|
    |ap_return                   |   9|          2|   14|         28|
    |empty_reg_310               |   9|          2|    5|         10|
    |i_reg_321                   |   9|          2|    8|         16|
    |reg_333                     |   9|          2|    8|         16|
    |temp_key_address0           |  65|         13|    5|         65|
    |temp_key_address1           |  59|         11|    5|         55|
    |temp_key_d0                 |  14|          3|    8|         24|
    +----------------------------+----+-----------+-----+-----------+
    |Total                       | 262|         56|   63|        249|
    +----------------------------+----+-----------+-----+-----------+

    * Register: 
    +-------------------------+----+----+-----+-----------+
    |           Name          | FF | LUT| Bits| Const Bits|
    +-------------------------+----+----+-----+-----------+
    |add_ln41_reg_844         |  11|   0|   14|          3|
    |ap_CS_fsm                |  15|   0|   15|          0|
    |ap_enable_reg_pp0_iter0  |   1|   0|    1|          0|
    |ap_enable_reg_pp0_iter1  |   1|   0|    1|          0|
    |ap_return_preg           |  14|   0|   14|          0|
    |empty_47_reg_754         |   9|   0|    9|          0|
    |empty_48_reg_804         |   9|   0|    9|          0|
    |empty_49_reg_769         |   9|   0|    9|          0|
    |empty_50_reg_789         |   9|   0|    9|          0|
    |empty_reg_310            |   5|   0|    5|          0|
    |hash_5_reg_774           |   9|   0|    9|          0|
    |hash_6_reg_824           |  10|   0|   10|          0|
    |hash_7_reg_839           |  12|   0|   12|          0|
    |i_2_reg_680              |   8|   0|    8|          0|
    |i_reg_321                |   8|   0|    8|          0|
    |icmp_ln30_reg_685        |   1|   0|    1|          0|
    |reg_333                  |   8|   0|    8|          0|
    |reg_338                  |   8|   0|    8|          0|
    |temp_key_load_1_reg_724  |   8|   0|    8|          0|
    |temp_key_load_2_reg_714  |   8|   0|    8|          0|
    |temp_key_load_4_reg_734  |   8|   0|    8|          0|
    |tmp114_reg_819           |  10|   0|   10|          0|
    |tmp210_reg_854           |  10|   0|   10|          0|
    |tmp86_reg_859            |  10|   0|   10|          0|
    +-------------------------+----+----+-----+-----------+
    |Total                    | 201|   0|  204|          3|
    +-------------------------+----+----+-----+-----------+



================================================================
== Interface
================================================================
* Summary: 
+--------------+-----+-----+------------+--------------+--------------+
|   RTL Ports  | Dir | Bits|  Protocol  | Source Object|    C Type    |
+--------------+-----+-----+------------+--------------+--------------+
|ap_clk        |   in|    1|  ap_ctrl_hs|     hash_func|  return value|
|ap_rst        |   in|    1|  ap_ctrl_hs|     hash_func|  return value|
|ap_start      |   in|    1|  ap_ctrl_hs|     hash_func|  return value|
|ap_done       |  out|    1|  ap_ctrl_hs|     hash_func|  return value|
|ap_idle       |  out|    1|  ap_ctrl_hs|     hash_func|  return value|
|ap_ready      |  out|    1|  ap_ctrl_hs|     hash_func|  return value|
|ap_return     |  out|   14|  ap_ctrl_hs|     hash_func|  return value|
|key_address0  |  out|   13|   ap_memory|           key|         array|
|key_ce0       |  out|    1|   ap_memory|           key|         array|
|key_q0        |   in|    8|   ap_memory|           key|         array|
|key_offset    |   in|   13|     ap_none|    key_offset|        scalar|
|len           |   in|   18|     ap_none|           len|        scalar|
+--------------+-----+-----+------------+--------------+--------------+

