

================================================================
== Vitis HLS Report for 'hash_search'
================================================================
* Date:           Wed Dec  7 20:43:15 2022

* Version:        2020.2 (Build 3064766 on Wed Nov 18 09:12:47 MST 2020)
* Project:        lzw_final
* Solution:       solution1 (Vitis Kernel Flow Target)
* Product family: zynquplus
* Target device:  xczu3eg-sbva484-1-i


================================================================
== Performance Estimates
================================================================
+ Timing: 
    * Summary: 
    +--------+---------+----------+------------+
    |  Clock |  Target | Estimated| Uncertainty|
    +--------+---------+----------+------------+
    |ap_clk  |  6.67 ns|  2.653 ns|     1.80 ns|
    +--------+---------+----------+------------+

+ Latency: 
    * Summary: 
    +---------+---------+----------+----------+-----+--------+---------+
    |  Latency (cycles) |  Latency (absolute) |   Interval   | Pipeline|
    |   min   |   max   |    min   |    max   | min |   max  |   Type  |
    +---------+---------+----------+----------+-----+--------+---------+
    |       32|   917617|  0.213 us|  6.121 ms|   32|  917617|     none|
    +---------+---------+----------+----------+-----+--------+---------+

    + Detail: 
        * Instance: 
        N/A

        * Loop: 
        +----------------------+---------+---------+-----------+-----------+-----------+-----------+----------+
        |                      |  Latency (cycles) | Iteration |  Initiation Interval  |    Trip   |          |
        |       Loop Name      |   min   |   max   |  Latency  |  achieved |   target  |   Count   | Pipelined|
        +----------------------+---------+---------+-----------+-----------+-----------+-----------+----------+
        |- Loop 1              |       14|       14|          1|          -|          -|         14|        no|
        |- Loop 2              |       14|       14|          1|          -|          -|         14|        no|
        |- LOOP_HASH_SEARCH1   |        3|   917578|  3 ~ 65541|          -|          -|     1 ~ 14|        no|
        | + LOOP_HASH_SEARCH2  |        1|    65536|          2|          1|          1|  1 ~ 65536|       yes|
        +----------------------+---------+---------+-----------+-----------+-----------+-----------+----------+



================================================================
== Utilization Estimates
================================================================
* Summary: 
+-----------------+---------+-----+--------+-------+-----+
|       Name      | BRAM_18K| DSP |   FF   |  LUT  | URAM|
+-----------------+---------+-----+--------+-------+-----+
|DSP              |        -|    -|       -|      -|    -|
|Expression       |        -|    -|       0|    596|    -|
|FIFO             |        -|    -|       -|      -|    -|
|Instance         |        -|    -|       -|      -|    -|
|Memory           |        0|    -|      66|      8|    -|
|Multiplexer      |        -|    -|       -|    727|    -|
|Register         |        -|    -|     599|      -|    -|
+-----------------+---------+-----+--------+-------+-----+
|Total            |        0|    0|     665|   1331|    0|
+-----------------+---------+-----+--------+-------+-----+
|Available        |      432|  360|  141120|  70560|    0|
+-----------------+---------+-----+--------+-------+-----+
|Utilization (%)  |        0|    0|      ~0|      1|    0|
+-----------------+---------+-----+--------+-------+-----+

+ Detail: 
    * Instance: 
    N/A

    * DSP: 
    N/A

    * Memory: 
    +--------+------------------+---------+----+----+-----+------+-----+------+-------------+
    | Memory |      Module      | BRAM_18K| FF | LUT| URAM| Words| Bits| Banks| W*Bits*Banks|
    +--------+------------------+---------+----+----+-----+------+-----+------+-------------+
    |flag_U  |hash_search_flag  |        0|   2|   1|    0|    14|    1|     1|           14|
    |temp_U  |hash_search_temp  |        0|  64|   7|    0|    14|   32|     1|          448|
    +--------+------------------+---------+----+----+-----+------+-----+------+-------------+
    |Total   |                  |        0|  66|   8|    0|    28|   33|     2|          462|
    +--------+------------------+---------+----+----+-----+------+-----+------+-------------+

    * FIFO: 
    N/A

    * Expression: 
    +-------------------------+----------+----+---+----+------------+------------+
    |      Variable Name      | Operation| DSP| FF| LUT| Bitwidth P0| Bitwidth P1|
    +-------------------------+----------+----+---+----+------------+------------+
    |add_ln100_fu_1148_p2     |         +|   0|  0|  15|           8|           1|
    |add_ln106_fu_1176_p2     |         +|   0|  0|  25|          18|          18|
    |add_ln86_10_fu_978_p2    |         +|   0|  0|  25|          18|           4|
    |add_ln86_11_fu_990_p2    |         +|   0|  0|  25|          18|           4|
    |add_ln86_1_fu_870_p2     |         +|   0|  0|  25|          18|           2|
    |add_ln86_2_fu_882_p2     |         +|   0|  0|  25|          18|           3|
    |add_ln86_3_fu_894_p2     |         +|   0|  0|  25|          18|           3|
    |add_ln86_4_fu_906_p2     |         +|   0|  0|  25|          18|           3|
    |add_ln86_5_fu_918_p2     |         +|   0|  0|  25|          18|           3|
    |add_ln86_6_fu_930_p2     |         +|   0|  0|  25|          18|           4|
    |add_ln86_7_fu_942_p2     |         +|   0|  0|  25|          18|           4|
    |add_ln86_8_fu_954_p2     |         +|   0|  0|  25|          18|           4|
    |add_ln86_9_fu_966_p2     |         +|   0|  0|  25|          18|           4|
    |add_ln86_fu_858_p2       |         +|   0|  0|  25|          18|           2|
    |add_ln91_fu_1092_p2      |         +|   0|  0|  12|           4|           1|
    |add_ln98_1_fu_1132_p2    |         +|   0|  0|  20|          13|          13|
    |add_ln98_fu_1122_p2      |         +|   0|  0|  40|          33|           1|
    |empty_38_fu_776_p2       |         +|   0|  0|  12|           4|           1|
    |empty_41_fu_793_p2       |         +|   0|  0|  12|           4|           1|
    |k_1_fu_1102_p2           |         +|   0|  0|  15|           8|           1|
    |sub_ln81_fu_833_p2       |         -|   0|  0|  25|          18|          18|
    |exitcond167_fu_787_p2    |      icmp|   0|  0|   9|           4|           3|
    |exitcond6_fu_804_p2      |      icmp|   0|  0|   9|           4|           3|
    |icmp_ln104_fu_1171_p2    |      icmp|   0|  0|  13|          18|          18|
    |icmp_ln79_fu_810_p2      |      icmp|   0|  0|  13|          18|           1|
    |icmp_ln91_fu_1086_p2     |      icmp|   0|  0|   9|           4|           3|
    |icmp_ln95_1_fu_1112_p2   |      icmp|   0|  0|  13|          18|          18|
    |icmp_ln95_fu_1072_p2     |      icmp|   0|  0|  13|          18|           1|
    |icmp_ln98_fu_1142_p2     |      icmp|   0|  0|  11|           8|           8|
    |or_ln86_fu_846_p2        |        or|   0|  0|  18|          18|           1|
    |match_1_fu_1154_p3       |    select|   0|  0|   8|           1|           8|
    |ap_enable_pp0            |       xor|   0|  0|   2|           1|           2|
    |ap_enable_reg_pp0_iter1  |       xor|   0|  0|   2|           2|           1|
    +-------------------------+----------+----+---+----+------------+------------+
    |Total                    |          |   0|  0| 596|         440|         162|
    +-------------------------+----------+----+---+----+------------+------------+

    * Multiplexer: 
    +----------------------------------------+----+-----------+-----+-----------+
    |                  Name                  | LUT| Input Size| Bits| Total Bits|
    +----------------------------------------+----+-----------+-----+-----------+
    |ap_NS_fsm                               |  87|         18|    1|         18|
    |ap_enable_reg_pp0_iter1                 |  14|          3|    1|          3|
    |ap_phi_mux_indvars_iv_phi_fu_720_p4     |   9|          2|   33|         66|
    |ap_phi_mux_match_0_lcssa_phi_fu_754_p4  |   9|          2|    8|         16|
    |ap_phi_mux_retval_0_phi_fu_766_p6       |   9|          2|   16|         32|
    |ap_return                               |   9|          2|   16|         32|
    |empty_40_reg_695                        |   9|          2|    4|          8|
    |empty_reg_684                           |   9|          2|    4|          8|
    |flag_address0                           |  49|          9|    4|         36|
    |flag_address1                           |  49|          9|    4|         36|
    |flag_d0                                 |  20|          4|    1|          4|
    |flag_d1                                 |  14|          3|    1|          3|
    |hashArr_empty_flag_address0             |  43|          8|   18|        144|
    |hashArr_empty_flag_address1             |  43|          8|   18|        144|
    |hashArr_location_address0               |  14|          3|   18|         54|
    |hashArr_start_address0                  |  43|          8|   18|        144|
    |hashArr_start_address1                  |  43|          8|   18|        144|
    |indvars_iv_reg_717                      |   9|          2|   33|         66|
    |j_reg_706                               |   9|          2|    4|          8|
    |k_reg_727                               |   9|          2|    8|         16|
    |match_0_lcssa_reg_750                   |   9|          2|    8|         16|
    |match_reg_738                           |   9|          2|    8|         16|
    |retval_0_reg_762                        |   9|          2|   16|         32|
    |temp_address0                           |  54|         10|    4|         40|
    |temp_address1                           |  49|          9|    4|         36|
    |temp_d0                                 |  54|         10|   32|        320|
    |temp_d1                                 |  43|          8|   32|        256|
    +----------------------------------------+----+-----------+-----+-----------+
    |Total                                   | 727|        142|  332|       1698|
    +----------------------------------------+----+-----------+-----+-----------+

    * Register: 
    +-------------------------------------+----+----+-----+-----------+
    |                 Name                | FF | LUT| Bits| Const Bits|
    +-------------------------------------+----+----+-----+-----------+
    |add_ln91_reg_1392                    |   4|   0|    4|          0|
    |add_ln98_reg_1417                    |  33|   0|   33|          0|
    |ap_CS_fsm                            |  17|   0|   17|          0|
    |ap_enable_reg_pp0_iter0              |   1|   0|    1|          0|
    |ap_enable_reg_pp0_iter1              |   1|   0|    1|          0|
    |ap_return_preg                       |  16|   0|   16|          0|
    |empty_40_reg_695                     |   4|   0|    4|          0|
    |empty_reg_684                        |   4|   0|    4|          0|
    |hashArr_empty_flag_addr_10_reg_1354  |  17|   0|   18|          1|
    |hashArr_empty_flag_addr_11_reg_1359  |  17|   0|   18|          1|
    |hashArr_empty_flag_addr_12_reg_1364  |  17|   0|   18|          1|
    |hashArr_empty_flag_addr_13_reg_1369  |  17|   0|   18|          1|
    |hashArr_empty_flag_addr_2_reg_1314   |  17|   0|   18|          1|
    |hashArr_empty_flag_addr_3_reg_1319   |  17|   0|   18|          1|
    |hashArr_empty_flag_addr_4_reg_1324   |  17|   0|   18|          1|
    |hashArr_empty_flag_addr_5_reg_1329   |  17|   0|   18|          1|
    |hashArr_empty_flag_addr_6_reg_1334   |  17|   0|   18|          1|
    |hashArr_empty_flag_addr_7_reg_1339   |  17|   0|   18|          1|
    |hashArr_empty_flag_addr_8_reg_1344   |  17|   0|   18|          1|
    |hashArr_empty_flag_addr_9_reg_1349   |  17|   0|   18|          1|
    |hashArr_start_addr_10_reg_1284       |  17|   0|   18|          1|
    |hashArr_start_addr_11_reg_1289       |  17|   0|   18|          1|
    |hashArr_start_addr_12_reg_1294       |  17|   0|   18|          1|
    |hashArr_start_addr_13_reg_1299       |  17|   0|   18|          1|
    |hashArr_start_addr_2_reg_1244        |  17|   0|   18|          1|
    |hashArr_start_addr_3_reg_1249        |  17|   0|   18|          1|
    |hashArr_start_addr_4_reg_1254        |  17|   0|   18|          1|
    |hashArr_start_addr_5_reg_1259        |  17|   0|   18|          1|
    |hashArr_start_addr_6_reg_1264        |  17|   0|   18|          1|
    |hashArr_start_addr_7_reg_1269        |  17|   0|   18|          1|
    |hashArr_start_addr_8_reg_1274        |  17|   0|   18|          1|
    |hashArr_start_addr_9_reg_1279        |  17|   0|   18|          1|
    |icmp_ln104_reg_1437                  |   1|   0|    1|          0|
    |icmp_ln79_reg_1220                   |   1|   0|    1|          0|
    |icmp_ln91_reg_1388                   |   1|   0|    1|          0|
    |icmp_ln95_1_reg_1413                 |   1|   0|    1|          0|
    |icmp_ln95_reg_1374                   |   1|   0|    1|          0|
    |indvars_iv_reg_717                   |  33|   0|   33|          0|
    |j_reg_706                            |   4|   0|    4|          0|
    |k_reg_727                            |   8|   0|    8|          0|
    |match_0_lcssa_reg_750                |   8|   0|    8|          0|
    |match_reg_738                        |   8|   0|    8|          0|
    |retval_0_reg_762                     |  16|   0|   16|          0|
    |sub_ln81_reg_1224                    |  17|   0|   18|          1|
    |temp_addr_15_reg_1397                |   4|   0|    4|          0|
    |zext_ln91_1_reg_1383                 |   4|   0|   18|         14|
    |zext_ln91_reg_1378                   |   4|   0|   64|         60|
    +-------------------------------------+----+----+-----+-----------+
    |Total                                | 599|   0|  698|         99|
    +-------------------------------------+----+----+-----+-----------+



================================================================
== Interface
================================================================
* Summary: 
+-----------------------------+-----+-----+------------+--------------------+--------------+
|          RTL Ports          | Dir | Bits|  Protocol  |    Source Object   |    C Type    |
+-----------------------------+-----+-----+------------+--------------------+--------------+
|ap_clk                       |   in|    1|  ap_ctrl_hs|         hash_search|  return value|
|ap_rst                       |   in|    1|  ap_ctrl_hs|         hash_search|  return value|
|ap_start                     |   in|    1|  ap_ctrl_hs|         hash_search|  return value|
|ap_done                      |  out|    1|  ap_ctrl_hs|         hash_search|  return value|
|ap_idle                      |  out|    1|  ap_ctrl_hs|         hash_search|  return value|
|ap_ready                     |  out|    1|  ap_ctrl_hs|         hash_search|  return value|
|ap_return                    |  out|   16|  ap_ctrl_hs|         hash_search|  return value|
|key_address0                 |  out|   13|   ap_memory|                 key|         array|
|key_ce0                      |  out|    1|   ap_memory|                 key|         array|
|key_q0                       |   in|    8|   ap_memory|                 key|         array|
|key_address1                 |  out|   13|   ap_memory|                 key|         array|
|key_ce1                      |  out|    1|   ap_memory|                 key|         array|
|key_q1                       |   in|    8|   ap_memory|                 key|         array|
|hashArr_location_address0    |  out|   18|   ap_memory|    hashArr_location|         array|
|hashArr_location_ce0         |  out|    1|   ap_memory|    hashArr_location|         array|
|hashArr_location_q0          |   in|   16|   ap_memory|    hashArr_location|         array|
|hashArr_start_address0       |  out|   18|   ap_memory|       hashArr_start|         array|
|hashArr_start_ce0            |  out|    1|   ap_memory|       hashArr_start|         array|
|hashArr_start_q0             |   in|   16|   ap_memory|       hashArr_start|         array|
|hashArr_start_address1       |  out|   18|   ap_memory|       hashArr_start|         array|
|hashArr_start_ce1            |  out|    1|   ap_memory|       hashArr_start|         array|
|hashArr_start_q1             |   in|   16|   ap_memory|       hashArr_start|         array|
|hashArr_empty_flag_address0  |  out|   18|   ap_memory|  hashArr_empty_flag|         array|
|hashArr_empty_flag_ce0       |  out|    1|   ap_memory|  hashArr_empty_flag|         array|
|hashArr_empty_flag_q0        |   in|    1|   ap_memory|  hashArr_empty_flag|         array|
|hashArr_empty_flag_address1  |  out|   18|   ap_memory|  hashArr_empty_flag|         array|
|hashArr_empty_flag_ce1       |  out|    1|   ap_memory|  hashArr_empty_flag|         array|
|hashArr_empty_flag_q1        |   in|    1|   ap_memory|  hashArr_empty_flag|         array|
|key_offset                   |   in|   13|     ap_none|          key_offset|        scalar|
|hash                         |   in|   14|     ap_none|                hash|        scalar|
|len                          |   in|   18|     ap_none|                 len|        scalar|
+-----------------------------+-----+-----+------------+--------------------+--------------+

