

================================================================
== Vitis HLS Report for 'load6'
================================================================
* Date:           Wed Dec  7 20:43:14 2022

* Version:        2020.2 (Build 3064766 on Wed Nov 18 09:12:47 MST 2020)
* Project:        lzw_final
* Solution:       solution1 (Vitis Kernel Flow Target)
* Product family: zynquplus
* Target device:  xczu3eg-sbva484-1-i


================================================================
== Performance Estimates
================================================================
+ Timing: 
    * Summary: 
    +--------+---------+----------+------------+
    |  Clock |  Target | Estimated| Uncertainty|
    +--------+---------+----------+------------+
    |ap_clk  |  6.67 ns|  4.869 ns|     1.80 ns|
    +--------+---------+----------+------------+

+ Latency: 
    * Summary: 
    +---------+---------+----------+----------+-----+-----+---------+
    |  Latency (cycles) |  Latency (absolute) |  Interval | Pipeline|
    |   min   |   max   |    min   |    max   | min | max |   Type  |
    +---------+---------+----------+----------+-----+-----+---------+
    |       73|        ?|  0.487 us|         ?|   73|    ?|     none|
    +---------+---------+----------+----------+-----+-----+---------+

    + Detail: 
        * Instance: 
        N/A

        * Loop: 
        +--------------------+---------+---------+----------+-----------+-----------+-------+----------+
        |                    |  Latency (cycles) | Iteration|  Initiation Interval  |  Trip |          |
        |      Loop Name     |   min   |   max   |  Latency |  achieved |   target  | Count | Pipelined|
        +--------------------+---------+---------+----------+-----------+-----------+-------+----------+
        |- VITIS_LOOP_205_1  |        2|        ?|         3|          1|          1|  1 ~ ?|       yes|
        +--------------------+---------+---------+----------+-----------+-----------+-------+----------+



================================================================
== Utilization Estimates
================================================================
* Summary: 
+-----------------+---------+-----+--------+-------+-----+
|       Name      | BRAM_18K| DSP |   FF   |  LUT  | URAM|
+-----------------+---------+-----+--------+-------+-----+
|DSP              |        -|    -|       -|      -|    -|
|Expression       |        -|    -|       0|     91|    -|
|FIFO             |        -|    -|       -|      -|    -|
|Instance         |        -|    -|       -|      -|    -|
|Memory           |        -|    -|       -|      -|    -|
|Multiplexer      |        -|    -|       -|    881|    -|
|Register         |        -|    -|     254|      -|    -|
+-----------------+---------+-----+--------+-------+-----+
|Total            |        0|    0|     254|    972|    0|
+-----------------+---------+-----+--------+-------+-----+
|Available        |      432|  360|  141120|  70560|    0|
+-----------------+---------+-----+--------+-------+-----+
|Utilization (%)  |        0|    0|      ~0|      1|    0|
+-----------------+---------+-----+--------+-------+-----+

+ Detail: 
    * Instance: 
    N/A

    * DSP: 
    N/A

    * Memory: 
    N/A

    * FIFO: 
    N/A

    * Expression: 
    +------------------------------------+----------+----+---+----+------------+------------+
    |            Variable Name           | Operation| DSP| FF| LUT| Bitwidth P0| Bitwidth P1|
    +------------------------------------+----------+----+---+----+------------+------------+
    |add_ln205_fu_216_p2                 |         +|   0|  0|  38|          31|           1|
    |ap_block_state144_pp0_stage0_iter1  |       and|   0|  0|   2|           1|           1|
    |ap_block_state145_pp0_stage0_iter2  |       and|   0|  0|   2|           1|           1|
    |ap_block_state73_io                 |       and|   0|  0|   2|           1|           1|
    |icmp_ln205_1_fu_222_p2              |      icmp|   0|  0|  19|          31|          31|
    |icmp_ln205_fu_201_p2                |      icmp|   0|  0|  20|          32|           1|
    |ap_block_pp0_stage0_01001           |        or|   0|  0|   2|           1|           1|
    |ap_block_state1                     |        or|   0|  0|   2|           1|           1|
    |ap_enable_pp0                       |       xor|   0|  0|   2|           1|           2|
    |ap_enable_reg_pp0_iter1             |       xor|   0|  0|   2|           2|           1|
    +------------------------------------+----------+----+---+----+------------+------------+
    |Total                               |          |   0|  0|  91|         102|          41|
    +------------------------------------+----------+----+---+----+------------+------------+

    * Multiplexer: 
    +---------------------------+-----+-----------+-----+-----------+
    |            Name           | LUT | Input Size| Bits| Total Bits|
    +---------------------------+-----+-----------+-----+-----------+
    |X_reg_169                  |    9|          2|   31|         62|
    |ap_NS_fsm                  |  764|        145|    1|        145|
    |ap_done                    |    9|          2|    1|          2|
    |ap_enable_reg_pp0_iter1    |    9|          2|    1|          2|
    |ap_enable_reg_pp0_iter2    |    9|          2|    1|          2|
    |inlen_stream_blk_n         |    9|          2|    1|          2|
    |instream_blk_n             |    9|          2|    1|          2|
    |output_compress_out_blk_n  |    9|          2|    1|          2|
    |output_length_out_blk_n    |    9|          2|    1|          2|
    |p0_blk_n_AR                |    9|          2|    1|          2|
    |p0_blk_n_R                 |    9|          2|    1|          2|
    |p1_blk_n_AR                |    9|          2|    1|          2|
    |p1_blk_n_R                 |    9|          2|    1|          2|
    |real_start                 |    9|          2|    1|          2|
    +---------------------------+-----+-----------+-----+-----------+
    |Total                      |  881|        171|   44|        231|
    +---------------------------+-----+-----------+-----+-----------+

    * Register: 
    +------------------------------------+-----+----+-----+-----------+
    |                Name                |  FF | LUT| Bits| Const Bits|
    +------------------------------------+-----+----+-----+-----------+
    |X_reg_169                           |   31|   0|   31|          0|
    |ap_CS_fsm                           |  144|   0|  144|          0|
    |ap_done_reg                         |    1|   0|    1|          0|
    |ap_enable_reg_pp0_iter0             |    1|   0|    1|          0|
    |ap_enable_reg_pp0_iter1             |    1|   0|    1|          0|
    |ap_enable_reg_pp0_iter2             |    1|   0|    1|          0|
    |icmp_ln205_1_reg_261                |    1|   0|    1|          0|
    |icmp_ln205_1_reg_261_pp0_iter1_reg  |    1|   0|    1|          0|
    |icmp_ln205_reg_241                  |    1|   0|    1|          0|
    |p0_addr_read_reg_265                |    8|   0|    8|          0|
    |p1_addr_read_reg_233                |   32|   0|   32|          0|
    |start_once_reg                      |    1|   0|    1|          0|
    |trunc_ln205_reg_251                 |   31|   0|   31|          0|
    +------------------------------------+-----+----+-----+-----------+
    |Total                               |  254|   0|  254|          0|
    +------------------------------------+-----+----+-----+-----------+



================================================================
== Interface
================================================================
* Summary: 
+----------------------------+-----+-----+------------+---------------------+--------------+
|          RTL Ports         | Dir | Bits|  Protocol  |    Source Object    |    C Type    |
+----------------------------+-----+-----+------------+---------------------+--------------+
|ap_clk                      |   in|    1|  ap_ctrl_hs|                load6|  return value|
|ap_rst                      |   in|    1|  ap_ctrl_hs|                load6|  return value|
|ap_start                    |   in|    1|  ap_ctrl_hs|                load6|  return value|
|start_full_n                |   in|    1|  ap_ctrl_hs|                load6|  return value|
|ap_done                     |  out|    1|  ap_ctrl_hs|                load6|  return value|
|ap_continue                 |   in|    1|  ap_ctrl_hs|                load6|  return value|
|ap_idle                     |  out|    1|  ap_ctrl_hs|                load6|  return value|
|ap_ready                    |  out|    1|  ap_ctrl_hs|                load6|  return value|
|start_out                   |  out|    1|  ap_ctrl_hs|                load6|  return value|
|start_write                 |  out|    1|  ap_ctrl_hs|                load6|  return value|
|m_axi_p0_AWVALID            |  out|    1|       m_axi|                   p0|       pointer|
|m_axi_p0_AWREADY            |   in|    1|       m_axi|                   p0|       pointer|
|m_axi_p0_AWADDR             |  out|   64|       m_axi|                   p0|       pointer|
|m_axi_p0_AWID               |  out|    1|       m_axi|                   p0|       pointer|
|m_axi_p0_AWLEN              |  out|   32|       m_axi|                   p0|       pointer|
|m_axi_p0_AWSIZE             |  out|    3|       m_axi|                   p0|       pointer|
|m_axi_p0_AWBURST            |  out|    2|       m_axi|                   p0|       pointer|
|m_axi_p0_AWLOCK             |  out|    2|       m_axi|                   p0|       pointer|
|m_axi_p0_AWCACHE            |  out|    4|       m_axi|                   p0|       pointer|
|m_axi_p0_AWPROT             |  out|    3|       m_axi|                   p0|       pointer|
|m_axi_p0_AWQOS              |  out|    4|       m_axi|                   p0|       pointer|
|m_axi_p0_AWREGION           |  out|    4|       m_axi|                   p0|       pointer|
|m_axi_p0_AWUSER             |  out|    1|       m_axi|                   p0|       pointer|
|m_axi_p0_WVALID             |  out|    1|       m_axi|                   p0|       pointer|
|m_axi_p0_WREADY             |   in|    1|       m_axi|                   p0|       pointer|
|m_axi_p0_WDATA              |  out|    8|       m_axi|                   p0|       pointer|
|m_axi_p0_WSTRB              |  out|    1|       m_axi|                   p0|       pointer|
|m_axi_p0_WLAST              |  out|    1|       m_axi|                   p0|       pointer|
|m_axi_p0_WID                |  out|    1|       m_axi|                   p0|       pointer|
|m_axi_p0_WUSER              |  out|    1|       m_axi|                   p0|       pointer|
|m_axi_p0_ARVALID            |  out|    1|       m_axi|                   p0|       pointer|
|m_axi_p0_ARREADY            |   in|    1|       m_axi|                   p0|       pointer|
|m_axi_p0_ARADDR             |  out|   64|       m_axi|                   p0|       pointer|
|m_axi_p0_ARID               |  out|    1|       m_axi|                   p0|       pointer|
|m_axi_p0_ARLEN              |  out|   32|       m_axi|                   p0|       pointer|
|m_axi_p0_ARSIZE             |  out|    3|       m_axi|                   p0|       pointer|
|m_axi_p0_ARBURST            |  out|    2|       m_axi|                   p0|       pointer|
|m_axi_p0_ARLOCK             |  out|    2|       m_axi|                   p0|       pointer|
|m_axi_p0_ARCACHE            |  out|    4|       m_axi|                   p0|       pointer|
|m_axi_p0_ARPROT             |  out|    3|       m_axi|                   p0|       pointer|
|m_axi_p0_ARQOS              |  out|    4|       m_axi|                   p0|       pointer|
|m_axi_p0_ARREGION           |  out|    4|       m_axi|                   p0|       pointer|
|m_axi_p0_ARUSER             |  out|    1|       m_axi|                   p0|       pointer|
|m_axi_p0_RVALID             |   in|    1|       m_axi|                   p0|       pointer|
|m_axi_p0_RREADY             |  out|    1|       m_axi|                   p0|       pointer|
|m_axi_p0_RDATA              |   in|    8|       m_axi|                   p0|       pointer|
|m_axi_p0_RLAST              |   in|    1|       m_axi|                   p0|       pointer|
|m_axi_p0_RID                |   in|    1|       m_axi|                   p0|       pointer|
|m_axi_p0_RUSER              |   in|    1|       m_axi|                   p0|       pointer|
|m_axi_p0_RRESP              |   in|    2|       m_axi|                   p0|       pointer|
|m_axi_p0_BVALID             |   in|    1|       m_axi|                   p0|       pointer|
|m_axi_p0_BREADY             |  out|    1|       m_axi|                   p0|       pointer|
|m_axi_p0_BRESP              |   in|    2|       m_axi|                   p0|       pointer|
|m_axi_p0_BID                |   in|    1|       m_axi|                   p0|       pointer|
|m_axi_p0_BUSER              |   in|    1|       m_axi|                   p0|       pointer|
|instream_din                |  out|    8|     ap_fifo|             instream|       pointer|
|instream_full_n             |   in|    1|     ap_fifo|             instream|       pointer|
|instream_write              |  out|    1|     ap_fifo|             instream|       pointer|
|m_axi_p1_AWVALID            |  out|    1|       m_axi|                   p1|       pointer|
|m_axi_p1_AWREADY            |   in|    1|       m_axi|                   p1|       pointer|
|m_axi_p1_AWADDR             |  out|   64|       m_axi|                   p1|       pointer|
|m_axi_p1_AWID               |  out|    1|       m_axi|                   p1|       pointer|
|m_axi_p1_AWLEN              |  out|   32|       m_axi|                   p1|       pointer|
|m_axi_p1_AWSIZE             |  out|    3|       m_axi|                   p1|       pointer|
|m_axi_p1_AWBURST            |  out|    2|       m_axi|                   p1|       pointer|
|m_axi_p1_AWLOCK             |  out|    2|       m_axi|                   p1|       pointer|
|m_axi_p1_AWCACHE            |  out|    4|       m_axi|                   p1|       pointer|
|m_axi_p1_AWPROT             |  out|    3|       m_axi|                   p1|       pointer|
|m_axi_p1_AWQOS              |  out|    4|       m_axi|                   p1|       pointer|
|m_axi_p1_AWREGION           |  out|    4|       m_axi|                   p1|       pointer|
|m_axi_p1_AWUSER             |  out|    1|       m_axi|                   p1|       pointer|
|m_axi_p1_WVALID             |  out|    1|       m_axi|                   p1|       pointer|
|m_axi_p1_WREADY             |   in|    1|       m_axi|                   p1|       pointer|
|m_axi_p1_WDATA              |  out|   32|       m_axi|                   p1|       pointer|
|m_axi_p1_WSTRB              |  out|    4|       m_axi|                   p1|       pointer|
|m_axi_p1_WLAST              |  out|    1|       m_axi|                   p1|       pointer|
|m_axi_p1_WID                |  out|    1|       m_axi|                   p1|       pointer|
|m_axi_p1_WUSER              |  out|    1|       m_axi|                   p1|       pointer|
|m_axi_p1_ARVALID            |  out|    1|       m_axi|                   p1|       pointer|
|m_axi_p1_ARREADY            |   in|    1|       m_axi|                   p1|       pointer|
|m_axi_p1_ARADDR             |  out|   64|       m_axi|                   p1|       pointer|
|m_axi_p1_ARID               |  out|    1|       m_axi|                   p1|       pointer|
|m_axi_p1_ARLEN              |  out|   32|       m_axi|                   p1|       pointer|
|m_axi_p1_ARSIZE             |  out|    3|       m_axi|                   p1|       pointer|
|m_axi_p1_ARBURST            |  out|    2|       m_axi|                   p1|       pointer|
|m_axi_p1_ARLOCK             |  out|    2|       m_axi|                   p1|       pointer|
|m_axi_p1_ARCACHE            |  out|    4|       m_axi|                   p1|       pointer|
|m_axi_p1_ARPROT             |  out|    3|       m_axi|                   p1|       pointer|
|m_axi_p1_ARQOS              |  out|    4|       m_axi|                   p1|       pointer|
|m_axi_p1_ARREGION           |  out|    4|       m_axi|                   p1|       pointer|
|m_axi_p1_ARUSER             |  out|    1|       m_axi|                   p1|       pointer|
|m_axi_p1_RVALID             |   in|    1|       m_axi|                   p1|       pointer|
|m_axi_p1_RREADY             |  out|    1|       m_axi|                   p1|       pointer|
|m_axi_p1_RDATA              |   in|   32|       m_axi|                   p1|       pointer|
|m_axi_p1_RLAST              |   in|    1|       m_axi|                   p1|       pointer|
|m_axi_p1_RID                |   in|    1|       m_axi|                   p1|       pointer|
|m_axi_p1_RUSER              |   in|    1|       m_axi|                   p1|       pointer|
|m_axi_p1_RRESP              |   in|    2|       m_axi|                   p1|       pointer|
|m_axi_p1_BVALID             |   in|    1|       m_axi|                   p1|       pointer|
|m_axi_p1_BREADY             |  out|    1|       m_axi|                   p1|       pointer|
|m_axi_p1_BRESP              |   in|    2|       m_axi|                   p1|       pointer|
|m_axi_p1_BID                |   in|    1|       m_axi|                   p1|       pointer|
|m_axi_p1_BUSER              |   in|    1|       m_axi|                   p1|       pointer|
|inlen_stream_din            |  out|   32|     ap_fifo|         inlen_stream|       pointer|
|inlen_stream_full_n         |   in|    1|     ap_fifo|         inlen_stream|       pointer|
|inlen_stream_write          |  out|    1|     ap_fifo|         inlen_stream|       pointer|
|input_r                     |   in|   64|     ap_none|              input_r|        scalar|
|len                         |   in|   64|     ap_none|                  len|        scalar|
|output_compress             |   in|   64|     ap_none|      output_compress|        scalar|
|output_length               |   in|   64|     ap_none|        output_length|        scalar|
|output_compress_out_din     |  out|   64|     ap_fifo|  output_compress_out|       pointer|
|output_compress_out_full_n  |   in|    1|     ap_fifo|  output_compress_out|       pointer|
|output_compress_out_write   |  out|    1|     ap_fifo|  output_compress_out|       pointer|
|output_length_out_din       |  out|   64|     ap_fifo|    output_length_out|       pointer|
|output_length_out_full_n    |   in|    1|     ap_fifo|    output_length_out|       pointer|
|output_length_out_write     |  out|    1|     ap_fifo|    output_length_out|       pointer|
+----------------------------+-----+-----+------------+---------------------+--------------+

