

================================================================
== Vitis HLS Report for 'lzw_compute'
================================================================
* Date:           Wed Dec  7 20:43:16 2022

* Version:        2020.2 (Build 3064766 on Wed Nov 18 09:12:47 MST 2020)
* Project:        lzw_final
* Solution:       solution1 (Vitis Kernel Flow Target)
* Product family: zynquplus
* Target device:  xczu3eg-sbva484-1-i


================================================================
== Performance Estimates
================================================================
+ Timing: 
    * Summary: 
    +--------+---------+----------+------------+
    |  Clock |  Target | Estimated| Uncertainty|
    +--------+---------+----------+------------+
    |ap_clk  |  6.67 ns|  3.845 ns|     1.80 ns|
    +--------+---------+----------+------------+

+ Latency: 
    * Summary: 
    +---------+---------+----------+----------+-----+-----+---------+
    |  Latency (cycles) |  Latency (absolute) |  Interval | Pipeline|
    |   min   |   max   |    min   |    max   | min | max |   Type  |
    +---------+---------+----------+----------+-----+-----+---------+
    |        ?|        ?|         ?|         ?|    ?|    ?|     none|
    +---------+---------+----------+----------+-----+-----+---------+

    + Detail: 
        * Instance: 
        +-------------------------+-------------+---------+---------+----------+----------+-----+--------+---------+
        |                         |             |  Latency (cycles) |  Latency (absolute) |   Interval   | Pipeline|
        |         Instance        |    Module   |   min   |   max   |    min   |    max   | min |   max  |   Type  |
        +-------------------------+-------------+---------+---------+----------+----------+-----+--------+---------+
        |grp_hash_search_fu_7677  |hash_search  |       32|   917617|  0.213 us|  6.121 ms|   32|  917617|     none|
        |grp_hash_func_fu_7689    |hash_func    |        ?|        ?|         ?|         ?|    ?|       ?|     none|
        +-------------------------+-------------+---------+---------+----------+----------+-----+--------+---------+

        * Loop: 
        +---------------------+---------+---------+----------+-----------+-----------+------+----------+
        |                     |  Latency (cycles) | Iteration|  Initiation Interval  | Trip |          |
        |      Loop Name      |   min   |   max   |  Latency |  achieved |   target  | Count| Pipelined|
        +---------------------+---------+---------+----------+-----------+-----------+------+----------+
        |- Loop 1             |     8192|     8192|         1|          1|          1|  8192|       yes|
        |- LOOP_MAIN          |        ?|        ?|         ?|          -|          -|     ?|        no|
        | + LOOP_CREATE_HASH  |        ?|        ?|         2|          2|          1|     ?|       yes|
        +---------------------+---------+---------+----------+-----------+-----------+------+----------+



================================================================
== Utilization Estimates
================================================================
* Summary: 
+-----------------+---------+-----+--------+-------+-----+
|       Name      | BRAM_18K| DSP |   FF   |  LUT  | URAM|
+-----------------+---------+-----+--------+-------+-----+
|DSP              |        -|    -|       -|      -|    -|
|Expression       |        -|    -|       0|    485|    -|
|FIFO             |        -|    -|       -|      -|    -|
|Instance         |        0|    -|     882|   1993|    -|
|Memory           |      261|    -|       0|      0|    -|
|Multiplexer      |        -|    -|       -|   6609|    -|
|Register         |        -|    -|     596|      -|    -|
+-----------------+---------+-----+--------+-------+-----+
|Total            |      261|    0|    1478|   9087|    0|
+-----------------+---------+-----+--------+-------+-----+
|Available        |      432|  360|  141120|  70560|    0|
+-----------------+---------+-----+--------+-------+-----+
|Utilization (%)  |       60|    0|       1|     12|    0|
+-----------------+---------+-----+--------+-------+-----+

+ Detail: 
    * Instance: 
    +-------------------------+-------------+---------+----+-----+------+-----+
    |         Instance        |    Module   | BRAM_18K| DSP|  FF |  LUT | URAM|
    +-------------------------+-------------+---------+----+-----+------+-----+
    |grp_hash_func_fu_7689    |hash_func    |        0|   0|  217|   662|    0|
    |grp_hash_search_fu_7677  |hash_search  |        0|   0|  665|  1331|    0|
    +-------------------------+-------------+---------+----+-----+------+-----+
    |Total                    |             |        0|   0|  882|  1993|    0|
    +-------------------------+-------------+---------+----+-----+------+-----+

    * DSP: 
    N/A

    * Memory: 
    +--------------------+------------------------------+---------+---+----+-----+--------+-----+------+-------------+
    |       Memory       |            Module            | BRAM_18K| FF| LUT| URAM|  Words | Bits| Banks| W*Bits*Banks|
    +--------------------+------------------------------+---------+---+----+-----+--------+-----+------+-------------+
    |chunk_U             |lzw_compute_chunk             |        4|  0|   0|    0|    8192|    8|     1|        65536|
    |table_empty_flag_U  |lzw_compute_table_empty_flag  |        9|  0|   0|    0|  133000|    1|     1|       133000|
    |table_location_U    |lzw_compute_table_location    |      124|  0|   0|    0|  133000|   16|     1|      2128000|
    |table_start_U       |lzw_compute_table_start       |      124|  0|   0|    0|  133000|   16|     1|      2128000|
    +--------------------+------------------------------+---------+---+----+-----+--------+-----+------+-------------+
    |Total               |                              |      261|  0|   0|    0|  407192|   41|     4|      4454536|
    +--------------------+------------------------------+---------+---+----+-----+--------+-----+------+-------------+

    * FIFO: 
    N/A

    * Expression: 
    +-----------------------------------+----------+----+---+----+------------+------------+
    |           Variable Name           | Operation| DSP| FF| LUT| Bitwidth P0| Bitwidth P1|
    +-----------------------------------+----------+----+---+----+------------+------------+
    |add_ln163_fu_7912_p2               |         +|   0|  0|  25|          18|           1|
    |add_ln184_fu_7842_p2               |         +|   0|  0|  25|          18|           1|
    |add_ln67_1_fu_7949_p2              |         +|   0|  0|  25|          18|          18|
    |add_ln67_fu_7970_p2                |         +|   0|  0|  23|          16|           1|
    |c_flag_1_fu_7792_p2                |         +|   0|  0|  23|          16|           1|
    |empty_35_fu_7721_p2                |         +|   0|  0|  21|          14|           1|
    |grp_fu_7709_p2                     |         +|   0|  0|  39|          32|           1|
    |i_1_fu_7769_p2                     |         +|   0|  0|  23|          16|           1|
    |index_1_fu_7803_p2                 |         +|   0|  0|  23|          16|           1|
    |index_3_fu_7959_p2                 |         +|   0|  0|  23|          16|           1|
    |pc_len_fu_7855_p2                  |         +|   0|  0|  16|          16|          16|
    |sub_fu_7763_p2                     |         +|   0|  0|  39|          32|           2|
    |sub_ln153_fu_7849_p2               |         -|   0|  0|  16|           1|          16|
    |sub_ln163_fu_7903_p2               |         -|   0|  0|  24|          17|          17|
    |sub_ln184_fu_7832_p2               |         -|   0|  0|  24|          17|          17|
    |sub_ln67_fu_7939_p2                |         -|   0|  0|  25|          18|          18|
    |ap_block_state131                  |       and|   0|  0|   2|           1|           1|
    |ap_predicate_op1728_read_state131  |       and|   0|  0|   2|           1|           1|
    |exitcond6_fu_7727_p2               |      icmp|   0|  0|  12|          14|          15|
    |icmp_ln143_fu_7779_p2              |      icmp|   0|  0|  20|          32|          32|
    |icmp_ln147_fu_7784_p2              |      icmp|   0|  0|  20|          32|          32|
    |icmp_ln161_fu_7893_p2              |      icmp|   0|  0|  13|          16|           2|
    |ap_block_state1                    |        or|   0|  0|   2|           1|           1|
    |ap_block_state130                  |        or|   0|  0|   2|           1|           1|
    |ap_block_state145                  |        or|   0|  0|   2|           1|           1|
    |p_high_1_fu_7882_p3                |    select|   0|  0|  16|           1|          16|
    +-----------------------------------+----------+----+---+----+------------+------------+
    |Total                              |          |   0|  0| 485|         381|         215|
    +-----------------------------------+----------+----+---+----+------------+------------+

    * Multiplexer: 
    +------------------------------------+-----+-----------+-----+-----------+
    |                Name                | LUT | Input Size| Bits| Total Bits|
    +------------------------------------+-----+-----------+-----+-----------+
    |ap_NS_fsm                           |  769|        146|    1|        146|
    |ap_done                             |    9|          2|    1|          2|
    |c_flag_fu_1132                      |    9|          2|   16|         32|
    |chunk_address0                      |   31|          6|   13|         78|
    |chunk_ce0                           |   20|          4|    1|          4|
    |chunk_ce1                           |    9|          2|    1|          2|
    |chunk_d0                            |   14|          3|    8|         24|
    |empty_reg_7643                      |    9|          2|   14|         28|
    |grp_hash_func_fu_7689_key_offset    |   14|          3|   13|         39|
    |grp_hash_func_fu_7689_len           |   20|          4|   18|         72|
    |grp_hash_search_fu_7677_hash        |   14|          3|   14|         42|
    |grp_hash_search_fu_7677_key_offset  |   14|          3|   13|         39|
    |grp_hash_search_fu_7677_len         |   20|          4|   18|         72|
    |i_reg_7654                          |    9|          2|   16|         32|
    |index_2_reg_7665                    |    9|          2|   16|         32|
    |index_fu_1124                       |    9|          2|   16|         32|
    |inlen_stream_blk_n                  |    9|          2|    1|          2|
    |instream_blk_n                      |    9|          2|    1|          2|
    |out_length_fu_1116                  |    9|          2|   32|         64|
    |outlen_stream_blk_n                 |    9|          2|    1|          2|
    |outstream_blk_n                     |    9|          2|    1|          2|
    |p_high_fu_1128                      |   14|          3|   16|         48|
    |start_fu_1120                       |    9|          2|   16|         32|
    |table_empty_flag_address0           |  689|        131|   18|       2358|
    |table_empty_flag_address1           |  689|        131|   18|       2358|
    |table_empty_flag_ce0                |   14|          3|    1|          3|
    |table_empty_flag_ce1                |   14|          3|    1|          3|
    |table_location_address0             |  689|        131|   18|       2358|
    |table_location_address1             |  678|        129|   18|       2322|
    |table_location_ce0                  |   14|          3|    1|          3|
    |table_location_d0                   |  683|        130|   16|       2080|
    |table_location_d1                   |  678|        129|   16|       2064|
    |table_start_address0                |  689|        131|   18|       2358|
    |table_start_address1                |  683|        130|   18|       2340|
    |table_start_ce0                     |   14|          3|    1|          3|
    |table_start_ce1                     |   14|          3|    1|          3|
    |table_start_d0                      |   14|          3|   16|         48|
    +------------------------------------+-----+-----------+-----+-----------+
    |Total                               | 6609|       1265|  408|      19129|
    +------------------------------------+-----+-----------+-----+-----------+

    * Register: 
    +--------------------------------------+-----+----+-----+-----------+
    |                 Name                 |  FF | LUT| Bits| Const Bits|
    +--------------------------------------+-----+----+-----+-----------+
    |add_ln163_reg_11951                   |   18|   0|   18|          0|
    |add_ln184_reg_11908                   |   18|   0|   18|          0|
    |ap_CS_fsm                             |  145|   0|  145|          0|
    |ap_done_reg                           |    1|   0|    1|          0|
    |c_flag_fu_1132                        |   16|   0|   16|          0|
    |code                                  |   16|   0|   16|          0|
    |empty_reg_7643                        |   14|   0|   14|          0|
    |grp_hash_func_fu_7689_ap_start_reg    |    1|   0|    1|          0|
    |grp_hash_search_fu_7677_ap_start_reg  |    1|   0|    1|          0|
    |i_1_reg_11889                         |   16|   0|   16|          0|
    |i_reg_7654                            |   16|   0|   16|          0|
    |icmp_ln147_reg_11897                  |    1|   0|    1|          0|
    |icmp_ln161_reg_11947                  |    1|   0|    1|          0|
    |index_2_reg_7665                      |   16|   0|   16|          0|
    |index_fu_1124                         |   16|   0|   16|          0|
    |out_length_fu_1116                    |   32|   0|   32|          0|
    |p_hash_reg_11957                      |   14|   0|   14|          0|
    |p_high_3_reg_11919                    |   16|   0|   16|          0|
    |p_high_fu_1128                        |   16|   0|   16|          0|
    |reg_7716                              |   14|   0|   14|          0|
    |start_fu_1120                         |   16|   0|   16|          0|
    |start_load_1_reg_11914                |   16|   0|   16|          0|
    |sub_ln67_reg_11962                    |   17|   0|   18|          1|
    |sub_reg_11884                         |   32|   0|   32|          0|
    |table_empty_flag_addr_reg_11973       |   18|   0|   18|          0|
    |tmp_2_reg_11943                       |    1|   0|    1|          0|
    |tmp_5_reg_11879                       |   32|   0|   32|          0|
    |trunc_ln154_reg_11926                 |   13|   0|   13|          0|
    |trunc_ln184_reg_11902                 |   13|   0|   13|          0|
    |zext_ln153_reg_11938                  |   16|   0|   17|          1|
    |zext_ln154_reg_11932                  |   16|   0|   18|          2|
    |zext_ln65_reg_11967                   |   18|   0|   64|         46|
    +--------------------------------------+-----+----+-----+-----------+
    |Total                                 |  596|   0|  646|         50|
    +--------------------------------------+-----+----+-----+-----------+



================================================================
== Interface
================================================================
* Summary: 
+----------------------+-----+-----+------------+---------------+--------------+
|       RTL Ports      | Dir | Bits|  Protocol  | Source Object |    C Type    |
+----------------------+-----+-----+------------+---------------+--------------+
|ap_clk                |   in|    1|  ap_ctrl_hs|    lzw_compute|  return value|
|ap_rst                |   in|    1|  ap_ctrl_hs|    lzw_compute|  return value|
|ap_start              |   in|    1|  ap_ctrl_hs|    lzw_compute|  return value|
|ap_done               |  out|    1|  ap_ctrl_hs|    lzw_compute|  return value|
|ap_continue           |   in|    1|  ap_ctrl_hs|    lzw_compute|  return value|
|ap_idle               |  out|    1|  ap_ctrl_hs|    lzw_compute|  return value|
|ap_ready              |  out|    1|  ap_ctrl_hs|    lzw_compute|  return value|
|instream_dout         |   in|    8|     ap_fifo|       instream|       pointer|
|instream_empty_n      |   in|    1|     ap_fifo|       instream|       pointer|
|instream_read         |  out|    1|     ap_fifo|       instream|       pointer|
|inlen_stream_dout     |   in|   32|     ap_fifo|   inlen_stream|       pointer|
|inlen_stream_empty_n  |   in|    1|     ap_fifo|   inlen_stream|       pointer|
|inlen_stream_read     |  out|    1|     ap_fifo|   inlen_stream|       pointer|
|outstream_din         |  out|   16|     ap_fifo|      outstream|       pointer|
|outstream_full_n      |   in|    1|     ap_fifo|      outstream|       pointer|
|outstream_write       |  out|    1|     ap_fifo|      outstream|       pointer|
|outlen_stream_din     |  out|   32|     ap_fifo|  outlen_stream|       pointer|
|outlen_stream_full_n  |   in|    1|     ap_fifo|  outlen_stream|       pointer|
|outlen_stream_write   |  out|    1|     ap_fifo|  outlen_stream|       pointer|
+----------------------+-----+-----+------------+---------------+--------------+

