

================================================================
== Vitis HLS Report for 'compute'
================================================================
* Date:           Sun Oct 30 18:48:44 2022

* Version:        2020.2 (Build 3064766 on Wed Nov 18 09:12:47 MST 2020)
* Project:        HW7
* Solution:       solution1 (Vitis Kernel Flow Target)
* Product family: zynquplus
* Target device:  xczu3eg-sbva484-1-i


================================================================
== Performance Estimates
================================================================
+ Timing: 
    * Summary: 
    +--------+---------+----------+------------+
    |  Clock |  Target | Estimated| Uncertainty|
    +--------+---------+----------+------------+
    |ap_clk  |  6.67 ns|  4.063 ns|     1.80 ns|
    +--------+---------+----------+------------+

+ Latency: 
    * Summary: 
    +---------+---------+----------+----------+--------+--------+----------+
    |  Latency (cycles) |  Latency (absolute) |     Interval    | Pipeline |
    |   min   |   max   |    min   |    max   |   min  |   max  |   Type   |
    +---------+---------+----------+----------+--------+--------+----------+
    |   130951|   130951|  0.873 ms|  0.873 ms|  130952|  130952|  dataflow|
    +---------+---------+----------+----------+--------+--------+----------+

    + Detail: 
        * Instance: 
        +--------------------------------+-----------------------------+---------+---------+----------+----------+--------+--------+---------+
        |                                |                             |  Latency (cycles) |  Latency (absolute) |     Interval    | Pipeline|
        |            Instance            |            Module           |   min   |   max   |    min   |    max   |   min  |   max  |   Type  |
        +--------------------------------+-----------------------------+---------+---------+----------+----------+--------+--------+---------+
        |Filter_vertical_HW_stream_U0    |Filter_vertical_HW_stream    |   127985|   127985|  0.854 ms|  0.854 ms|  127985|  127985|     none|
        |Filter_horizontal_HW_stream_U0  |Filter_horizontal_HW_stream  |   130951|   130951|  0.873 ms|  0.873 ms|  130951|  130951|     none|
        +--------------------------------+-----------------------------+---------+---------+----------+----------+--------+--------+---------+

        * Loop: 
        N/A



================================================================
== Utilization Estimates
================================================================
* Summary: 
+-----------------+---------+-----+--------+-------+-----+
|       Name      | BRAM_18K| DSP |   FF   |  LUT  | URAM|
+-----------------+---------+-----+--------+-------+-----+
|DSP              |        -|    -|       -|      -|    -|
|Expression       |        -|    -|       0|      2|    -|
|FIFO             |        -|    -|      99|     67|    -|
|Instance         |        6|    2|     628|   1034|    -|
|Memory           |        -|    -|       -|      -|    -|
|Multiplexer      |        -|    -|       -|      -|    -|
|Register         |        -|    -|       -|      -|    -|
+-----------------+---------+-----+--------+-------+-----+
|Total            |        6|    2|     727|   1103|    0|
+-----------------+---------+-----+--------+-------+-----+
|Available        |      432|  360|  141120|  70560|    0|
+-----------------+---------+-----+--------+-------+-----+
|Utilization (%)  |        1|   ~0|      ~0|      1|    0|
+-----------------+---------+-----+--------+-------+-----+

+ Detail: 
    * Instance: 
    +--------------------------------+-----------------------------+---------+----+-----+-----+-----+
    |            Instance            |            Module           | BRAM_18K| DSP|  FF | LUT | URAM|
    +--------------------------------+-----------------------------+---------+----+-----+-----+-----+
    |Filter_horizontal_HW_stream_U0  |Filter_horizontal_HW_stream  |        0|   1|  301|  501|    0|
    |Filter_vertical_HW_stream_U0    |Filter_vertical_HW_stream    |        6|   1|  327|  533|    0|
    +--------------------------------+-----------------------------+---------+----+-----+-----+-----+
    |Total                           |                             |        6|   2|  628| 1034|    0|
    +--------------------------------+-----------------------------+---------+----+-----+-----+-----+

    * DSP: 
    N/A

    * Memory: 
    N/A

    * FIFO: 
    +---------------+---------+----+----+-----+------+-----+---------+
    |      Name     | BRAM_18K| FF | LUT| URAM| Depth| Bits| Size:D*B|
    +---------------+---------+----+----+-----+------+-----+---------+
    |temp_stream_U  |        0|  99|   0|    -|     2|    8|       16|
    +---------------+---------+----+----+-----+------+-----+---------+
    |Total          |        0|  99|   0|    0|     2|    8|       16|
    +---------------+---------+----+----+-----+------+-----+---------+

    * Expression: 
    +--------------+----------+----+---+----+------------+------------+
    | Variable Name| Operation| DSP| FF| LUT| Bitwidth P0| Bitwidth P1|
    +--------------+----------+----+---+----+------------+------------+
    |ap_idle       |       and|   0|  0|   2|           1|           1|
    +--------------+----------+----+---+----+------------+------------+
    |Total         |          |   0|  0|   2|           1|           1|
    +--------------+----------+----+---+----+------------+------------+

    * Multiplexer: 
    N/A

    * Register: 
    N/A



================================================================
== Interface
================================================================
* Summary: 
+----------------------+-----+-----+------------+---------------+--------------+
|       RTL Ports      | Dir | Bits|  Protocol  | Source Object |    C Type    |
+----------------------+-----+-----+------------+---------------+--------------+
|input_stream_dout     |   in|    8|     ap_fifo|   input_stream|       pointer|
|input_stream_empty_n  |   in|    1|     ap_fifo|   input_stream|       pointer|
|input_stream_read     |  out|    1|     ap_fifo|   input_stream|       pointer|
|output_stream_din     |  out|    8|     ap_fifo|  output_stream|       pointer|
|output_stream_full_n  |   in|    1|     ap_fifo|  output_stream|       pointer|
|output_stream_write   |  out|    1|     ap_fifo|  output_stream|       pointer|
|ap_clk                |   in|    1|  ap_ctrl_hs|        compute|  return value|
|ap_rst                |   in|    1|  ap_ctrl_hs|        compute|  return value|
|ap_start              |   in|    1|  ap_ctrl_hs|        compute|  return value|
|ap_done               |  out|    1|  ap_ctrl_hs|        compute|  return value|
|ap_ready              |  out|    1|  ap_ctrl_hs|        compute|  return value|
|ap_idle               |  out|    1|  ap_ctrl_hs|        compute|  return value|
|ap_continue           |   in|    1|  ap_ctrl_hs|        compute|  return value|
+----------------------+-----+-----+------------+---------------+--------------+

