

================================================================
== Vitis HLS Report for 'load6'
================================================================
* Date:           Wed Dec  7 20:43:09 2022

* Version:        2020.2 (Build 3064766 on Wed Nov 18 09:12:47 MST 2020)
* Project:        lzw_final
* Solution:       solution1 (Vitis Kernel Flow Target)
* Product family: zynquplus
* Target device:  xczu3eg-sbva484-1-i


================================================================
== Performance Estimates
================================================================
+ Timing: 
    * Summary: 
    +--------+---------+----------+------------+
    |  Clock |  Target | Estimated| Uncertainty|
    +--------+---------+----------+------------+
    |ap_clk  |  6.67 ns|  4.869 ns|     1.80 ns|
    +--------+---------+----------+------------+

+ Latency: 
    * Summary: 
    +---------+---------+----------+----------+-----+-----+---------+
    |  Latency (cycles) |  Latency (absolute) |  Interval | Pipeline|
    |   min   |   max   |    min   |    max   | min | max |   Type  |
    +---------+---------+----------+----------+-----+-----+---------+
    |       73|        ?|  0.487 us|         ?|   73|    ?|     none|
    +---------+---------+----------+----------+-----+-----+---------+

    + Detail: 
        * Instance: 
        N/A

        * Loop: 
        +--------------------+---------+---------+----------+-----------+-----------+-------+----------+
        |                    |  Latency (cycles) | Iteration|  Initiation Interval  |  Trip |          |
        |      Loop Name     |   min   |   max   |  Latency |  achieved |   target  | Count | Pipelined|
        +--------------------+---------+---------+----------+-----------+-----------+-------+----------+
        |- VITIS_LOOP_205_1  |        2|        ?|         3|          1|          1|  1 ~ ?|       yes|
        +--------------------+---------+---------+----------+-----------+-----------+-------+----------+

============================================================
+ Verbose Summary: Synthesis Manager
============================================================
InlineROM: 1
ExposeGlobal: 0
============================================================
+ Verbose Summary: CDFG Model
============================================================
IsTopModel: 0
ResetActiveHigh: 1
IsCombinational: 2
IsDatapathOnly: 0
HasWiredReturn: 1
HasMFsm: 0
HasVarLatency: 1
IsPipeline: 0
IsRtlPipelined: 0
IsInstanceOverlapped: 0
IsDontTouch: 0
HasImplIP: 0
IsGatedGlobalClock: 0

+ Individual pipeline summary: 
  * Pipeline-0: initiation interval (II) = 1, depth = 3


============================================================
+ Verbose Summary: Schedule
============================================================
* Number of FSM states : 146
* Pipeline : 1
  Pipeline-0 : II = 1, D = 3, States = { 143 144 145 }
* Dataflow Pipeline: 0

* FSM state transitions: 
1 --> 2 
2 --> 3 
3 --> 4 
4 --> 5 
5 --> 6 
6 --> 7 
7 --> 8 
8 --> 9 
9 --> 10 
10 --> 11 
11 --> 12 
12 --> 13 
13 --> 14 
14 --> 15 
15 --> 16 
16 --> 17 
17 --> 18 
18 --> 19 
19 --> 20 
20 --> 21 
21 --> 22 
22 --> 23 
23 --> 24 
24 --> 25 
25 --> 26 
26 --> 27 
27 --> 28 
28 --> 29 
29 --> 30 
30 --> 31 
31 --> 32 
32 --> 33 
33 --> 34 
34 --> 35 
35 --> 36 
36 --> 37 
37 --> 38 
38 --> 39 
39 --> 40 
40 --> 41 
41 --> 42 
42 --> 43 
43 --> 44 
44 --> 45 
45 --> 46 
46 --> 47 
47 --> 48 
48 --> 49 
49 --> 50 
50 --> 51 
51 --> 52 
52 --> 53 
53 --> 54 
54 --> 55 
55 --> 56 
56 --> 57 
57 --> 58 
58 --> 59 
59 --> 60 
60 --> 61 
61 --> 62 
62 --> 63 
63 --> 64 
64 --> 65 
65 --> 66 
66 --> 67 
67 --> 68 
68 --> 69 
69 --> 70 
70 --> 71 
71 --> 72 
72 --> 73 
73 --> 74 146 
74 --> 75 
75 --> 76 
76 --> 77 
77 --> 78 
78 --> 79 
79 --> 80 
80 --> 81 
81 --> 82 
82 --> 83 
83 --> 84 
84 --> 85 
85 --> 86 
86 --> 87 
87 --> 88 
88 --> 89 
89 --> 90 
90 --> 91 
91 --> 92 
92 --> 93 
93 --> 94 
94 --> 95 
95 --> 96 
96 --> 97 
97 --> 98 
98 --> 99 
99 --> 100 
100 --> 101 
101 --> 102 
102 --> 103 
103 --> 104 
104 --> 105 
105 --> 106 
106 --> 107 
107 --> 108 
108 --> 109 
109 --> 110 
110 --> 111 
111 --> 112 
112 --> 113 
113 --> 114 
114 --> 115 
115 --> 116 
116 --> 117 
117 --> 118 
118 --> 119 
119 --> 120 
120 --> 121 
121 --> 122 
122 --> 123 
123 --> 124 
124 --> 125 
125 --> 126 
126 --> 127 
127 --> 128 
128 --> 129 
129 --> 130 
130 --> 131 
131 --> 132 
132 --> 133 
133 --> 134 
134 --> 135 
135 --> 136 
136 --> 137 
137 --> 138 
138 --> 139 
139 --> 140 
140 --> 141 
141 --> 142 
142 --> 143 
143 --> 146 144 
144 --> 145 
145 --> 143 
146 --> 

* FSM state operations: 

State 1 <SV = 0> <Delay = 4.86>
ST_1 : Operation 147 [1/1] (0.00ns)   --->   "%output_length_read = read i64 @_ssdm_op_Read.ap_auto.i64, i64 %output_length" [../LZW.cpp:201]   --->   Operation 147 'read' 'output_length_read' <Predicate = true> <Delay = 0.00>
ST_1 : Operation 148 [1/1] (0.00ns)   --->   "%output_compress_read = read i64 @_ssdm_op_Read.ap_auto.i64, i64 %output_compress" [../LZW.cpp:201]   --->   Operation 148 'read' 'output_compress_read' <Predicate = true> <Delay = 0.00>
ST_1 : Operation 149 [1/1] (0.00ns)   --->   "%len_read = read i64 @_ssdm_op_Read.ap_auto.i64, i64 %len" [../LZW.cpp:201]   --->   Operation 149 'read' 'len_read' <Predicate = true> <Delay = 0.00>
ST_1 : Operation 150 [1/1] (2.16ns)   --->   "%write_ln201 = write void @_ssdm_op_Write.ap_fifo.i64P0A, i64 %output_compress_out, i64 %output_compress_read" [../LZW.cpp:201]   --->   Operation 150 'write' 'write_ln201' <Predicate = true> <Delay = 2.16> <CoreInst = "FIFO_SRL">   --->   Core 81 'FIFO_SRL' <Latency = 0> <II = 1> <Delay = 2.16> <Storage> <Opcode : 'read' 'write' 'nbread' 'nbwrite'> <Ports = 0> <Width = 64> <Depth = 3> <FIFO>
ST_1 : Operation 151 [1/1] (2.16ns)   --->   "%write_ln201 = write void @_ssdm_op_Write.ap_fifo.i64P0A, i64 %output_length_out, i64 %output_length_read" [../LZW.cpp:201]   --->   Operation 151 'write' 'write_ln201' <Predicate = true> <Delay = 2.16> <CoreInst = "FIFO_SRL">   --->   Core 81 'FIFO_SRL' <Latency = 0> <II = 1> <Delay = 2.16> <Storage> <Opcode : 'read' 'write' 'nbread' 'nbwrite'> <Ports = 0> <Width = 64> <Depth = 3> <FIFO>
ST_1 : Operation 152 [1/1] (0.00ns)   --->   "%p_cast_i_i = partselect i62 @_ssdm_op_PartSelect.i62.i64.i32.i32, i64 %len_read, i32 2, i32 63" [../LZW.cpp:201]   --->   Operation 152 'partselect' 'p_cast_i_i' <Predicate = true> <Delay = 0.00>
ST_1 : Operation 153 [1/1] (0.00ns)   --->   "%p_cast_cast_i_i = sext i62 %p_cast_i_i" [../LZW.cpp:201]   --->   Operation 153 'sext' 'p_cast_cast_i_i' <Predicate = true> <Delay = 0.00>
ST_1 : Operation 154 [1/1] (0.00ns)   --->   "%p1_addr = getelementptr i32 %p1, i64 %p_cast_cast_i_i" [../LZW.cpp:201]   --->   Operation 154 'getelementptr' 'p1_addr' <Predicate = true> <Delay = 0.00>
ST_1 : Operation 155 [70/70] (4.86ns)   --->   "%p1_load_req = readreq i1 @_ssdm_op_ReadReq.m_axi.i32P1A, i32 %p1_addr, i32 1" [../LZW.cpp:201]   --->   Operation 155 'readreq' 'p1_load_req' <Predicate = true> <Delay = 4.86> <CoreInst = "m_axi">   --->   Core 121 'm_axi' <Latency = 6> <II = 1> <Delay = 1.00> <Adapter> <Opcode : 'read' 'write' 'readreq' 'writereq' 'writeresp'>

State 2 <SV = 1> <Delay = 4.86>
ST_2 : Operation 156 [69/70] (4.86ns)   --->   "%p1_load_req = readreq i1 @_ssdm_op_ReadReq.m_axi.i32P1A, i32 %p1_addr, i32 1" [../LZW.cpp:201]   --->   Operation 156 'readreq' 'p1_load_req' <Predicate = true> <Delay = 4.86> <CoreInst = "m_axi">   --->   Core 121 'm_axi' <Latency = 6> <II = 1> <Delay = 1.00> <Adapter> <Opcode : 'read' 'write' 'readreq' 'writereq' 'writeresp'>

State 3 <SV = 2> <Delay = 4.86>
ST_3 : Operation 157 [68/70] (4.86ns)   --->   "%p1_load_req = readreq i1 @_ssdm_op_ReadReq.m_axi.i32P1A, i32 %p1_addr, i32 1" [../LZW.cpp:201]   --->   Operation 157 'readreq' 'p1_load_req' <Predicate = true> <Delay = 4.86> <CoreInst = "m_axi">   --->   Core 121 'm_axi' <Latency = 6> <II = 1> <Delay = 1.00> <Adapter> <Opcode : 'read' 'write' 'readreq' 'writereq' 'writeresp'>

State 4 <SV = 3> <Delay = 4.86>
ST_4 : Operation 158 [67/70] (4.86ns)   --->   "%p1_load_req = readreq i1 @_ssdm_op_ReadReq.m_axi.i32P1A, i32 %p1_addr, i32 1" [../LZW.cpp:201]   --->   Operation 158 'readreq' 'p1_load_req' <Predicate = true> <Delay = 4.86> <CoreInst = "m_axi">   --->   Core 121 'm_axi' <Latency = 6> <II = 1> <Delay = 1.00> <Adapter> <Opcode : 'read' 'write' 'readreq' 'writereq' 'writeresp'>

State 5 <SV = 4> <Delay = 4.86>
ST_5 : Operation 159 [66/70] (4.86ns)   --->   "%p1_load_req = readreq i1 @_ssdm_op_ReadReq.m_axi.i32P1A, i32 %p1_addr, i32 1" [../LZW.cpp:201]   --->   Operation 159 'readreq' 'p1_load_req' <Predicate = true> <Delay = 4.86> <CoreInst = "m_axi">   --->   Core 121 'm_axi' <Latency = 6> <II = 1> <Delay = 1.00> <Adapter> <Opcode : 'read' 'write' 'readreq' 'writereq' 'writeresp'>

State 6 <SV = 5> <Delay = 4.86>
ST_6 : Operation 160 [65/70] (4.86ns)   --->   "%p1_load_req = readreq i1 @_ssdm_op_ReadReq.m_axi.i32P1A, i32 %p1_addr, i32 1" [../LZW.cpp:201]   --->   Operation 160 'readreq' 'p1_load_req' <Predicate = true> <Delay = 4.86> <CoreInst = "m_axi">   --->   Core 121 'm_axi' <Latency = 6> <II = 1> <Delay = 1.00> <Adapter> <Opcode : 'read' 'write' 'readreq' 'writereq' 'writeresp'>

State 7 <SV = 6> <Delay = 4.86>
ST_7 : Operation 161 [64/70] (4.86ns)   --->   "%p1_load_req = readreq i1 @_ssdm_op_ReadReq.m_axi.i32P1A, i32 %p1_addr, i32 1" [../LZW.cpp:201]   --->   Operation 161 'readreq' 'p1_load_req' <Predicate = true> <Delay = 4.86> <CoreInst = "m_axi">   --->   Core 121 'm_axi' <Latency = 6> <II = 1> <Delay = 1.00> <Adapter> <Opcode : 'read' 'write' 'readreq' 'writereq' 'writeresp'>

State 8 <SV = 7> <Delay = 4.86>
ST_8 : Operation 162 [63/70] (4.86ns)   --->   "%p1_load_req = readreq i1 @_ssdm_op_ReadReq.m_axi.i32P1A, i32 %p1_addr, i32 1" [../LZW.cpp:201]   --->   Operation 162 'readreq' 'p1_load_req' <Predicate = true> <Delay = 4.86> <CoreInst = "m_axi">   --->   Core 121 'm_axi' <Latency = 6> <II = 1> <Delay = 1.00> <Adapter> <Opcode : 'read' 'write' 'readreq' 'writereq' 'writeresp'>

State 9 <SV = 8> <Delay = 4.86>
ST_9 : Operation 163 [62/70] (4.86ns)   --->   "%p1_load_req = readreq i1 @_ssdm_op_ReadReq.m_axi.i32P1A, i32 %p1_addr, i32 1" [../LZW.cpp:201]   --->   Operation 163 'readreq' 'p1_load_req' <Predicate = true> <Delay = 4.86> <CoreInst = "m_axi">   --->   Core 121 'm_axi' <Latency = 6> <II = 1> <Delay = 1.00> <Adapter> <Opcode : 'read' 'write' 'readreq' 'writereq' 'writeresp'>

State 10 <SV = 9> <Delay = 4.86>
ST_10 : Operation 164 [61/70] (4.86ns)   --->   "%p1_load_req = readreq i1 @_ssdm_op_ReadReq.m_axi.i32P1A, i32 %p1_addr, i32 1" [../LZW.cpp:201]   --->   Operation 164 'readreq' 'p1_load_req' <Predicate = true> <Delay = 4.86> <CoreInst = "m_axi">   --->   Core 121 'm_axi' <Latency = 6> <II = 1> <Delay = 1.00> <Adapter> <Opcode : 'read' 'write' 'readreq' 'writereq' 'writeresp'>

State 11 <SV = 10> <Delay = 4.86>
ST_11 : Operation 165 [60/70] (4.86ns)   --->   "%p1_load_req = readreq i1 @_ssdm_op_ReadReq.m_axi.i32P1A, i32 %p1_addr, i32 1" [../LZW.cpp:201]   --->   Operation 165 'readreq' 'p1_load_req' <Predicate = true> <Delay = 4.86> <CoreInst = "m_axi">   --->   Core 121 'm_axi' <Latency = 6> <II = 1> <Delay = 1.00> <Adapter> <Opcode : 'read' 'write' 'readreq' 'writereq' 'writeresp'>

State 12 <SV = 11> <Delay = 4.86>
ST_12 : Operation 166 [59/70] (4.86ns)   --->   "%p1_load_req = readreq i1 @_ssdm_op_ReadReq.m_axi.i32P1A, i32 %p1_addr, i32 1" [../LZW.cpp:201]   --->   Operation 166 'readreq' 'p1_load_req' <Predicate = true> <Delay = 4.86> <CoreInst = "m_axi">   --->   Core 121 'm_axi' <Latency = 6> <II = 1> <Delay = 1.00> <Adapter> <Opcode : 'read' 'write' 'readreq' 'writereq' 'writeresp'>

State 13 <SV = 12> <Delay = 4.86>
ST_13 : Operation 167 [58/70] (4.86ns)   --->   "%p1_load_req = readreq i1 @_ssdm_op_ReadReq.m_axi.i32P1A, i32 %p1_addr, i32 1" [../LZW.cpp:201]   --->   Operation 167 'readreq' 'p1_load_req' <Predicate = true> <Delay = 4.86> <CoreInst = "m_axi">   --->   Core 121 'm_axi' <Latency = 6> <II = 1> <Delay = 1.00> <Adapter> <Opcode : 'read' 'write' 'readreq' 'writereq' 'writeresp'>

State 14 <SV = 13> <Delay = 4.86>
ST_14 : Operation 168 [57/70] (4.86ns)   --->   "%p1_load_req = readreq i1 @_ssdm_op_ReadReq.m_axi.i32P1A, i32 %p1_addr, i32 1" [../LZW.cpp:201]   --->   Operation 168 'readreq' 'p1_load_req' <Predicate = true> <Delay = 4.86> <CoreInst = "m_axi">   --->   Core 121 'm_axi' <Latency = 6> <II = 1> <Delay = 1.00> <Adapter> <Opcode : 'read' 'write' 'readreq' 'writereq' 'writeresp'>

State 15 <SV = 14> <Delay = 4.86>
ST_15 : Operation 169 [56/70] (4.86ns)   --->   "%p1_load_req = readreq i1 @_ssdm_op_ReadReq.m_axi.i32P1A, i32 %p1_addr, i32 1" [../LZW.cpp:201]   --->   Operation 169 'readreq' 'p1_load_req' <Predicate = true> <Delay = 4.86> <CoreInst = "m_axi">   --->   Core 121 'm_axi' <Latency = 6> <II = 1> <Delay = 1.00> <Adapter> <Opcode : 'read' 'write' 'readreq' 'writereq' 'writeresp'>

State 16 <SV = 15> <Delay = 4.86>
ST_16 : Operation 170 [55/70] (4.86ns)   --->   "%p1_load_req = readreq i1 @_ssdm_op_ReadReq.m_axi.i32P1A, i32 %p1_addr, i32 1" [../LZW.cpp:201]   --->   Operation 170 'readreq' 'p1_load_req' <Predicate = true> <Delay = 4.86> <CoreInst = "m_axi">   --->   Core 121 'm_axi' <Latency = 6> <II = 1> <Delay = 1.00> <Adapter> <Opcode : 'read' 'write' 'readreq' 'writereq' 'writeresp'>

State 17 <SV = 16> <Delay = 4.86>
ST_17 : Operation 171 [54/70] (4.86ns)   --->   "%p1_load_req = readreq i1 @_ssdm_op_ReadReq.m_axi.i32P1A, i32 %p1_addr, i32 1" [../LZW.cpp:201]   --->   Operation 171 'readreq' 'p1_load_req' <Predicate = true> <Delay = 4.86> <CoreInst = "m_axi">   --->   Core 121 'm_axi' <Latency = 6> <II = 1> <Delay = 1.00> <Adapter> <Opcode : 'read' 'write' 'readreq' 'writereq' 'writeresp'>

State 18 <SV = 17> <Delay = 4.86>
ST_18 : Operation 172 [53/70] (4.86ns)   --->   "%p1_load_req = readreq i1 @_ssdm_op_ReadReq.m_axi.i32P1A, i32 %p1_addr, i32 1" [../LZW.cpp:201]   --->   Operation 172 'readreq' 'p1_load_req' <Predicate = true> <Delay = 4.86> <CoreInst = "m_axi">   --->   Core 121 'm_axi' <Latency = 6> <II = 1> <Delay = 1.00> <Adapter> <Opcode : 'read' 'write' 'readreq' 'writereq' 'writeresp'>

State 19 <SV = 18> <Delay = 4.86>
ST_19 : Operation 173 [52/70] (4.86ns)   --->   "%p1_load_req = readreq i1 @_ssdm_op_ReadReq.m_axi.i32P1A, i32 %p1_addr, i32 1" [../LZW.cpp:201]   --->   Operation 173 'readreq' 'p1_load_req' <Predicate = true> <Delay = 4.86> <CoreInst = "m_axi">   --->   Core 121 'm_axi' <Latency = 6> <II = 1> <Delay = 1.00> <Adapter> <Opcode : 'read' 'write' 'readreq' 'writereq' 'writeresp'>

State 20 <SV = 19> <Delay = 4.86>
ST_20 : Operation 174 [51/70] (4.86ns)   --->   "%p1_load_req = readreq i1 @_ssdm_op_ReadReq.m_axi.i32P1A, i32 %p1_addr, i32 1" [../LZW.cpp:201]   --->   Operation 174 'readreq' 'p1_load_req' <Predicate = true> <Delay = 4.86> <CoreInst = "m_axi">   --->   Core 121 'm_axi' <Latency = 6> <II = 1> <Delay = 1.00> <Adapter> <Opcode : 'read' 'write' 'readreq' 'writereq' 'writeresp'>

State 21 <SV = 20> <Delay = 4.86>
ST_21 : Operation 175 [50/70] (4.86ns)   --->   "%p1_load_req = readreq i1 @_ssdm_op_ReadReq.m_axi.i32P1A, i32 %p1_addr, i32 1" [../LZW.cpp:201]   --->   Operation 175 'readreq' 'p1_load_req' <Predicate = true> <Delay = 4.86> <CoreInst = "m_axi">   --->   Core 121 'm_axi' <Latency = 6> <II = 1> <Delay = 1.00> <Adapter> <Opcode : 'read' 'write' 'readreq' 'writereq' 'writeresp'>

State 22 <SV = 21> <Delay = 4.86>
ST_22 : Operation 176 [49/70] (4.86ns)   --->   "%p1_load_req = readreq i1 @_ssdm_op_ReadReq.m_axi.i32P1A, i32 %p1_addr, i32 1" [../LZW.cpp:201]   --->   Operation 176 'readreq' 'p1_load_req' <Predicate = true> <Delay = 4.86> <CoreInst = "m_axi">   --->   Core 121 'm_axi' <Latency = 6> <II = 1> <Delay = 1.00> <Adapter> <Opcode : 'read' 'write' 'readreq' 'writereq' 'writeresp'>

State 23 <SV = 22> <Delay = 4.86>
ST_23 : Operation 177 [48/70] (4.86ns)   --->   "%p1_load_req = readreq i1 @_ssdm_op_ReadReq.m_axi.i32P1A, i32 %p1_addr, i32 1" [../LZW.cpp:201]   --->   Operation 177 'readreq' 'p1_load_req' <Predicate = true> <Delay = 4.86> <CoreInst = "m_axi">   --->   Core 121 'm_axi' <Latency = 6> <II = 1> <Delay = 1.00> <Adapter> <Opcode : 'read' 'write' 'readreq' 'writereq' 'writeresp'>

State 24 <SV = 23> <Delay = 4.86>
ST_24 : Operation 178 [47/70] (4.86ns)   --->   "%p1_load_req = readreq i1 @_ssdm_op_ReadReq.m_axi.i32P1A, i32 %p1_addr, i32 1" [../LZW.cpp:201]   --->   Operation 178 'readreq' 'p1_load_req' <Predicate = true> <Delay = 4.86> <CoreInst = "m_axi">   --->   Core 121 'm_axi' <Latency = 6> <II = 1> <Delay = 1.00> <Adapter> <Opcode : 'read' 'write' 'readreq' 'writereq' 'writeresp'>

State 25 <SV = 24> <Delay = 4.86>
ST_25 : Operation 179 [46/70] (4.86ns)   --->   "%p1_load_req = readreq i1 @_ssdm_op_ReadReq.m_axi.i32P1A, i32 %p1_addr, i32 1" [../LZW.cpp:201]   --->   Operation 179 'readreq' 'p1_load_req' <Predicate = true> <Delay = 4.86> <CoreInst = "m_axi">   --->   Core 121 'm_axi' <Latency = 6> <II = 1> <Delay = 1.00> <Adapter> <Opcode : 'read' 'write' 'readreq' 'writereq' 'writeresp'>

State 26 <SV = 25> <Delay = 4.86>
ST_26 : Operation 180 [45/70] (4.86ns)   --->   "%p1_load_req = readreq i1 @_ssdm_op_ReadReq.m_axi.i32P1A, i32 %p1_addr, i32 1" [../LZW.cpp:201]   --->   Operation 180 'readreq' 'p1_load_req' <Predicate = true> <Delay = 4.86> <CoreInst = "m_axi">   --->   Core 121 'm_axi' <Latency = 6> <II = 1> <Delay = 1.00> <Adapter> <Opcode : 'read' 'write' 'readreq' 'writereq' 'writeresp'>

State 27 <SV = 26> <Delay = 4.86>
ST_27 : Operation 181 [44/70] (4.86ns)   --->   "%p1_load_req = readreq i1 @_ssdm_op_ReadReq.m_axi.i32P1A, i32 %p1_addr, i32 1" [../LZW.cpp:201]   --->   Operation 181 'readreq' 'p1_load_req' <Predicate = true> <Delay = 4.86> <CoreInst = "m_axi">   --->   Core 121 'm_axi' <Latency = 6> <II = 1> <Delay = 1.00> <Adapter> <Opcode : 'read' 'write' 'readreq' 'writereq' 'writeresp'>

State 28 <SV = 27> <Delay = 4.86>
ST_28 : Operation 182 [43/70] (4.86ns)   --->   "%p1_load_req = readreq i1 @_ssdm_op_ReadReq.m_axi.i32P1A, i32 %p1_addr, i32 1" [../LZW.cpp:201]   --->   Operation 182 'readreq' 'p1_load_req' <Predicate = true> <Delay = 4.86> <CoreInst = "m_axi">   --->   Core 121 'm_axi' <Latency = 6> <II = 1> <Delay = 1.00> <Adapter> <Opcode : 'read' 'write' 'readreq' 'writereq' 'writeresp'>

State 29 <SV = 28> <Delay = 4.86>
ST_29 : Operation 183 [42/70] (4.86ns)   --->   "%p1_load_req = readreq i1 @_ssdm_op_ReadReq.m_axi.i32P1A, i32 %p1_addr, i32 1" [../LZW.cpp:201]   --->   Operation 183 'readreq' 'p1_load_req' <Predicate = true> <Delay = 4.86> <CoreInst = "m_axi">   --->   Core 121 'm_axi' <Latency = 6> <II = 1> <Delay = 1.00> <Adapter> <Opcode : 'read' 'write' 'readreq' 'writereq' 'writeresp'>

State 30 <SV = 29> <Delay = 4.86>
ST_30 : Operation 184 [41/70] (4.86ns)   --->   "%p1_load_req = readreq i1 @_ssdm_op_ReadReq.m_axi.i32P1A, i32 %p1_addr, i32 1" [../LZW.cpp:201]   --->   Operation 184 'readreq' 'p1_load_req' <Predicate = true> <Delay = 4.86> <CoreInst = "m_axi">   --->   Core 121 'm_axi' <Latency = 6> <II = 1> <Delay = 1.00> <Adapter> <Opcode : 'read' 'write' 'readreq' 'writereq' 'writeresp'>

State 31 <SV = 30> <Delay = 4.86>
ST_31 : Operation 185 [40/70] (4.86ns)   --->   "%p1_load_req = readreq i1 @_ssdm_op_ReadReq.m_axi.i32P1A, i32 %p1_addr, i32 1" [../LZW.cpp:201]   --->   Operation 185 'readreq' 'p1_load_req' <Predicate = true> <Delay = 4.86> <CoreInst = "m_axi">   --->   Core 121 'm_axi' <Latency = 6> <II = 1> <Delay = 1.00> <Adapter> <Opcode : 'read' 'write' 'readreq' 'writereq' 'writeresp'>

State 32 <SV = 31> <Delay = 4.86>
ST_32 : Operation 186 [39/70] (4.86ns)   --->   "%p1_load_req = readreq i1 @_ssdm_op_ReadReq.m_axi.i32P1A, i32 %p1_addr, i32 1" [../LZW.cpp:201]   --->   Operation 186 'readreq' 'p1_load_req' <Predicate = true> <Delay = 4.86> <CoreInst = "m_axi">   --->   Core 121 'm_axi' <Latency = 6> <II = 1> <Delay = 1.00> <Adapter> <Opcode : 'read' 'write' 'readreq' 'writereq' 'writeresp'>

State 33 <SV = 32> <Delay = 4.86>
ST_33 : Operation 187 [38/70] (4.86ns)   --->   "%p1_load_req = readreq i1 @_ssdm_op_ReadReq.m_axi.i32P1A, i32 %p1_addr, i32 1" [../LZW.cpp:201]   --->   Operation 187 'readreq' 'p1_load_req' <Predicate = true> <Delay = 4.86> <CoreInst = "m_axi">   --->   Core 121 'm_axi' <Latency = 6> <II = 1> <Delay = 1.00> <Adapter> <Opcode : 'read' 'write' 'readreq' 'writereq' 'writeresp'>

State 34 <SV = 33> <Delay = 4.86>
ST_34 : Operation 188 [37/70] (4.86ns)   --->   "%p1_load_req = readreq i1 @_ssdm_op_ReadReq.m_axi.i32P1A, i32 %p1_addr, i32 1" [../LZW.cpp:201]   --->   Operation 188 'readreq' 'p1_load_req' <Predicate = true> <Delay = 4.86> <CoreInst = "m_axi">   --->   Core 121 'm_axi' <Latency = 6> <II = 1> <Delay = 1.00> <Adapter> <Opcode : 'read' 'write' 'readreq' 'writereq' 'writeresp'>

State 35 <SV = 34> <Delay = 4.86>
ST_35 : Operation 189 [36/70] (4.86ns)   --->   "%p1_load_req = readreq i1 @_ssdm_op_ReadReq.m_axi.i32P1A, i32 %p1_addr, i32 1" [../LZW.cpp:201]   --->   Operation 189 'readreq' 'p1_load_req' <Predicate = true> <Delay = 4.86> <CoreInst = "m_axi">   --->   Core 121 'm_axi' <Latency = 6> <II = 1> <Delay = 1.00> <Adapter> <Opcode : 'read' 'write' 'readreq' 'writereq' 'writeresp'>

State 36 <SV = 35> <Delay = 4.86>
ST_36 : Operation 190 [35/70] (4.86ns)   --->   "%p1_load_req = readreq i1 @_ssdm_op_ReadReq.m_axi.i32P1A, i32 %p1_addr, i32 1" [../LZW.cpp:201]   --->   Operation 190 'readreq' 'p1_load_req' <Predicate = true> <Delay = 4.86> <CoreInst = "m_axi">   --->   Core 121 'm_axi' <Latency = 6> <II = 1> <Delay = 1.00> <Adapter> <Opcode : 'read' 'write' 'readreq' 'writereq' 'writeresp'>

State 37 <SV = 36> <Delay = 4.86>
ST_37 : Operation 191 [34/70] (4.86ns)   --->   "%p1_load_req = readreq i1 @_ssdm_op_ReadReq.m_axi.i32P1A, i32 %p1_addr, i32 1" [../LZW.cpp:201]   --->   Operation 191 'readreq' 'p1_load_req' <Predicate = true> <Delay = 4.86> <CoreInst = "m_axi">   --->   Core 121 'm_axi' <Latency = 6> <II = 1> <Delay = 1.00> <Adapter> <Opcode : 'read' 'write' 'readreq' 'writereq' 'writeresp'>

State 38 <SV = 37> <Delay = 4.86>
ST_38 : Operation 192 [33/70] (4.86ns)   --->   "%p1_load_req = readreq i1 @_ssdm_op_ReadReq.m_axi.i32P1A, i32 %p1_addr, i32 1" [../LZW.cpp:201]   --->   Operation 192 'readreq' 'p1_load_req' <Predicate = true> <Delay = 4.86> <CoreInst = "m_axi">   --->   Core 121 'm_axi' <Latency = 6> <II = 1> <Delay = 1.00> <Adapter> <Opcode : 'read' 'write' 'readreq' 'writereq' 'writeresp'>

State 39 <SV = 38> <Delay = 4.86>
ST_39 : Operation 193 [32/70] (4.86ns)   --->   "%p1_load_req = readreq i1 @_ssdm_op_ReadReq.m_axi.i32P1A, i32 %p1_addr, i32 1" [../LZW.cpp:201]   --->   Operation 193 'readreq' 'p1_load_req' <Predicate = true> <Delay = 4.86> <CoreInst = "m_axi">   --->   Core 121 'm_axi' <Latency = 6> <II = 1> <Delay = 1.00> <Adapter> <Opcode : 'read' 'write' 'readreq' 'writereq' 'writeresp'>

State 40 <SV = 39> <Delay = 4.86>
ST_40 : Operation 194 [31/70] (4.86ns)   --->   "%p1_load_req = readreq i1 @_ssdm_op_ReadReq.m_axi.i32P1A, i32 %p1_addr, i32 1" [../LZW.cpp:201]   --->   Operation 194 'readreq' 'p1_load_req' <Predicate = true> <Delay = 4.86> <CoreInst = "m_axi">   --->   Core 121 'm_axi' <Latency = 6> <II = 1> <Delay = 1.00> <Adapter> <Opcode : 'read' 'write' 'readreq' 'writereq' 'writeresp'>

State 41 <SV = 40> <Delay = 4.86>
ST_41 : Operation 195 [30/70] (4.86ns)   --->   "%p1_load_req = readreq i1 @_ssdm_op_ReadReq.m_axi.i32P1A, i32 %p1_addr, i32 1" [../LZW.cpp:201]   --->   Operation 195 'readreq' 'p1_load_req' <Predicate = true> <Delay = 4.86> <CoreInst = "m_axi">   --->   Core 121 'm_axi' <Latency = 6> <II = 1> <Delay = 1.00> <Adapter> <Opcode : 'read' 'write' 'readreq' 'writereq' 'writeresp'>

State 42 <SV = 41> <Delay = 4.86>
ST_42 : Operation 196 [29/70] (4.86ns)   --->   "%p1_load_req = readreq i1 @_ssdm_op_ReadReq.m_axi.i32P1A, i32 %p1_addr, i32 1" [../LZW.cpp:201]   --->   Operation 196 'readreq' 'p1_load_req' <Predicate = true> <Delay = 4.86> <CoreInst = "m_axi">   --->   Core 121 'm_axi' <Latency = 6> <II = 1> <Delay = 1.00> <Adapter> <Opcode : 'read' 'write' 'readreq' 'writereq' 'writeresp'>

State 43 <SV = 42> <Delay = 4.86>
ST_43 : Operation 197 [28/70] (4.86ns)   --->   "%p1_load_req = readreq i1 @_ssdm_op_ReadReq.m_axi.i32P1A, i32 %p1_addr, i32 1" [../LZW.cpp:201]   --->   Operation 197 'readreq' 'p1_load_req' <Predicate = true> <Delay = 4.86> <CoreInst = "m_axi">   --->   Core 121 'm_axi' <Latency = 6> <II = 1> <Delay = 1.00> <Adapter> <Opcode : 'read' 'write' 'readreq' 'writereq' 'writeresp'>

State 44 <SV = 43> <Delay = 4.86>
ST_44 : Operation 198 [27/70] (4.86ns)   --->   "%p1_load_req = readreq i1 @_ssdm_op_ReadReq.m_axi.i32P1A, i32 %p1_addr, i32 1" [../LZW.cpp:201]   --->   Operation 198 'readreq' 'p1_load_req' <Predicate = true> <Delay = 4.86> <CoreInst = "m_axi">   --->   Core 121 'm_axi' <Latency = 6> <II = 1> <Delay = 1.00> <Adapter> <Opcode : 'read' 'write' 'readreq' 'writereq' 'writeresp'>

State 45 <SV = 44> <Delay = 4.86>
ST_45 : Operation 199 [26/70] (4.86ns)   --->   "%p1_load_req = readreq i1 @_ssdm_op_ReadReq.m_axi.i32P1A, i32 %p1_addr, i32 1" [../LZW.cpp:201]   --->   Operation 199 'readreq' 'p1_load_req' <Predicate = true> <Delay = 4.86> <CoreInst = "m_axi">   --->   Core 121 'm_axi' <Latency = 6> <II = 1> <Delay = 1.00> <Adapter> <Opcode : 'read' 'write' 'readreq' 'writereq' 'writeresp'>

State 46 <SV = 45> <Delay = 4.86>
ST_46 : Operation 200 [25/70] (4.86ns)   --->   "%p1_load_req = readreq i1 @_ssdm_op_ReadReq.m_axi.i32P1A, i32 %p1_addr, i32 1" [../LZW.cpp:201]   --->   Operation 200 'readreq' 'p1_load_req' <Predicate = true> <Delay = 4.86> <CoreInst = "m_axi">   --->   Core 121 'm_axi' <Latency = 6> <II = 1> <Delay = 1.00> <Adapter> <Opcode : 'read' 'write' 'readreq' 'writereq' 'writeresp'>

State 47 <SV = 46> <Delay = 4.86>
ST_47 : Operation 201 [24/70] (4.86ns)   --->   "%p1_load_req = readreq i1 @_ssdm_op_ReadReq.m_axi.i32P1A, i32 %p1_addr, i32 1" [../LZW.cpp:201]   --->   Operation 201 'readreq' 'p1_load_req' <Predicate = true> <Delay = 4.86> <CoreInst = "m_axi">   --->   Core 121 'm_axi' <Latency = 6> <II = 1> <Delay = 1.00> <Adapter> <Opcode : 'read' 'write' 'readreq' 'writereq' 'writeresp'>

State 48 <SV = 47> <Delay = 4.86>
ST_48 : Operation 202 [23/70] (4.86ns)   --->   "%p1_load_req = readreq i1 @_ssdm_op_ReadReq.m_axi.i32P1A, i32 %p1_addr, i32 1" [../LZW.cpp:201]   --->   Operation 202 'readreq' 'p1_load_req' <Predicate = true> <Delay = 4.86> <CoreInst = "m_axi">   --->   Core 121 'm_axi' <Latency = 6> <II = 1> <Delay = 1.00> <Adapter> <Opcode : 'read' 'write' 'readreq' 'writereq' 'writeresp'>

State 49 <SV = 48> <Delay = 4.86>
ST_49 : Operation 203 [22/70] (4.86ns)   --->   "%p1_load_req = readreq i1 @_ssdm_op_ReadReq.m_axi.i32P1A, i32 %p1_addr, i32 1" [../LZW.cpp:201]   --->   Operation 203 'readreq' 'p1_load_req' <Predicate = true> <Delay = 4.86> <CoreInst = "m_axi">   --->   Core 121 'm_axi' <Latency = 6> <II = 1> <Delay = 1.00> <Adapter> <Opcode : 'read' 'write' 'readreq' 'writereq' 'writeresp'>

State 50 <SV = 49> <Delay = 4.86>
ST_50 : Operation 204 [21/70] (4.86ns)   --->   "%p1_load_req = readreq i1 @_ssdm_op_ReadReq.m_axi.i32P1A, i32 %p1_addr, i32 1" [../LZW.cpp:201]   --->   Operation 204 'readreq' 'p1_load_req' <Predicate = true> <Delay = 4.86> <CoreInst = "m_axi">   --->   Core 121 'm_axi' <Latency = 6> <II = 1> <Delay = 1.00> <Adapter> <Opcode : 'read' 'write' 'readreq' 'writereq' 'writeresp'>

State 51 <SV = 50> <Delay = 4.86>
ST_51 : Operation 205 [20/70] (4.86ns)   --->   "%p1_load_req = readreq i1 @_ssdm_op_ReadReq.m_axi.i32P1A, i32 %p1_addr, i32 1" [../LZW.cpp:201]   --->   Operation 205 'readreq' 'p1_load_req' <Predicate = true> <Delay = 4.86> <CoreInst = "m_axi">   --->   Core 121 'm_axi' <Latency = 6> <II = 1> <Delay = 1.00> <Adapter> <Opcode : 'read' 'write' 'readreq' 'writereq' 'writeresp'>

State 52 <SV = 51> <Delay = 4.86>
ST_52 : Operation 206 [19/70] (4.86ns)   --->   "%p1_load_req = readreq i1 @_ssdm_op_ReadReq.m_axi.i32P1A, i32 %p1_addr, i32 1" [../LZW.cpp:201]   --->   Operation 206 'readreq' 'p1_load_req' <Predicate = true> <Delay = 4.86> <CoreInst = "m_axi">   --->   Core 121 'm_axi' <Latency = 6> <II = 1> <Delay = 1.00> <Adapter> <Opcode : 'read' 'write' 'readreq' 'writereq' 'writeresp'>

State 53 <SV = 52> <Delay = 4.86>
ST_53 : Operation 207 [18/70] (4.86ns)   --->   "%p1_load_req = readreq i1 @_ssdm_op_ReadReq.m_axi.i32P1A, i32 %p1_addr, i32 1" [../LZW.cpp:201]   --->   Operation 207 'readreq' 'p1_load_req' <Predicate = true> <Delay = 4.86> <CoreInst = "m_axi">   --->   Core 121 'm_axi' <Latency = 6> <II = 1> <Delay = 1.00> <Adapter> <Opcode : 'read' 'write' 'readreq' 'writereq' 'writeresp'>

State 54 <SV = 53> <Delay = 4.86>
ST_54 : Operation 208 [17/70] (4.86ns)   --->   "%p1_load_req = readreq i1 @_ssdm_op_ReadReq.m_axi.i32P1A, i32 %p1_addr, i32 1" [../LZW.cpp:201]   --->   Operation 208 'readreq' 'p1_load_req' <Predicate = true> <Delay = 4.86> <CoreInst = "m_axi">   --->   Core 121 'm_axi' <Latency = 6> <II = 1> <Delay = 1.00> <Adapter> <Opcode : 'read' 'write' 'readreq' 'writereq' 'writeresp'>

State 55 <SV = 54> <Delay = 4.86>
ST_55 : Operation 209 [16/70] (4.86ns)   --->   "%p1_load_req = readreq i1 @_ssdm_op_ReadReq.m_axi.i32P1A, i32 %p1_addr, i32 1" [../LZW.cpp:201]   --->   Operation 209 'readreq' 'p1_load_req' <Predicate = true> <Delay = 4.86> <CoreInst = "m_axi">   --->   Core 121 'm_axi' <Latency = 6> <II = 1> <Delay = 1.00> <Adapter> <Opcode : 'read' 'write' 'readreq' 'writereq' 'writeresp'>

State 56 <SV = 55> <Delay = 4.86>
ST_56 : Operation 210 [15/70] (4.86ns)   --->   "%p1_load_req = readreq i1 @_ssdm_op_ReadReq.m_axi.i32P1A, i32 %p1_addr, i32 1" [../LZW.cpp:201]   --->   Operation 210 'readreq' 'p1_load_req' <Predicate = true> <Delay = 4.86> <CoreInst = "m_axi">   --->   Core 121 'm_axi' <Latency = 6> <II = 1> <Delay = 1.00> <Adapter> <Opcode : 'read' 'write' 'readreq' 'writereq' 'writeresp'>

State 57 <SV = 56> <Delay = 4.86>
ST_57 : Operation 211 [14/70] (4.86ns)   --->   "%p1_load_req = readreq i1 @_ssdm_op_ReadReq.m_axi.i32P1A, i32 %p1_addr, i32 1" [../LZW.cpp:201]   --->   Operation 211 'readreq' 'p1_load_req' <Predicate = true> <Delay = 4.86> <CoreInst = "m_axi">   --->   Core 121 'm_axi' <Latency = 6> <II = 1> <Delay = 1.00> <Adapter> <Opcode : 'read' 'write' 'readreq' 'writereq' 'writeresp'>

State 58 <SV = 57> <Delay = 4.86>
ST_58 : Operation 212 [13/70] (4.86ns)   --->   "%p1_load_req = readreq i1 @_ssdm_op_ReadReq.m_axi.i32P1A, i32 %p1_addr, i32 1" [../LZW.cpp:201]   --->   Operation 212 'readreq' 'p1_load_req' <Predicate = true> <Delay = 4.86> <CoreInst = "m_axi">   --->   Core 121 'm_axi' <Latency = 6> <II = 1> <Delay = 1.00> <Adapter> <Opcode : 'read' 'write' 'readreq' 'writereq' 'writeresp'>

State 59 <SV = 58> <Delay = 4.86>
ST_59 : Operation 213 [12/70] (4.86ns)   --->   "%p1_load_req = readreq i1 @_ssdm_op_ReadReq.m_axi.i32P1A, i32 %p1_addr, i32 1" [../LZW.cpp:201]   --->   Operation 213 'readreq' 'p1_load_req' <Predicate = true> <Delay = 4.86> <CoreInst = "m_axi">   --->   Core 121 'm_axi' <Latency = 6> <II = 1> <Delay = 1.00> <Adapter> <Opcode : 'read' 'write' 'readreq' 'writereq' 'writeresp'>

State 60 <SV = 59> <Delay = 4.86>
ST_60 : Operation 214 [11/70] (4.86ns)   --->   "%p1_load_req = readreq i1 @_ssdm_op_ReadReq.m_axi.i32P1A, i32 %p1_addr, i32 1" [../LZW.cpp:201]   --->   Operation 214 'readreq' 'p1_load_req' <Predicate = true> <Delay = 4.86> <CoreInst = "m_axi">   --->   Core 121 'm_axi' <Latency = 6> <II = 1> <Delay = 1.00> <Adapter> <Opcode : 'read' 'write' 'readreq' 'writereq' 'writeresp'>

State 61 <SV = 60> <Delay = 4.86>
ST_61 : Operation 215 [10/70] (4.86ns)   --->   "%p1_load_req = readreq i1 @_ssdm_op_ReadReq.m_axi.i32P1A, i32 %p1_addr, i32 1" [../LZW.cpp:201]   --->   Operation 215 'readreq' 'p1_load_req' <Predicate = true> <Delay = 4.86> <CoreInst = "m_axi">   --->   Core 121 'm_axi' <Latency = 6> <II = 1> <Delay = 1.00> <Adapter> <Opcode : 'read' 'write' 'readreq' 'writereq' 'writeresp'>

State 62 <SV = 61> <Delay = 4.86>
ST_62 : Operation 216 [9/70] (4.86ns)   --->   "%p1_load_req = readreq i1 @_ssdm_op_ReadReq.m_axi.i32P1A, i32 %p1_addr, i32 1" [../LZW.cpp:201]   --->   Operation 216 'readreq' 'p1_load_req' <Predicate = true> <Delay = 4.86> <CoreInst = "m_axi">   --->   Core 121 'm_axi' <Latency = 6> <II = 1> <Delay = 1.00> <Adapter> <Opcode : 'read' 'write' 'readreq' 'writereq' 'writeresp'>

State 63 <SV = 62> <Delay = 4.86>
ST_63 : Operation 217 [8/70] (4.86ns)   --->   "%p1_load_req = readreq i1 @_ssdm_op_ReadReq.m_axi.i32P1A, i32 %p1_addr, i32 1" [../LZW.cpp:201]   --->   Operation 217 'readreq' 'p1_load_req' <Predicate = true> <Delay = 4.86> <CoreInst = "m_axi">   --->   Core 121 'm_axi' <Latency = 6> <II = 1> <Delay = 1.00> <Adapter> <Opcode : 'read' 'write' 'readreq' 'writereq' 'writeresp'>

State 64 <SV = 63> <Delay = 4.86>
ST_64 : Operation 218 [7/70] (4.86ns)   --->   "%p1_load_req = readreq i1 @_ssdm_op_ReadReq.m_axi.i32P1A, i32 %p1_addr, i32 1" [../LZW.cpp:201]   --->   Operation 218 'readreq' 'p1_load_req' <Predicate = true> <Delay = 4.86> <CoreInst = "m_axi">   --->   Core 121 'm_axi' <Latency = 6> <II = 1> <Delay = 1.00> <Adapter> <Opcode : 'read' 'write' 'readreq' 'writereq' 'writeresp'>

State 65 <SV = 64> <Delay = 4.86>
ST_65 : Operation 219 [6/70] (4.86ns)   --->   "%p1_load_req = readreq i1 @_ssdm_op_ReadReq.m_axi.i32P1A, i32 %p1_addr, i32 1" [../LZW.cpp:201]   --->   Operation 219 'readreq' 'p1_load_req' <Predicate = true> <Delay = 4.86> <CoreInst = "m_axi">   --->   Core 121 'm_axi' <Latency = 6> <II = 1> <Delay = 1.00> <Adapter> <Opcode : 'read' 'write' 'readreq' 'writereq' 'writeresp'>

State 66 <SV = 65> <Delay = 4.86>
ST_66 : Operation 220 [5/70] (4.86ns)   --->   "%p1_load_req = readreq i1 @_ssdm_op_ReadReq.m_axi.i32P1A, i32 %p1_addr, i32 1" [../LZW.cpp:201]   --->   Operation 220 'readreq' 'p1_load_req' <Predicate = true> <Delay = 4.86> <CoreInst = "m_axi">   --->   Core 121 'm_axi' <Latency = 6> <II = 1> <Delay = 1.00> <Adapter> <Opcode : 'read' 'write' 'readreq' 'writereq' 'writeresp'>

State 67 <SV = 66> <Delay = 4.86>
ST_67 : Operation 221 [4/70] (4.86ns)   --->   "%p1_load_req = readreq i1 @_ssdm_op_ReadReq.m_axi.i32P1A, i32 %p1_addr, i32 1" [../LZW.cpp:201]   --->   Operation 221 'readreq' 'p1_load_req' <Predicate = true> <Delay = 4.86> <CoreInst = "m_axi">   --->   Core 121 'm_axi' <Latency = 6> <II = 1> <Delay = 1.00> <Adapter> <Opcode : 'read' 'write' 'readreq' 'writereq' 'writeresp'>

State 68 <SV = 67> <Delay = 4.86>
ST_68 : Operation 222 [3/70] (4.86ns)   --->   "%p1_load_req = readreq i1 @_ssdm_op_ReadReq.m_axi.i32P1A, i32 %p1_addr, i32 1" [../LZW.cpp:201]   --->   Operation 222 'readreq' 'p1_load_req' <Predicate = true> <Delay = 4.86> <CoreInst = "m_axi">   --->   Core 121 'm_axi' <Latency = 6> <II = 1> <Delay = 1.00> <Adapter> <Opcode : 'read' 'write' 'readreq' 'writereq' 'writeresp'>

State 69 <SV = 68> <Delay = 4.86>
ST_69 : Operation 223 [2/70] (4.86ns)   --->   "%p1_load_req = readreq i1 @_ssdm_op_ReadReq.m_axi.i32P1A, i32 %p1_addr, i32 1" [../LZW.cpp:201]   --->   Operation 223 'readreq' 'p1_load_req' <Predicate = true> <Delay = 4.86> <CoreInst = "m_axi">   --->   Core 121 'm_axi' <Latency = 6> <II = 1> <Delay = 1.00> <Adapter> <Opcode : 'read' 'write' 'readreq' 'writereq' 'writeresp'>

State 70 <SV = 69> <Delay = 4.86>
ST_70 : Operation 224 [1/70] (4.86ns)   --->   "%p1_load_req = readreq i1 @_ssdm_op_ReadReq.m_axi.i32P1A, i32 %p1_addr, i32 1" [../LZW.cpp:201]   --->   Operation 224 'readreq' 'p1_load_req' <Predicate = true> <Delay = 4.86> <CoreInst = "m_axi">   --->   Core 121 'm_axi' <Latency = 6> <II = 1> <Delay = 1.00> <Adapter> <Opcode : 'read' 'write' 'readreq' 'writereq' 'writeresp'>

State 71 <SV = 70> <Delay = 4.86>
ST_71 : Operation 225 [1/1] (4.86ns)   --->   "%p1_addr_read = read i32 @_ssdm_op_Read.m_axi.i32P1A, i32 %p1_addr" [../LZW.cpp:201]   --->   Operation 225 'read' 'p1_addr_read' <Predicate = true> <Delay = 4.86> <CoreInst = "m_axi">   --->   Core 121 'm_axi' <Latency = 6> <II = 1> <Delay = 1.00> <Adapter> <Opcode : 'read' 'write' 'readreq' 'writereq' 'writeresp'>

State 72 <SV = 71> <Delay = 1.11>
ST_72 : Operation 226 [1/1] (1.11ns)   --->   "%icmp_ln205 = icmp_sgt  i32 %p1_addr_read, i32 0" [../LZW.cpp:205]   --->   Operation 226 'icmp' 'icmp_ln205' <Predicate = true> <Delay = 1.11> <CoreInst = "Cmp">   --->   Core 9 'Cmp' <Latency = 0> <II = 1> <Delay = 1.11> <FuncUnit> <Opcode : 'icmp'> <InPorts = 2> <OutPorts = 1>

State 73 <SV = 72> <Delay = 4.86>
ST_73 : Operation 227 [1/1] (0.00ns)   --->   "%input_read = read i64 @_ssdm_op_Read.ap_auto.i64, i64 %input_r" [../LZW.cpp:201]   --->   Operation 227 'read' 'input_read' <Predicate = true> <Delay = 0.00>
ST_73 : Operation 228 [1/1] (0.00ns)   --->   "%specinterface_ln0 = specinterface void @_ssdm_op_SpecInterface, i8 %p0, void @empty_17, i32 0, i32 0, void @empty_18, i32 64, i32 8192, void @empty_5, void @empty_1, void @empty_18, i32 16, i32 16, i32 16, i32 16, void @empty_18, void @empty_18"   --->   Operation 228 'specinterface' 'specinterface_ln0' <Predicate = true> <Delay = 0.00>
ST_73 : Operation 229 [1/1] (0.00ns)   --->   "%specinterface_ln0 = specinterface void @_ssdm_op_SpecInterface, i8 %p0, void @empty_17, i32 0, i32 0, void @empty_18, i32 64, i32 8192, void @empty_5, void @empty_1, void @empty_18, i32 16, i32 16, i32 16, i32 16, void @empty_18, void @empty_18"   --->   Operation 229 'specinterface' 'specinterface_ln0' <Predicate = true> <Delay = 0.00>
ST_73 : Operation 230 [1/1] (0.00ns)   --->   "%specinterface_ln0 = specinterface void @_ssdm_op_SpecInterface, i8 %instream, void @empty_7, i32 0, i32 0, void @empty_18, i32 0, i32 0, void @empty_18, void @empty_18, void @empty_18, i32 0, i32 0, i32 0, i32 0, void @empty_18, void @empty_18"   --->   Operation 230 'specinterface' 'specinterface_ln0' <Predicate = true> <Delay = 0.00>
ST_73 : Operation 231 [1/1] (0.00ns)   --->   "%specinterface_ln0 = specinterface void @_ssdm_op_SpecInterface, i8 %instream, void @empty_7, i32 0, i32 0, void @empty_18, i32 0, i32 0, void @empty_18, void @empty_18, void @empty_18, i32 0, i32 0, i32 0, i32 0, void @empty_18, void @empty_18"   --->   Operation 231 'specinterface' 'specinterface_ln0' <Predicate = true> <Delay = 0.00>
ST_73 : Operation 232 [1/1] (0.00ns)   --->   "%specinterface_ln0 = specinterface void @_ssdm_op_SpecInterface, i32 %p1, void @empty_17, i32 0, i32 0, void @empty_18, i32 64, i32 8192, void @empty_0, void @empty_1, void @empty_18, i32 16, i32 16, i32 16, i32 16, void @empty_18, void @empty_18"   --->   Operation 232 'specinterface' 'specinterface_ln0' <Predicate = true> <Delay = 0.00>
ST_73 : Operation 233 [1/1] (0.00ns)   --->   "%specinterface_ln0 = specinterface void @_ssdm_op_SpecInterface, i32 %p1, void @empty_17, i32 0, i32 0, void @empty_18, i32 64, i32 8192, void @empty_0, void @empty_1, void @empty_18, i32 16, i32 16, i32 16, i32 16, void @empty_18, void @empty_18"   --->   Operation 233 'specinterface' 'specinterface_ln0' <Predicate = true> <Delay = 0.00>
ST_73 : Operation 234 [1/1] (0.00ns)   --->   "%specinterface_ln0 = specinterface void @_ssdm_op_SpecInterface, i32 %inlen_stream, void @empty_7, i32 0, i32 0, void @empty_18, i32 0, i32 0, void @empty_18, void @empty_18, void @empty_18, i32 0, i32 0, i32 0, i32 0, void @empty_18, void @empty_18"   --->   Operation 234 'specinterface' 'specinterface_ln0' <Predicate = true> <Delay = 0.00>
ST_73 : Operation 235 [1/1] (0.00ns)   --->   "%specinterface_ln0 = specinterface void @_ssdm_op_SpecInterface, i32 %inlen_stream, void @empty_7, i32 0, i32 0, void @empty_18, i32 0, i32 0, void @empty_18, void @empty_18, void @empty_18, i32 0, i32 0, i32 0, i32 0, void @empty_18, void @empty_18"   --->   Operation 235 'specinterface' 'specinterface_ln0' <Predicate = true> <Delay = 0.00>
ST_73 : Operation 236 [1/1] (0.00ns)   --->   "%specinterface_ln0 = specinterface void @_ssdm_op_SpecInterface, i64 %output_compress_out, void @ap_fifo_str, i32 0, i32 0, void @p_str, i32 0, i32 0, void @p_str, void @p_str, void @p_str, i32 2, i32 2, i32 16, i32 16, void @p_str, void @ScalarProp_str"   --->   Operation 236 'specinterface' 'specinterface_ln0' <Predicate = true> <Delay = 0.00>
ST_73 : Operation 237 [1/1] (0.00ns)   --->   "%specinterface_ln0 = specinterface void @_ssdm_op_SpecInterface, i64 %output_length_out, void @ap_fifo_str, i32 0, i32 0, void @p_str, i32 0, i32 0, void @p_str, void @p_str, void @p_str, i32 2, i32 2, i32 16, i32 16, void @p_str, void @ScalarProp_str"   --->   Operation 237 'specinterface' 'specinterface_ln0' <Predicate = true> <Delay = 0.00>
ST_73 : Operation 238 [1/1] (0.00ns)   --->   "%specinterface_ln0 = specinterface void @_ssdm_op_SpecInterface, i8 %p0, void @empty_17, i32 0, i32 0, void @empty_18, i32 64, i32 8192, void @empty_5, void @empty_1, void @empty_18, i32 16, i32 16, i32 16, i32 16, void @empty_18, void @empty_18"   --->   Operation 238 'specinterface' 'specinterface_ln0' <Predicate = true> <Delay = 0.00>
ST_73 : Operation 239 [1/1] (0.00ns)   --->   "%specinterface_ln0 = specinterface void @_ssdm_op_SpecInterface, i8 %instream, void @empty_7, i32 0, i32 0, void @empty_18, i32 0, i32 0, void @empty_18, void @empty_18, void @empty_18, i32 0, i32 0, i32 0, i32 0, void @empty_18, void @empty_18"   --->   Operation 239 'specinterface' 'specinterface_ln0' <Predicate = true> <Delay = 0.00>
ST_73 : Operation 240 [1/1] (0.00ns)   --->   "%specinterface_ln0 = specinterface void @_ssdm_op_SpecInterface, i32 %p1, void @empty_17, i32 0, i32 0, void @empty_18, i32 64, i32 8192, void @empty_0, void @empty_1, void @empty_18, i32 16, i32 16, i32 16, i32 16, void @empty_18, void @empty_18"   --->   Operation 240 'specinterface' 'specinterface_ln0' <Predicate = true> <Delay = 0.00>
ST_73 : Operation 241 [1/1] (0.00ns)   --->   "%specinterface_ln0 = specinterface void @_ssdm_op_SpecInterface, i32 %inlen_stream, void @empty_7, i32 0, i32 0, void @empty_18, i32 0, i32 0, void @empty_18, void @empty_18, void @empty_18, i32 0, i32 0, i32 0, i32 0, void @empty_18, void @empty_18"   --->   Operation 241 'specinterface' 'specinterface_ln0' <Predicate = true> <Delay = 0.00>
ST_73 : Operation 242 [1/1] (0.00ns)   --->   "%specinterface_ln0 = specinterface void @_ssdm_op_SpecInterface, i32 %inlen_stream, void @empty_7, i32 0, i32 0, void @empty_18, i32 0, i32 0, void @empty_18, void @empty_18, void @empty_18, i32 0, i32 0, i32 0, i32 0, void @empty_18, void @empty_18"   --->   Operation 242 'specinterface' 'specinterface_ln0' <Predicate = true> <Delay = 0.00>
ST_73 : Operation 243 [1/1] (0.00ns)   --->   "%specinterface_ln0 = specinterface void @_ssdm_op_SpecInterface, i8 %instream, void @empty_7, i32 0, i32 0, void @empty_18, i32 0, i32 0, void @empty_18, void @empty_18, void @empty_18, i32 0, i32 0, i32 0, i32 0, void @empty_18, void @empty_18"   --->   Operation 243 'specinterface' 'specinterface_ln0' <Predicate = true> <Delay = 0.00>
ST_73 : Operation 244 [1/1] (0.00ns)   --->   "%specinterface_ln0 = specinterface void @_ssdm_op_SpecInterface, i32 %p1, void @empty_17, i32 0, i32 0, void @empty_18, i32 64, i32 8192, void @empty_0, void @empty_1, void @empty_18, i32 16, i32 16, i32 16, i32 16, void @empty_18, void @empty_18"   --->   Operation 244 'specinterface' 'specinterface_ln0' <Predicate = true> <Delay = 0.00>
ST_73 : Operation 245 [1/1] (0.00ns)   --->   "%specinterface_ln0 = specinterface void @_ssdm_op_SpecInterface, i8 %p0, void @empty_17, i32 0, i32 0, void @empty_18, i32 64, i32 8192, void @empty_5, void @empty_1, void @empty_18, i32 16, i32 16, i32 16, i32 16, void @empty_18, void @empty_18"   --->   Operation 245 'specinterface' 'specinterface_ln0' <Predicate = true> <Delay = 0.00>
ST_73 : Operation 246 [1/1] (0.00ns)   --->   "%br_ln205 = br i1 %icmp_ln205, void %.exit, void %.lr.ph.i.i" [../LZW.cpp:205]   --->   Operation 246 'br' 'br_ln205' <Predicate = true> <Delay = 0.00>
ST_73 : Operation 247 [1/1] (0.00ns)   --->   "%p0_addr = getelementptr i8 %p0, i64 %input_read" [../LZW.cpp:205]   --->   Operation 247 'getelementptr' 'p0_addr' <Predicate = (icmp_ln205)> <Delay = 0.00>
ST_73 : Operation 248 [70/70] (4.86ns)   --->   "%empty = readreq i1 @_ssdm_op_ReadReq.m_axi.p1i8, i8 %p0_addr, i32 %p1_addr_read" [../LZW.cpp:205]   --->   Operation 248 'readreq' 'empty' <Predicate = (icmp_ln205)> <Delay = 4.86> <CoreInst = "m_axi">   --->   Core 121 'm_axi' <Latency = 6> <II = 1> <Delay = 1.00> <Adapter> <Opcode : 'read' 'write' 'readreq' 'writereq' 'writeresp'>

State 74 <SV = 73> <Delay = 4.86>
ST_74 : Operation 249 [69/70] (4.86ns)   --->   "%empty = readreq i1 @_ssdm_op_ReadReq.m_axi.p1i8, i8 %p0_addr, i32 %p1_addr_read" [../LZW.cpp:205]   --->   Operation 249 'readreq' 'empty' <Predicate = true> <Delay = 4.86> <CoreInst = "m_axi">   --->   Core 121 'm_axi' <Latency = 6> <II = 1> <Delay = 1.00> <Adapter> <Opcode : 'read' 'write' 'readreq' 'writereq' 'writeresp'>

State 75 <SV = 74> <Delay = 4.86>
ST_75 : Operation 250 [68/70] (4.86ns)   --->   "%empty = readreq i1 @_ssdm_op_ReadReq.m_axi.p1i8, i8 %p0_addr, i32 %p1_addr_read" [../LZW.cpp:205]   --->   Operation 250 'readreq' 'empty' <Predicate = true> <Delay = 4.86> <CoreInst = "m_axi">   --->   Core 121 'm_axi' <Latency = 6> <II = 1> <Delay = 1.00> <Adapter> <Opcode : 'read' 'write' 'readreq' 'writereq' 'writeresp'>

State 76 <SV = 75> <Delay = 4.86>
ST_76 : Operation 251 [67/70] (4.86ns)   --->   "%empty = readreq i1 @_ssdm_op_ReadReq.m_axi.p1i8, i8 %p0_addr, i32 %p1_addr_read" [../LZW.cpp:205]   --->   Operation 251 'readreq' 'empty' <Predicate = true> <Delay = 4.86> <CoreInst = "m_axi">   --->   Core 121 'm_axi' <Latency = 6> <II = 1> <Delay = 1.00> <Adapter> <Opcode : 'read' 'write' 'readreq' 'writereq' 'writeresp'>

State 77 <SV = 76> <Delay = 4.86>
ST_77 : Operation 252 [66/70] (4.86ns)   --->   "%empty = readreq i1 @_ssdm_op_ReadReq.m_axi.p1i8, i8 %p0_addr, i32 %p1_addr_read" [../LZW.cpp:205]   --->   Operation 252 'readreq' 'empty' <Predicate = true> <Delay = 4.86> <CoreInst = "m_axi">   --->   Core 121 'm_axi' <Latency = 6> <II = 1> <Delay = 1.00> <Adapter> <Opcode : 'read' 'write' 'readreq' 'writereq' 'writeresp'>

State 78 <SV = 77> <Delay = 4.86>
ST_78 : Operation 253 [65/70] (4.86ns)   --->   "%empty = readreq i1 @_ssdm_op_ReadReq.m_axi.p1i8, i8 %p0_addr, i32 %p1_addr_read" [../LZW.cpp:205]   --->   Operation 253 'readreq' 'empty' <Predicate = true> <Delay = 4.86> <CoreInst = "m_axi">   --->   Core 121 'm_axi' <Latency = 6> <II = 1> <Delay = 1.00> <Adapter> <Opcode : 'read' 'write' 'readreq' 'writereq' 'writeresp'>

State 79 <SV = 78> <Delay = 4.86>
ST_79 : Operation 254 [64/70] (4.86ns)   --->   "%empty = readreq i1 @_ssdm_op_ReadReq.m_axi.p1i8, i8 %p0_addr, i32 %p1_addr_read" [../LZW.cpp:205]   --->   Operation 254 'readreq' 'empty' <Predicate = true> <Delay = 4.86> <CoreInst = "m_axi">   --->   Core 121 'm_axi' <Latency = 6> <II = 1> <Delay = 1.00> <Adapter> <Opcode : 'read' 'write' 'readreq' 'writereq' 'writeresp'>

State 80 <SV = 79> <Delay = 4.86>
ST_80 : Operation 255 [63/70] (4.86ns)   --->   "%empty = readreq i1 @_ssdm_op_ReadReq.m_axi.p1i8, i8 %p0_addr, i32 %p1_addr_read" [../LZW.cpp:205]   --->   Operation 255 'readreq' 'empty' <Predicate = true> <Delay = 4.86> <CoreInst = "m_axi">   --->   Core 121 'm_axi' <Latency = 6> <II = 1> <Delay = 1.00> <Adapter> <Opcode : 'read' 'write' 'readreq' 'writereq' 'writeresp'>

State 81 <SV = 80> <Delay = 4.86>
ST_81 : Operation 256 [62/70] (4.86ns)   --->   "%empty = readreq i1 @_ssdm_op_ReadReq.m_axi.p1i8, i8 %p0_addr, i32 %p1_addr_read" [../LZW.cpp:205]   --->   Operation 256 'readreq' 'empty' <Predicate = true> <Delay = 4.86> <CoreInst = "m_axi">   --->   Core 121 'm_axi' <Latency = 6> <II = 1> <Delay = 1.00> <Adapter> <Opcode : 'read' 'write' 'readreq' 'writereq' 'writeresp'>

State 82 <SV = 81> <Delay = 4.86>
ST_82 : Operation 257 [61/70] (4.86ns)   --->   "%empty = readreq i1 @_ssdm_op_ReadReq.m_axi.p1i8, i8 %p0_addr, i32 %p1_addr_read" [../LZW.cpp:205]   --->   Operation 257 'readreq' 'empty' <Predicate = true> <Delay = 4.86> <CoreInst = "m_axi">   --->   Core 121 'm_axi' <Latency = 6> <II = 1> <Delay = 1.00> <Adapter> <Opcode : 'read' 'write' 'readreq' 'writereq' 'writeresp'>

State 83 <SV = 82> <Delay = 4.86>
ST_83 : Operation 258 [60/70] (4.86ns)   --->   "%empty = readreq i1 @_ssdm_op_ReadReq.m_axi.p1i8, i8 %p0_addr, i32 %p1_addr_read" [../LZW.cpp:205]   --->   Operation 258 'readreq' 'empty' <Predicate = true> <Delay = 4.86> <CoreInst = "m_axi">   --->   Core 121 'm_axi' <Latency = 6> <II = 1> <Delay = 1.00> <Adapter> <Opcode : 'read' 'write' 'readreq' 'writereq' 'writeresp'>

State 84 <SV = 83> <Delay = 4.86>
ST_84 : Operation 259 [59/70] (4.86ns)   --->   "%empty = readreq i1 @_ssdm_op_ReadReq.m_axi.p1i8, i8 %p0_addr, i32 %p1_addr_read" [../LZW.cpp:205]   --->   Operation 259 'readreq' 'empty' <Predicate = true> <Delay = 4.86> <CoreInst = "m_axi">   --->   Core 121 'm_axi' <Latency = 6> <II = 1> <Delay = 1.00> <Adapter> <Opcode : 'read' 'write' 'readreq' 'writereq' 'writeresp'>

State 85 <SV = 84> <Delay = 4.86>
ST_85 : Operation 260 [58/70] (4.86ns)   --->   "%empty = readreq i1 @_ssdm_op_ReadReq.m_axi.p1i8, i8 %p0_addr, i32 %p1_addr_read" [../LZW.cpp:205]   --->   Operation 260 'readreq' 'empty' <Predicate = true> <Delay = 4.86> <CoreInst = "m_axi">   --->   Core 121 'm_axi' <Latency = 6> <II = 1> <Delay = 1.00> <Adapter> <Opcode : 'read' 'write' 'readreq' 'writereq' 'writeresp'>

State 86 <SV = 85> <Delay = 4.86>
ST_86 : Operation 261 [57/70] (4.86ns)   --->   "%empty = readreq i1 @_ssdm_op_ReadReq.m_axi.p1i8, i8 %p0_addr, i32 %p1_addr_read" [../LZW.cpp:205]   --->   Operation 261 'readreq' 'empty' <Predicate = true> <Delay = 4.86> <CoreInst = "m_axi">   --->   Core 121 'm_axi' <Latency = 6> <II = 1> <Delay = 1.00> <Adapter> <Opcode : 'read' 'write' 'readreq' 'writereq' 'writeresp'>

State 87 <SV = 86> <Delay = 4.86>
ST_87 : Operation 262 [56/70] (4.86ns)   --->   "%empty = readreq i1 @_ssdm_op_ReadReq.m_axi.p1i8, i8 %p0_addr, i32 %p1_addr_read" [../LZW.cpp:205]   --->   Operation 262 'readreq' 'empty' <Predicate = true> <Delay = 4.86> <CoreInst = "m_axi">   --->   Core 121 'm_axi' <Latency = 6> <II = 1> <Delay = 1.00> <Adapter> <Opcode : 'read' 'write' 'readreq' 'writereq' 'writeresp'>

State 88 <SV = 87> <Delay = 4.86>
ST_88 : Operation 263 [55/70] (4.86ns)   --->   "%empty = readreq i1 @_ssdm_op_ReadReq.m_axi.p1i8, i8 %p0_addr, i32 %p1_addr_read" [../LZW.cpp:205]   --->   Operation 263 'readreq' 'empty' <Predicate = true> <Delay = 4.86> <CoreInst = "m_axi">   --->   Core 121 'm_axi' <Latency = 6> <II = 1> <Delay = 1.00> <Adapter> <Opcode : 'read' 'write' 'readreq' 'writereq' 'writeresp'>

State 89 <SV = 88> <Delay = 4.86>
ST_89 : Operation 264 [54/70] (4.86ns)   --->   "%empty = readreq i1 @_ssdm_op_ReadReq.m_axi.p1i8, i8 %p0_addr, i32 %p1_addr_read" [../LZW.cpp:205]   --->   Operation 264 'readreq' 'empty' <Predicate = true> <Delay = 4.86> <CoreInst = "m_axi">   --->   Core 121 'm_axi' <Latency = 6> <II = 1> <Delay = 1.00> <Adapter> <Opcode : 'read' 'write' 'readreq' 'writereq' 'writeresp'>

State 90 <SV = 89> <Delay = 4.86>
ST_90 : Operation 265 [53/70] (4.86ns)   --->   "%empty = readreq i1 @_ssdm_op_ReadReq.m_axi.p1i8, i8 %p0_addr, i32 %p1_addr_read" [../LZW.cpp:205]   --->   Operation 265 'readreq' 'empty' <Predicate = true> <Delay = 4.86> <CoreInst = "m_axi">   --->   Core 121 'm_axi' <Latency = 6> <II = 1> <Delay = 1.00> <Adapter> <Opcode : 'read' 'write' 'readreq' 'writereq' 'writeresp'>

State 91 <SV = 90> <Delay = 4.86>
ST_91 : Operation 266 [52/70] (4.86ns)   --->   "%empty = readreq i1 @_ssdm_op_ReadReq.m_axi.p1i8, i8 %p0_addr, i32 %p1_addr_read" [../LZW.cpp:205]   --->   Operation 266 'readreq' 'empty' <Predicate = true> <Delay = 4.86> <CoreInst = "m_axi">   --->   Core 121 'm_axi' <Latency = 6> <II = 1> <Delay = 1.00> <Adapter> <Opcode : 'read' 'write' 'readreq' 'writereq' 'writeresp'>

State 92 <SV = 91> <Delay = 4.86>
ST_92 : Operation 267 [51/70] (4.86ns)   --->   "%empty = readreq i1 @_ssdm_op_ReadReq.m_axi.p1i8, i8 %p0_addr, i32 %p1_addr_read" [../LZW.cpp:205]   --->   Operation 267 'readreq' 'empty' <Predicate = true> <Delay = 4.86> <CoreInst = "m_axi">   --->   Core 121 'm_axi' <Latency = 6> <II = 1> <Delay = 1.00> <Adapter> <Opcode : 'read' 'write' 'readreq' 'writereq' 'writeresp'>

State 93 <SV = 92> <Delay = 4.86>
ST_93 : Operation 268 [50/70] (4.86ns)   --->   "%empty = readreq i1 @_ssdm_op_ReadReq.m_axi.p1i8, i8 %p0_addr, i32 %p1_addr_read" [../LZW.cpp:205]   --->   Operation 268 'readreq' 'empty' <Predicate = true> <Delay = 4.86> <CoreInst = "m_axi">   --->   Core 121 'm_axi' <Latency = 6> <II = 1> <Delay = 1.00> <Adapter> <Opcode : 'read' 'write' 'readreq' 'writereq' 'writeresp'>

State 94 <SV = 93> <Delay = 4.86>
ST_94 : Operation 269 [49/70] (4.86ns)   --->   "%empty = readreq i1 @_ssdm_op_ReadReq.m_axi.p1i8, i8 %p0_addr, i32 %p1_addr_read" [../LZW.cpp:205]   --->   Operation 269 'readreq' 'empty' <Predicate = true> <Delay = 4.86> <CoreInst = "m_axi">   --->   Core 121 'm_axi' <Latency = 6> <II = 1> <Delay = 1.00> <Adapter> <Opcode : 'read' 'write' 'readreq' 'writereq' 'writeresp'>

State 95 <SV = 94> <Delay = 4.86>
ST_95 : Operation 270 [48/70] (4.86ns)   --->   "%empty = readreq i1 @_ssdm_op_ReadReq.m_axi.p1i8, i8 %p0_addr, i32 %p1_addr_read" [../LZW.cpp:205]   --->   Operation 270 'readreq' 'empty' <Predicate = true> <Delay = 4.86> <CoreInst = "m_axi">   --->   Core 121 'm_axi' <Latency = 6> <II = 1> <Delay = 1.00> <Adapter> <Opcode : 'read' 'write' 'readreq' 'writereq' 'writeresp'>

State 96 <SV = 95> <Delay = 4.86>
ST_96 : Operation 271 [47/70] (4.86ns)   --->   "%empty = readreq i1 @_ssdm_op_ReadReq.m_axi.p1i8, i8 %p0_addr, i32 %p1_addr_read" [../LZW.cpp:205]   --->   Operation 271 'readreq' 'empty' <Predicate = true> <Delay = 4.86> <CoreInst = "m_axi">   --->   Core 121 'm_axi' <Latency = 6> <II = 1> <Delay = 1.00> <Adapter> <Opcode : 'read' 'write' 'readreq' 'writereq' 'writeresp'>

State 97 <SV = 96> <Delay = 4.86>
ST_97 : Operation 272 [46/70] (4.86ns)   --->   "%empty = readreq i1 @_ssdm_op_ReadReq.m_axi.p1i8, i8 %p0_addr, i32 %p1_addr_read" [../LZW.cpp:205]   --->   Operation 272 'readreq' 'empty' <Predicate = true> <Delay = 4.86> <CoreInst = "m_axi">   --->   Core 121 'm_axi' <Latency = 6> <II = 1> <Delay = 1.00> <Adapter> <Opcode : 'read' 'write' 'readreq' 'writereq' 'writeresp'>

State 98 <SV = 97> <Delay = 4.86>
ST_98 : Operation 273 [45/70] (4.86ns)   --->   "%empty = readreq i1 @_ssdm_op_ReadReq.m_axi.p1i8, i8 %p0_addr, i32 %p1_addr_read" [../LZW.cpp:205]   --->   Operation 273 'readreq' 'empty' <Predicate = true> <Delay = 4.86> <CoreInst = "m_axi">   --->   Core 121 'm_axi' <Latency = 6> <II = 1> <Delay = 1.00> <Adapter> <Opcode : 'read' 'write' 'readreq' 'writereq' 'writeresp'>

State 99 <SV = 98> <Delay = 4.86>
ST_99 : Operation 274 [44/70] (4.86ns)   --->   "%empty = readreq i1 @_ssdm_op_ReadReq.m_axi.p1i8, i8 %p0_addr, i32 %p1_addr_read" [../LZW.cpp:205]   --->   Operation 274 'readreq' 'empty' <Predicate = true> <Delay = 4.86> <CoreInst = "m_axi">   --->   Core 121 'm_axi' <Latency = 6> <II = 1> <Delay = 1.00> <Adapter> <Opcode : 'read' 'write' 'readreq' 'writereq' 'writeresp'>

State 100 <SV = 99> <Delay = 4.86>
ST_100 : Operation 275 [43/70] (4.86ns)   --->   "%empty = readreq i1 @_ssdm_op_ReadReq.m_axi.p1i8, i8 %p0_addr, i32 %p1_addr_read" [../LZW.cpp:205]   --->   Operation 275 'readreq' 'empty' <Predicate = true> <Delay = 4.86> <CoreInst = "m_axi">   --->   Core 121 'm_axi' <Latency = 6> <II = 1> <Delay = 1.00> <Adapter> <Opcode : 'read' 'write' 'readreq' 'writereq' 'writeresp'>

State 101 <SV = 100> <Delay = 4.86>
ST_101 : Operation 276 [42/70] (4.86ns)   --->   "%empty = readreq i1 @_ssdm_op_ReadReq.m_axi.p1i8, i8 %p0_addr, i32 %p1_addr_read" [../LZW.cpp:205]   --->   Operation 276 'readreq' 'empty' <Predicate = true> <Delay = 4.86> <CoreInst = "m_axi">   --->   Core 121 'm_axi' <Latency = 6> <II = 1> <Delay = 1.00> <Adapter> <Opcode : 'read' 'write' 'readreq' 'writereq' 'writeresp'>

State 102 <SV = 101> <Delay = 4.86>
ST_102 : Operation 277 [41/70] (4.86ns)   --->   "%empty = readreq i1 @_ssdm_op_ReadReq.m_axi.p1i8, i8 %p0_addr, i32 %p1_addr_read" [../LZW.cpp:205]   --->   Operation 277 'readreq' 'empty' <Predicate = true> <Delay = 4.86> <CoreInst = "m_axi">   --->   Core 121 'm_axi' <Latency = 6> <II = 1> <Delay = 1.00> <Adapter> <Opcode : 'read' 'write' 'readreq' 'writereq' 'writeresp'>

State 103 <SV = 102> <Delay = 4.86>
ST_103 : Operation 278 [40/70] (4.86ns)   --->   "%empty = readreq i1 @_ssdm_op_ReadReq.m_axi.p1i8, i8 %p0_addr, i32 %p1_addr_read" [../LZW.cpp:205]   --->   Operation 278 'readreq' 'empty' <Predicate = true> <Delay = 4.86> <CoreInst = "m_axi">   --->   Core 121 'm_axi' <Latency = 6> <II = 1> <Delay = 1.00> <Adapter> <Opcode : 'read' 'write' 'readreq' 'writereq' 'writeresp'>

State 104 <SV = 103> <Delay = 4.86>
ST_104 : Operation 279 [39/70] (4.86ns)   --->   "%empty = readreq i1 @_ssdm_op_ReadReq.m_axi.p1i8, i8 %p0_addr, i32 %p1_addr_read" [../LZW.cpp:205]   --->   Operation 279 'readreq' 'empty' <Predicate = true> <Delay = 4.86> <CoreInst = "m_axi">   --->   Core 121 'm_axi' <Latency = 6> <II = 1> <Delay = 1.00> <Adapter> <Opcode : 'read' 'write' 'readreq' 'writereq' 'writeresp'>

State 105 <SV = 104> <Delay = 4.86>
ST_105 : Operation 280 [38/70] (4.86ns)   --->   "%empty = readreq i1 @_ssdm_op_ReadReq.m_axi.p1i8, i8 %p0_addr, i32 %p1_addr_read" [../LZW.cpp:205]   --->   Operation 280 'readreq' 'empty' <Predicate = true> <Delay = 4.86> <CoreInst = "m_axi">   --->   Core 121 'm_axi' <Latency = 6> <II = 1> <Delay = 1.00> <Adapter> <Opcode : 'read' 'write' 'readreq' 'writereq' 'writeresp'>

State 106 <SV = 105> <Delay = 4.86>
ST_106 : Operation 281 [37/70] (4.86ns)   --->   "%empty = readreq i1 @_ssdm_op_ReadReq.m_axi.p1i8, i8 %p0_addr, i32 %p1_addr_read" [../LZW.cpp:205]   --->   Operation 281 'readreq' 'empty' <Predicate = true> <Delay = 4.86> <CoreInst = "m_axi">   --->   Core 121 'm_axi' <Latency = 6> <II = 1> <Delay = 1.00> <Adapter> <Opcode : 'read' 'write' 'readreq' 'writereq' 'writeresp'>

State 107 <SV = 106> <Delay = 4.86>
ST_107 : Operation 282 [36/70] (4.86ns)   --->   "%empty = readreq i1 @_ssdm_op_ReadReq.m_axi.p1i8, i8 %p0_addr, i32 %p1_addr_read" [../LZW.cpp:205]   --->   Operation 282 'readreq' 'empty' <Predicate = true> <Delay = 4.86> <CoreInst = "m_axi">   --->   Core 121 'm_axi' <Latency = 6> <II = 1> <Delay = 1.00> <Adapter> <Opcode : 'read' 'write' 'readreq' 'writereq' 'writeresp'>

State 108 <SV = 107> <Delay = 4.86>
ST_108 : Operation 283 [35/70] (4.86ns)   --->   "%empty = readreq i1 @_ssdm_op_ReadReq.m_axi.p1i8, i8 %p0_addr, i32 %p1_addr_read" [../LZW.cpp:205]   --->   Operation 283 'readreq' 'empty' <Predicate = true> <Delay = 4.86> <CoreInst = "m_axi">   --->   Core 121 'm_axi' <Latency = 6> <II = 1> <Delay = 1.00> <Adapter> <Opcode : 'read' 'write' 'readreq' 'writereq' 'writeresp'>

State 109 <SV = 108> <Delay = 4.86>
ST_109 : Operation 284 [34/70] (4.86ns)   --->   "%empty = readreq i1 @_ssdm_op_ReadReq.m_axi.p1i8, i8 %p0_addr, i32 %p1_addr_read" [../LZW.cpp:205]   --->   Operation 284 'readreq' 'empty' <Predicate = true> <Delay = 4.86> <CoreInst = "m_axi">   --->   Core 121 'm_axi' <Latency = 6> <II = 1> <Delay = 1.00> <Adapter> <Opcode : 'read' 'write' 'readreq' 'writereq' 'writeresp'>

State 110 <SV = 109> <Delay = 4.86>
ST_110 : Operation 285 [33/70] (4.86ns)   --->   "%empty = readreq i1 @_ssdm_op_ReadReq.m_axi.p1i8, i8 %p0_addr, i32 %p1_addr_read" [../LZW.cpp:205]   --->   Operation 285 'readreq' 'empty' <Predicate = true> <Delay = 4.86> <CoreInst = "m_axi">   --->   Core 121 'm_axi' <Latency = 6> <II = 1> <Delay = 1.00> <Adapter> <Opcode : 'read' 'write' 'readreq' 'writereq' 'writeresp'>

State 111 <SV = 110> <Delay = 4.86>
ST_111 : Operation 286 [32/70] (4.86ns)   --->   "%empty = readreq i1 @_ssdm_op_ReadReq.m_axi.p1i8, i8 %p0_addr, i32 %p1_addr_read" [../LZW.cpp:205]   --->   Operation 286 'readreq' 'empty' <Predicate = true> <Delay = 4.86> <CoreInst = "m_axi">   --->   Core 121 'm_axi' <Latency = 6> <II = 1> <Delay = 1.00> <Adapter> <Opcode : 'read' 'write' 'readreq' 'writereq' 'writeresp'>

State 112 <SV = 111> <Delay = 4.86>
ST_112 : Operation 287 [31/70] (4.86ns)   --->   "%empty = readreq i1 @_ssdm_op_ReadReq.m_axi.p1i8, i8 %p0_addr, i32 %p1_addr_read" [../LZW.cpp:205]   --->   Operation 287 'readreq' 'empty' <Predicate = true> <Delay = 4.86> <CoreInst = "m_axi">   --->   Core 121 'm_axi' <Latency = 6> <II = 1> <Delay = 1.00> <Adapter> <Opcode : 'read' 'write' 'readreq' 'writereq' 'writeresp'>

State 113 <SV = 112> <Delay = 4.86>
ST_113 : Operation 288 [30/70] (4.86ns)   --->   "%empty = readreq i1 @_ssdm_op_ReadReq.m_axi.p1i8, i8 %p0_addr, i32 %p1_addr_read" [../LZW.cpp:205]   --->   Operation 288 'readreq' 'empty' <Predicate = true> <Delay = 4.86> <CoreInst = "m_axi">   --->   Core 121 'm_axi' <Latency = 6> <II = 1> <Delay = 1.00> <Adapter> <Opcode : 'read' 'write' 'readreq' 'writereq' 'writeresp'>

State 114 <SV = 113> <Delay = 4.86>
ST_114 : Operation 289 [29/70] (4.86ns)   --->   "%empty = readreq i1 @_ssdm_op_ReadReq.m_axi.p1i8, i8 %p0_addr, i32 %p1_addr_read" [../LZW.cpp:205]   --->   Operation 289 'readreq' 'empty' <Predicate = true> <Delay = 4.86> <CoreInst = "m_axi">   --->   Core 121 'm_axi' <Latency = 6> <II = 1> <Delay = 1.00> <Adapter> <Opcode : 'read' 'write' 'readreq' 'writereq' 'writeresp'>

State 115 <SV = 114> <Delay = 4.86>
ST_115 : Operation 290 [28/70] (4.86ns)   --->   "%empty = readreq i1 @_ssdm_op_ReadReq.m_axi.p1i8, i8 %p0_addr, i32 %p1_addr_read" [../LZW.cpp:205]   --->   Operation 290 'readreq' 'empty' <Predicate = true> <Delay = 4.86> <CoreInst = "m_axi">   --->   Core 121 'm_axi' <Latency = 6> <II = 1> <Delay = 1.00> <Adapter> <Opcode : 'read' 'write' 'readreq' 'writereq' 'writeresp'>

State 116 <SV = 115> <Delay = 4.86>
ST_116 : Operation 291 [27/70] (4.86ns)   --->   "%empty = readreq i1 @_ssdm_op_ReadReq.m_axi.p1i8, i8 %p0_addr, i32 %p1_addr_read" [../LZW.cpp:205]   --->   Operation 291 'readreq' 'empty' <Predicate = true> <Delay = 4.86> <CoreInst = "m_axi">   --->   Core 121 'm_axi' <Latency = 6> <II = 1> <Delay = 1.00> <Adapter> <Opcode : 'read' 'write' 'readreq' 'writereq' 'writeresp'>

State 117 <SV = 116> <Delay = 4.86>
ST_117 : Operation 292 [26/70] (4.86ns)   --->   "%empty = readreq i1 @_ssdm_op_ReadReq.m_axi.p1i8, i8 %p0_addr, i32 %p1_addr_read" [../LZW.cpp:205]   --->   Operation 292 'readreq' 'empty' <Predicate = true> <Delay = 4.86> <CoreInst = "m_axi">   --->   Core 121 'm_axi' <Latency = 6> <II = 1> <Delay = 1.00> <Adapter> <Opcode : 'read' 'write' 'readreq' 'writereq' 'writeresp'>

State 118 <SV = 117> <Delay = 4.86>
ST_118 : Operation 293 [25/70] (4.86ns)   --->   "%empty = readreq i1 @_ssdm_op_ReadReq.m_axi.p1i8, i8 %p0_addr, i32 %p1_addr_read" [../LZW.cpp:205]   --->   Operation 293 'readreq' 'empty' <Predicate = true> <Delay = 4.86> <CoreInst = "m_axi">   --->   Core 121 'm_axi' <Latency = 6> <II = 1> <Delay = 1.00> <Adapter> <Opcode : 'read' 'write' 'readreq' 'writereq' 'writeresp'>

State 119 <SV = 118> <Delay = 4.86>
ST_119 : Operation 294 [24/70] (4.86ns)   --->   "%empty = readreq i1 @_ssdm_op_ReadReq.m_axi.p1i8, i8 %p0_addr, i32 %p1_addr_read" [../LZW.cpp:205]   --->   Operation 294 'readreq' 'empty' <Predicate = true> <Delay = 4.86> <CoreInst = "m_axi">   --->   Core 121 'm_axi' <Latency = 6> <II = 1> <Delay = 1.00> <Adapter> <Opcode : 'read' 'write' 'readreq' 'writereq' 'writeresp'>

State 120 <SV = 119> <Delay = 4.86>
ST_120 : Operation 295 [23/70] (4.86ns)   --->   "%empty = readreq i1 @_ssdm_op_ReadReq.m_axi.p1i8, i8 %p0_addr, i32 %p1_addr_read" [../LZW.cpp:205]   --->   Operation 295 'readreq' 'empty' <Predicate = true> <Delay = 4.86> <CoreInst = "m_axi">   --->   Core 121 'm_axi' <Latency = 6> <II = 1> <Delay = 1.00> <Adapter> <Opcode : 'read' 'write' 'readreq' 'writereq' 'writeresp'>

State 121 <SV = 120> <Delay = 4.86>
ST_121 : Operation 296 [22/70] (4.86ns)   --->   "%empty = readreq i1 @_ssdm_op_ReadReq.m_axi.p1i8, i8 %p0_addr, i32 %p1_addr_read" [../LZW.cpp:205]   --->   Operation 296 'readreq' 'empty' <Predicate = true> <Delay = 4.86> <CoreInst = "m_axi">   --->   Core 121 'm_axi' <Latency = 6> <II = 1> <Delay = 1.00> <Adapter> <Opcode : 'read' 'write' 'readreq' 'writereq' 'writeresp'>

State 122 <SV = 121> <Delay = 4.86>
ST_122 : Operation 297 [21/70] (4.86ns)   --->   "%empty = readreq i1 @_ssdm_op_ReadReq.m_axi.p1i8, i8 %p0_addr, i32 %p1_addr_read" [../LZW.cpp:205]   --->   Operation 297 'readreq' 'empty' <Predicate = true> <Delay = 4.86> <CoreInst = "m_axi">   --->   Core 121 'm_axi' <Latency = 6> <II = 1> <Delay = 1.00> <Adapter> <Opcode : 'read' 'write' 'readreq' 'writereq' 'writeresp'>

State 123 <SV = 122> <Delay = 4.86>
ST_123 : Operation 298 [20/70] (4.86ns)   --->   "%empty = readreq i1 @_ssdm_op_ReadReq.m_axi.p1i8, i8 %p0_addr, i32 %p1_addr_read" [../LZW.cpp:205]   --->   Operation 298 'readreq' 'empty' <Predicate = true> <Delay = 4.86> <CoreInst = "m_axi">   --->   Core 121 'm_axi' <Latency = 6> <II = 1> <Delay = 1.00> <Adapter> <Opcode : 'read' 'write' 'readreq' 'writereq' 'writeresp'>

State 124 <SV = 123> <Delay = 4.86>
ST_124 : Operation 299 [19/70] (4.86ns)   --->   "%empty = readreq i1 @_ssdm_op_ReadReq.m_axi.p1i8, i8 %p0_addr, i32 %p1_addr_read" [../LZW.cpp:205]   --->   Operation 299 'readreq' 'empty' <Predicate = true> <Delay = 4.86> <CoreInst = "m_axi">   --->   Core 121 'm_axi' <Latency = 6> <II = 1> <Delay = 1.00> <Adapter> <Opcode : 'read' 'write' 'readreq' 'writereq' 'writeresp'>

State 125 <SV = 124> <Delay = 4.86>
ST_125 : Operation 300 [18/70] (4.86ns)   --->   "%empty = readreq i1 @_ssdm_op_ReadReq.m_axi.p1i8, i8 %p0_addr, i32 %p1_addr_read" [../LZW.cpp:205]   --->   Operation 300 'readreq' 'empty' <Predicate = true> <Delay = 4.86> <CoreInst = "m_axi">   --->   Core 121 'm_axi' <Latency = 6> <II = 1> <Delay = 1.00> <Adapter> <Opcode : 'read' 'write' 'readreq' 'writereq' 'writeresp'>

State 126 <SV = 125> <Delay = 4.86>
ST_126 : Operation 301 [17/70] (4.86ns)   --->   "%empty = readreq i1 @_ssdm_op_ReadReq.m_axi.p1i8, i8 %p0_addr, i32 %p1_addr_read" [../LZW.cpp:205]   --->   Operation 301 'readreq' 'empty' <Predicate = true> <Delay = 4.86> <CoreInst = "m_axi">   --->   Core 121 'm_axi' <Latency = 6> <II = 1> <Delay = 1.00> <Adapter> <Opcode : 'read' 'write' 'readreq' 'writereq' 'writeresp'>

State 127 <SV = 126> <Delay = 4.86>
ST_127 : Operation 302 [16/70] (4.86ns)   --->   "%empty = readreq i1 @_ssdm_op_ReadReq.m_axi.p1i8, i8 %p0_addr, i32 %p1_addr_read" [../LZW.cpp:205]   --->   Operation 302 'readreq' 'empty' <Predicate = true> <Delay = 4.86> <CoreInst = "m_axi">   --->   Core 121 'm_axi' <Latency = 6> <II = 1> <Delay = 1.00> <Adapter> <Opcode : 'read' 'write' 'readreq' 'writereq' 'writeresp'>

State 128 <SV = 127> <Delay = 4.86>
ST_128 : Operation 303 [15/70] (4.86ns)   --->   "%empty = readreq i1 @_ssdm_op_ReadReq.m_axi.p1i8, i8 %p0_addr, i32 %p1_addr_read" [../LZW.cpp:205]   --->   Operation 303 'readreq' 'empty' <Predicate = true> <Delay = 4.86> <CoreInst = "m_axi">   --->   Core 121 'm_axi' <Latency = 6> <II = 1> <Delay = 1.00> <Adapter> <Opcode : 'read' 'write' 'readreq' 'writereq' 'writeresp'>

State 129 <SV = 128> <Delay = 4.86>
ST_129 : Operation 304 [14/70] (4.86ns)   --->   "%empty = readreq i1 @_ssdm_op_ReadReq.m_axi.p1i8, i8 %p0_addr, i32 %p1_addr_read" [../LZW.cpp:205]   --->   Operation 304 'readreq' 'empty' <Predicate = true> <Delay = 4.86> <CoreInst = "m_axi">   --->   Core 121 'm_axi' <Latency = 6> <II = 1> <Delay = 1.00> <Adapter> <Opcode : 'read' 'write' 'readreq' 'writereq' 'writeresp'>

State 130 <SV = 129> <Delay = 4.86>
ST_130 : Operation 305 [13/70] (4.86ns)   --->   "%empty = readreq i1 @_ssdm_op_ReadReq.m_axi.p1i8, i8 %p0_addr, i32 %p1_addr_read" [../LZW.cpp:205]   --->   Operation 305 'readreq' 'empty' <Predicate = true> <Delay = 4.86> <CoreInst = "m_axi">   --->   Core 121 'm_axi' <Latency = 6> <II = 1> <Delay = 1.00> <Adapter> <Opcode : 'read' 'write' 'readreq' 'writereq' 'writeresp'>

State 131 <SV = 130> <Delay = 4.86>
ST_131 : Operation 306 [12/70] (4.86ns)   --->   "%empty = readreq i1 @_ssdm_op_ReadReq.m_axi.p1i8, i8 %p0_addr, i32 %p1_addr_read" [../LZW.cpp:205]   --->   Operation 306 'readreq' 'empty' <Predicate = true> <Delay = 4.86> <CoreInst = "m_axi">   --->   Core 121 'm_axi' <Latency = 6> <II = 1> <Delay = 1.00> <Adapter> <Opcode : 'read' 'write' 'readreq' 'writereq' 'writeresp'>

State 132 <SV = 131> <Delay = 4.86>
ST_132 : Operation 307 [11/70] (4.86ns)   --->   "%empty = readreq i1 @_ssdm_op_ReadReq.m_axi.p1i8, i8 %p0_addr, i32 %p1_addr_read" [../LZW.cpp:205]   --->   Operation 307 'readreq' 'empty' <Predicate = true> <Delay = 4.86> <CoreInst = "m_axi">   --->   Core 121 'm_axi' <Latency = 6> <II = 1> <Delay = 1.00> <Adapter> <Opcode : 'read' 'write' 'readreq' 'writereq' 'writeresp'>

State 133 <SV = 132> <Delay = 4.86>
ST_133 : Operation 308 [10/70] (4.86ns)   --->   "%empty = readreq i1 @_ssdm_op_ReadReq.m_axi.p1i8, i8 %p0_addr, i32 %p1_addr_read" [../LZW.cpp:205]   --->   Operation 308 'readreq' 'empty' <Predicate = true> <Delay = 4.86> <CoreInst = "m_axi">   --->   Core 121 'm_axi' <Latency = 6> <II = 1> <Delay = 1.00> <Adapter> <Opcode : 'read' 'write' 'readreq' 'writereq' 'writeresp'>

State 134 <SV = 133> <Delay = 4.86>
ST_134 : Operation 309 [9/70] (4.86ns)   --->   "%empty = readreq i1 @_ssdm_op_ReadReq.m_axi.p1i8, i8 %p0_addr, i32 %p1_addr_read" [../LZW.cpp:205]   --->   Operation 309 'readreq' 'empty' <Predicate = true> <Delay = 4.86> <CoreInst = "m_axi">   --->   Core 121 'm_axi' <Latency = 6> <II = 1> <Delay = 1.00> <Adapter> <Opcode : 'read' 'write' 'readreq' 'writereq' 'writeresp'>

State 135 <SV = 134> <Delay = 4.86>
ST_135 : Operation 310 [8/70] (4.86ns)   --->   "%empty = readreq i1 @_ssdm_op_ReadReq.m_axi.p1i8, i8 %p0_addr, i32 %p1_addr_read" [../LZW.cpp:205]   --->   Operation 310 'readreq' 'empty' <Predicate = true> <Delay = 4.86> <CoreInst = "m_axi">   --->   Core 121 'm_axi' <Latency = 6> <II = 1> <Delay = 1.00> <Adapter> <Opcode : 'read' 'write' 'readreq' 'writereq' 'writeresp'>

State 136 <SV = 135> <Delay = 4.86>
ST_136 : Operation 311 [7/70] (4.86ns)   --->   "%empty = readreq i1 @_ssdm_op_ReadReq.m_axi.p1i8, i8 %p0_addr, i32 %p1_addr_read" [../LZW.cpp:205]   --->   Operation 311 'readreq' 'empty' <Predicate = true> <Delay = 4.86> <CoreInst = "m_axi">   --->   Core 121 'm_axi' <Latency = 6> <II = 1> <Delay = 1.00> <Adapter> <Opcode : 'read' 'write' 'readreq' 'writereq' 'writeresp'>

State 137 <SV = 136> <Delay = 4.86>
ST_137 : Operation 312 [6/70] (4.86ns)   --->   "%empty = readreq i1 @_ssdm_op_ReadReq.m_axi.p1i8, i8 %p0_addr, i32 %p1_addr_read" [../LZW.cpp:205]   --->   Operation 312 'readreq' 'empty' <Predicate = true> <Delay = 4.86> <CoreInst = "m_axi">   --->   Core 121 'm_axi' <Latency = 6> <II = 1> <Delay = 1.00> <Adapter> <Opcode : 'read' 'write' 'readreq' 'writereq' 'writeresp'>

State 138 <SV = 137> <Delay = 4.86>
ST_138 : Operation 313 [5/70] (4.86ns)   --->   "%empty = readreq i1 @_ssdm_op_ReadReq.m_axi.p1i8, i8 %p0_addr, i32 %p1_addr_read" [../LZW.cpp:205]   --->   Operation 313 'readreq' 'empty' <Predicate = true> <Delay = 4.86> <CoreInst = "m_axi">   --->   Core 121 'm_axi' <Latency = 6> <II = 1> <Delay = 1.00> <Adapter> <Opcode : 'read' 'write' 'readreq' 'writereq' 'writeresp'>

State 139 <SV = 138> <Delay = 4.86>
ST_139 : Operation 314 [4/70] (4.86ns)   --->   "%empty = readreq i1 @_ssdm_op_ReadReq.m_axi.p1i8, i8 %p0_addr, i32 %p1_addr_read" [../LZW.cpp:205]   --->   Operation 314 'readreq' 'empty' <Predicate = true> <Delay = 4.86> <CoreInst = "m_axi">   --->   Core 121 'm_axi' <Latency = 6> <II = 1> <Delay = 1.00> <Adapter> <Opcode : 'read' 'write' 'readreq' 'writereq' 'writeresp'>

State 140 <SV = 139> <Delay = 4.86>
ST_140 : Operation 315 [3/70] (4.86ns)   --->   "%empty = readreq i1 @_ssdm_op_ReadReq.m_axi.p1i8, i8 %p0_addr, i32 %p1_addr_read" [../LZW.cpp:205]   --->   Operation 315 'readreq' 'empty' <Predicate = true> <Delay = 4.86> <CoreInst = "m_axi">   --->   Core 121 'm_axi' <Latency = 6> <II = 1> <Delay = 1.00> <Adapter> <Opcode : 'read' 'write' 'readreq' 'writereq' 'writeresp'>

State 141 <SV = 140> <Delay = 4.86>
ST_141 : Operation 316 [2/70] (4.86ns)   --->   "%empty = readreq i1 @_ssdm_op_ReadReq.m_axi.p1i8, i8 %p0_addr, i32 %p1_addr_read" [../LZW.cpp:205]   --->   Operation 316 'readreq' 'empty' <Predicate = true> <Delay = 4.86> <CoreInst = "m_axi">   --->   Core 121 'm_axi' <Latency = 6> <II = 1> <Delay = 1.00> <Adapter> <Opcode : 'read' 'write' 'readreq' 'writereq' 'writeresp'>

State 142 <SV = 141> <Delay = 4.86>
ST_142 : Operation 317 [1/1] (0.00ns)   --->   "%trunc_ln205 = trunc i32 %p1_addr_read" [../LZW.cpp:205]   --->   Operation 317 'trunc' 'trunc_ln205' <Predicate = true> <Delay = 0.00>
ST_142 : Operation 318 [1/70] (4.86ns)   --->   "%empty = readreq i1 @_ssdm_op_ReadReq.m_axi.p1i8, i8 %p0_addr, i32 %p1_addr_read" [../LZW.cpp:205]   --->   Operation 318 'readreq' 'empty' <Predicate = true> <Delay = 4.86> <CoreInst = "m_axi">   --->   Core 121 'm_axi' <Latency = 6> <II = 1> <Delay = 1.00> <Adapter> <Opcode : 'read' 'write' 'readreq' 'writereq' 'writeresp'>
ST_142 : Operation 319 [1/1] (0.48ns)   --->   "%br_ln205 = br void" [../LZW.cpp:205]   --->   Operation 319 'br' 'br_ln205' <Predicate = true> <Delay = 0.48>

State 143 <SV = 142> <Delay = 1.19>
ST_143 : Operation 320 [1/1] (0.00ns)   --->   "%X = phi i31 %add_ln205, void %.split.i.i, i31 0, void %.lr.ph.i.i" [../LZW.cpp:205]   --->   Operation 320 'phi' 'X' <Predicate = true> <Delay = 0.00>
ST_143 : Operation 321 [1/1] (1.19ns)   --->   "%add_ln205 = add i31 %X, i31 1" [../LZW.cpp:205]   --->   Operation 321 'add' 'add_ln205' <Predicate = true> <Delay = 1.19> <CoreInst = "Adder">   --->   Core 1 'Adder' <Latency = 0> <II = 1> <Delay = 1.19> <FuncUnit> <Opcode : 'add' 'sub'> <InPorts = 2> <OutPorts = 1>
ST_143 : Operation 322 [1/1] (0.00ns)   --->   "%specpipeline_ln0 = specpipeline void @_ssdm_op_SpecPipeline, i32 4294967295, i32 0, i32 1, i32 0, void @p_str"   --->   Operation 322 'specpipeline' 'specpipeline_ln0' <Predicate = true> <Delay = 0.00>
ST_143 : Operation 323 [1/1] (1.09ns)   --->   "%icmp_ln205_1 = icmp_eq  i31 %X, i31 %trunc_ln205" [../LZW.cpp:205]   --->   Operation 323 'icmp' 'icmp_ln205_1' <Predicate = true> <Delay = 1.09> <CoreInst = "Cmp">   --->   Core 9 'Cmp' <Latency = 0> <II = 1> <Delay = 1.11> <FuncUnit> <Opcode : 'icmp'> <InPorts = 2> <OutPorts = 1>
ST_143 : Operation 324 [1/1] (0.00ns)   --->   "%empty_37 = speclooptripcount i32 @_ssdm_op_SpecLoopTripCount, i64 1, i64 18446744073709551615, i64 0"   --->   Operation 324 'speclooptripcount' 'empty_37' <Predicate = true> <Delay = 0.00>
ST_143 : Operation 325 [1/1] (0.00ns)   --->   "%br_ln205 = br i1 %icmp_ln205_1, void %.split.i.i, void %.exit.loopexit" [../LZW.cpp:205]   --->   Operation 325 'br' 'br_ln205' <Predicate = true> <Delay = 0.00>

State 144 <SV = 143> <Delay = 4.86>
ST_144 : Operation 326 [1/1] (4.86ns)   --->   "%p0_addr_read = read i8 @_ssdm_op_Read.m_axi.p1i8, i8 %p0_addr" [/mnt/pollux/software/xilinx/2020.2/Vitis_HLS/2020.2/common/technology/autopilot/hls_stream_39.h:174]   --->   Operation 326 'read' 'p0_addr_read' <Predicate = (!icmp_ln205_1)> <Delay = 4.86> <CoreInst = "m_axi">   --->   Core 121 'm_axi' <Latency = 6> <II = 1> <Delay = 1.00> <Adapter> <Opcode : 'read' 'write' 'readreq' 'writereq' 'writeresp'>

State 145 <SV = 144> <Delay = 1.94>
ST_145 : Operation 327 [1/1] (0.00ns)   --->   "%specloopname_ln203 = specloopname void @_ssdm_op_SpecLoopName, void @empty" [../LZW.cpp:203]   --->   Operation 327 'specloopname' 'specloopname_ln203' <Predicate = (!icmp_ln205_1)> <Delay = 0.00>
ST_145 : Operation 328 [1/1] (1.94ns)   --->   "%write_ln174 = write void @_ssdm_op_Write.ap_fifo.volatile.i8P0A, i8 %instream, i8 %p0_addr_read" [/mnt/pollux/software/xilinx/2020.2/Vitis_HLS/2020.2/common/technology/autopilot/hls_stream_39.h:174]   --->   Operation 328 'write' 'write_ln174' <Predicate = (!icmp_ln205_1)> <Delay = 1.94> <CoreInst = "FIFO">   --->   Core 78 'FIFO' <Latency = 0> <II = 1> <Delay = 1.94> <Storage> <Opcode : 'read' 'write' 'nbread' 'nbwrite'> <Ports = 0> <Width = 8> <Depth = 8192> <FIFO>
ST_145 : Operation 329 [1/1] (0.00ns)   --->   "%br_ln0 = br void"   --->   Operation 329 'br' 'br_ln0' <Predicate = (!icmp_ln205_1)> <Delay = 0.00>

State 146 <SV = 143> <Delay = 1.94>
ST_146 : Operation 330 [1/1] (0.00ns)   --->   "%br_ln0 = br void %.exit"   --->   Operation 330 'br' 'br_ln0' <Predicate = (icmp_ln205)> <Delay = 0.00>
ST_146 : Operation 331 [1/1] (1.94ns)   --->   "%write_ln174 = write void @_ssdm_op_Write.ap_fifo.volatile.i32P0A, i32 %inlen_stream, i32 %p1_addr_read" [/mnt/pollux/software/xilinx/2020.2/Vitis_HLS/2020.2/common/technology/autopilot/hls_stream_39.h:174]   --->   Operation 331 'write' 'write_ln174' <Predicate = true> <Delay = 1.94> <CoreInst = "FIFO">   --->   Core 78 'FIFO' <Latency = 0> <II = 1> <Delay = 1.94> <Storage> <Opcode : 'read' 'write' 'nbread' 'nbwrite'> <Ports = 0> <Width = 32> <Depth = 8192> <FIFO>
ST_146 : Operation 332 [1/1] (0.00ns)   --->   "%ret_ln0 = ret"   --->   Operation 332 'ret' 'ret_ln0' <Predicate = true> <Delay = 0.00>


============================================================
+ Verbose Summary: Timing violations
============================================================
Target clock period: 6.67ns, clock uncertainty: 1.8ns.

 <State 1>: 4.87ns
The critical path consists of the following:
	wire read on port 'len' (../LZW.cpp:201) [13]  (0 ns)
	'getelementptr' operation ('p1_addr', ../LZW.cpp:201) [37]  (0 ns)
	bus request on port 'p1' (../LZW.cpp:201) [38]  (4.87 ns)

 <State 2>: 4.87ns
The critical path consists of the following:
	bus request on port 'p1' (../LZW.cpp:201) [38]  (4.87 ns)

 <State 3>: 4.87ns
The critical path consists of the following:
	bus request on port 'p1' (../LZW.cpp:201) [38]  (4.87 ns)

 <State 4>: 4.87ns
The critical path consists of the following:
	bus request on port 'p1' (../LZW.cpp:201) [38]  (4.87 ns)

 <State 5>: 4.87ns
The critical path consists of the following:
	bus request on port 'p1' (../LZW.cpp:201) [38]  (4.87 ns)

 <State 6>: 4.87ns
The critical path consists of the following:
	bus request on port 'p1' (../LZW.cpp:201) [38]  (4.87 ns)

 <State 7>: 4.87ns
The critical path consists of the following:
	bus request on port 'p1' (../LZW.cpp:201) [38]  (4.87 ns)

 <State 8>: 4.87ns
The critical path consists of the following:
	bus request on port 'p1' (../LZW.cpp:201) [38]  (4.87 ns)

 <State 9>: 4.87ns
The critical path consists of the following:
	bus request on port 'p1' (../LZW.cpp:201) [38]  (4.87 ns)

 <State 10>: 4.87ns
The critical path consists of the following:
	bus request on port 'p1' (../LZW.cpp:201) [38]  (4.87 ns)

 <State 11>: 4.87ns
The critical path consists of the following:
	bus request on port 'p1' (../LZW.cpp:201) [38]  (4.87 ns)

 <State 12>: 4.87ns
The critical path consists of the following:
	bus request on port 'p1' (../LZW.cpp:201) [38]  (4.87 ns)

 <State 13>: 4.87ns
The critical path consists of the following:
	bus request on port 'p1' (../LZW.cpp:201) [38]  (4.87 ns)

 <State 14>: 4.87ns
The critical path consists of the following:
	bus request on port 'p1' (../LZW.cpp:201) [38]  (4.87 ns)

 <State 15>: 4.87ns
The critical path consists of the following:
	bus request on port 'p1' (../LZW.cpp:201) [38]  (4.87 ns)

 <State 16>: 4.87ns
The critical path consists of the following:
	bus request on port 'p1' (../LZW.cpp:201) [38]  (4.87 ns)

 <State 17>: 4.87ns
The critical path consists of the following:
	bus request on port 'p1' (../LZW.cpp:201) [38]  (4.87 ns)

 <State 18>: 4.87ns
The critical path consists of the following:
	bus request on port 'p1' (../LZW.cpp:201) [38]  (4.87 ns)

 <State 19>: 4.87ns
The critical path consists of the following:
	bus request on port 'p1' (../LZW.cpp:201) [38]  (4.87 ns)

 <State 20>: 4.87ns
The critical path consists of the following:
	bus request on port 'p1' (../LZW.cpp:201) [38]  (4.87 ns)

 <State 21>: 4.87ns
The critical path consists of the following:
	bus request on port 'p1' (../LZW.cpp:201) [38]  (4.87 ns)

 <State 22>: 4.87ns
The critical path consists of the following:
	bus request on port 'p1' (../LZW.cpp:201) [38]  (4.87 ns)

 <State 23>: 4.87ns
The critical path consists of the following:
	bus request on port 'p1' (../LZW.cpp:201) [38]  (4.87 ns)

 <State 24>: 4.87ns
The critical path consists of the following:
	bus request on port 'p1' (../LZW.cpp:201) [38]  (4.87 ns)

 <State 25>: 4.87ns
The critical path consists of the following:
	bus request on port 'p1' (../LZW.cpp:201) [38]  (4.87 ns)

 <State 26>: 4.87ns
The critical path consists of the following:
	bus request on port 'p1' (../LZW.cpp:201) [38]  (4.87 ns)

 <State 27>: 4.87ns
The critical path consists of the following:
	bus request on port 'p1' (../LZW.cpp:201) [38]  (4.87 ns)

 <State 28>: 4.87ns
The critical path consists of the following:
	bus request on port 'p1' (../LZW.cpp:201) [38]  (4.87 ns)

 <State 29>: 4.87ns
The critical path consists of the following:
	bus request on port 'p1' (../LZW.cpp:201) [38]  (4.87 ns)

 <State 30>: 4.87ns
The critical path consists of the following:
	bus request on port 'p1' (../LZW.cpp:201) [38]  (4.87 ns)

 <State 31>: 4.87ns
The critical path consists of the following:
	bus request on port 'p1' (../LZW.cpp:201) [38]  (4.87 ns)

 <State 32>: 4.87ns
The critical path consists of the following:
	bus request on port 'p1' (../LZW.cpp:201) [38]  (4.87 ns)

 <State 33>: 4.87ns
The critical path consists of the following:
	bus request on port 'p1' (../LZW.cpp:201) [38]  (4.87 ns)

 <State 34>: 4.87ns
The critical path consists of the following:
	bus request on port 'p1' (../LZW.cpp:201) [38]  (4.87 ns)

 <State 35>: 4.87ns
The critical path consists of the following:
	bus request on port 'p1' (../LZW.cpp:201) [38]  (4.87 ns)

 <State 36>: 4.87ns
The critical path consists of the following:
	bus request on port 'p1' (../LZW.cpp:201) [38]  (4.87 ns)

 <State 37>: 4.87ns
The critical path consists of the following:
	bus request on port 'p1' (../LZW.cpp:201) [38]  (4.87 ns)

 <State 38>: 4.87ns
The critical path consists of the following:
	bus request on port 'p1' (../LZW.cpp:201) [38]  (4.87 ns)

 <State 39>: 4.87ns
The critical path consists of the following:
	bus request on port 'p1' (../LZW.cpp:201) [38]  (4.87 ns)

 <State 40>: 4.87ns
The critical path consists of the following:
	bus request on port 'p1' (../LZW.cpp:201) [38]  (4.87 ns)

 <State 41>: 4.87ns
The critical path consists of the following:
	bus request on port 'p1' (../LZW.cpp:201) [38]  (4.87 ns)

 <State 42>: 4.87ns
The critical path consists of the following:
	bus request on port 'p1' (../LZW.cpp:201) [38]  (4.87 ns)

 <State 43>: 4.87ns
The critical path consists of the following:
	bus request on port 'p1' (../LZW.cpp:201) [38]  (4.87 ns)

 <State 44>: 4.87ns
The critical path consists of the following:
	bus request on port 'p1' (../LZW.cpp:201) [38]  (4.87 ns)

 <State 45>: 4.87ns
The critical path consists of the following:
	bus request on port 'p1' (../LZW.cpp:201) [38]  (4.87 ns)

 <State 46>: 4.87ns
The critical path consists of the following:
	bus request on port 'p1' (../LZW.cpp:201) [38]  (4.87 ns)

 <State 47>: 4.87ns
The critical path consists of the following:
	bus request on port 'p1' (../LZW.cpp:201) [38]  (4.87 ns)

 <State 48>: 4.87ns
The critical path consists of the following:
	bus request on port 'p1' (../LZW.cpp:201) [38]  (4.87 ns)

 <State 49>: 4.87ns
The critical path consists of the following:
	bus request on port 'p1' (../LZW.cpp:201) [38]  (4.87 ns)

 <State 50>: 4.87ns
The critical path consists of the following:
	bus request on port 'p1' (../LZW.cpp:201) [38]  (4.87 ns)

 <State 51>: 4.87ns
The critical path consists of the following:
	bus request on port 'p1' (../LZW.cpp:201) [38]  (4.87 ns)

 <State 52>: 4.87ns
The critical path consists of the following:
	bus request on port 'p1' (../LZW.cpp:201) [38]  (4.87 ns)

 <State 53>: 4.87ns
The critical path consists of the following:
	bus request on port 'p1' (../LZW.cpp:201) [38]  (4.87 ns)

 <State 54>: 4.87ns
The critical path consists of the following:
	bus request on port 'p1' (../LZW.cpp:201) [38]  (4.87 ns)

 <State 55>: 4.87ns
The critical path consists of the following:
	bus request on port 'p1' (../LZW.cpp:201) [38]  (4.87 ns)

 <State 56>: 4.87ns
The critical path consists of the following:
	bus request on port 'p1' (../LZW.cpp:201) [38]  (4.87 ns)

 <State 57>: 4.87ns
The critical path consists of the following:
	bus request on port 'p1' (../LZW.cpp:201) [38]  (4.87 ns)

 <State 58>: 4.87ns
The critical path consists of the following:
	bus request on port 'p1' (../LZW.cpp:201) [38]  (4.87 ns)

 <State 59>: 4.87ns
The critical path consists of the following:
	bus request on port 'p1' (../LZW.cpp:201) [38]  (4.87 ns)

 <State 60>: 4.87ns
The critical path consists of the following:
	bus request on port 'p1' (../LZW.cpp:201) [38]  (4.87 ns)

 <State 61>: 4.87ns
The critical path consists of the following:
	bus request on port 'p1' (../LZW.cpp:201) [38]  (4.87 ns)

 <State 62>: 4.87ns
The critical path consists of the following:
	bus request on port 'p1' (../LZW.cpp:201) [38]  (4.87 ns)

 <State 63>: 4.87ns
The critical path consists of the following:
	bus request on port 'p1' (../LZW.cpp:201) [38]  (4.87 ns)

 <State 64>: 4.87ns
The critical path consists of the following:
	bus request on port 'p1' (../LZW.cpp:201) [38]  (4.87 ns)

 <State 65>: 4.87ns
The critical path consists of the following:
	bus request on port 'p1' (../LZW.cpp:201) [38]  (4.87 ns)

 <State 66>: 4.87ns
The critical path consists of the following:
	bus request on port 'p1' (../LZW.cpp:201) [38]  (4.87 ns)

 <State 67>: 4.87ns
The critical path consists of the following:
	bus request on port 'p1' (../LZW.cpp:201) [38]  (4.87 ns)

 <State 68>: 4.87ns
The critical path consists of the following:
	bus request on port 'p1' (../LZW.cpp:201) [38]  (4.87 ns)

 <State 69>: 4.87ns
The critical path consists of the following:
	bus request on port 'p1' (../LZW.cpp:201) [38]  (4.87 ns)

 <State 70>: 4.87ns
The critical path consists of the following:
	bus request on port 'p1' (../LZW.cpp:201) [38]  (4.87 ns)

 <State 71>: 4.87ns
The critical path consists of the following:
	bus read on port 'p1' (../LZW.cpp:201) [39]  (4.87 ns)

 <State 72>: 1.11ns
The critical path consists of the following:
	'icmp' operation ('icmp_ln205', ../LZW.cpp:205) [40]  (1.11 ns)

 <State 73>: 4.87ns
The critical path consists of the following:
	wire read on port 'input_r' (../LZW.cpp:201) [14]  (0 ns)
	'getelementptr' operation ('p0_addr', ../LZW.cpp:205) [44]  (0 ns)
	bus request on port 'p0' (../LZW.cpp:205) [45]  (4.87 ns)

 <State 74>: 4.87ns
The critical path consists of the following:
	bus request on port 'p0' (../LZW.cpp:205) [45]  (4.87 ns)

 <State 75>: 4.87ns
The critical path consists of the following:
	bus request on port 'p0' (../LZW.cpp:205) [45]  (4.87 ns)

 <State 76>: 4.87ns
The critical path consists of the following:
	bus request on port 'p0' (../LZW.cpp:205) [45]  (4.87 ns)

 <State 77>: 4.87ns
The critical path consists of the following:
	bus request on port 'p0' (../LZW.cpp:205) [45]  (4.87 ns)

 <State 78>: 4.87ns
The critical path consists of the following:
	bus request on port 'p0' (../LZW.cpp:205) [45]  (4.87 ns)

 <State 79>: 4.87ns
The critical path consists of the following:
	bus request on port 'p0' (../LZW.cpp:205) [45]  (4.87 ns)

 <State 80>: 4.87ns
The critical path consists of the following:
	bus request on port 'p0' (../LZW.cpp:205) [45]  (4.87 ns)

 <State 81>: 4.87ns
The critical path consists of the following:
	bus request on port 'p0' (../LZW.cpp:205) [45]  (4.87 ns)

 <State 82>: 4.87ns
The critical path consists of the following:
	bus request on port 'p0' (../LZW.cpp:205) [45]  (4.87 ns)

 <State 83>: 4.87ns
The critical path consists of the following:
	bus request on port 'p0' (../LZW.cpp:205) [45]  (4.87 ns)

 <State 84>: 4.87ns
The critical path consists of the following:
	bus request on port 'p0' (../LZW.cpp:205) [45]  (4.87 ns)

 <State 85>: 4.87ns
The critical path consists of the following:
	bus request on port 'p0' (../LZW.cpp:205) [45]  (4.87 ns)

 <State 86>: 4.87ns
The critical path consists of the following:
	bus request on port 'p0' (../LZW.cpp:205) [45]  (4.87 ns)

 <State 87>: 4.87ns
The critical path consists of the following:
	bus request on port 'p0' (../LZW.cpp:205) [45]  (4.87 ns)

 <State 88>: 4.87ns
The critical path consists of the following:
	bus request on port 'p0' (../LZW.cpp:205) [45]  (4.87 ns)

 <State 89>: 4.87ns
The critical path consists of the following:
	bus request on port 'p0' (../LZW.cpp:205) [45]  (4.87 ns)

 <State 90>: 4.87ns
The critical path consists of the following:
	bus request on port 'p0' (../LZW.cpp:205) [45]  (4.87 ns)

 <State 91>: 4.87ns
The critical path consists of the following:
	bus request on port 'p0' (../LZW.cpp:205) [45]  (4.87 ns)

 <State 92>: 4.87ns
The critical path consists of the following:
	bus request on port 'p0' (../LZW.cpp:205) [45]  (4.87 ns)

 <State 93>: 4.87ns
The critical path consists of the following:
	bus request on port 'p0' (../LZW.cpp:205) [45]  (4.87 ns)

 <State 94>: 4.87ns
The critical path consists of the following:
	bus request on port 'p0' (../LZW.cpp:205) [45]  (4.87 ns)

 <State 95>: 4.87ns
The critical path consists of the following:
	bus request on port 'p0' (../LZW.cpp:205) [45]  (4.87 ns)

 <State 96>: 4.87ns
The critical path consists of the following:
	bus request on port 'p0' (../LZW.cpp:205) [45]  (4.87 ns)

 <State 97>: 4.87ns
The critical path consists of the following:
	bus request on port 'p0' (../LZW.cpp:205) [45]  (4.87 ns)

 <State 98>: 4.87ns
The critical path consists of the following:
	bus request on port 'p0' (../LZW.cpp:205) [45]  (4.87 ns)

 <State 99>: 4.87ns
The critical path consists of the following:
	bus request on port 'p0' (../LZW.cpp:205) [45]  (4.87 ns)

 <State 100>: 4.87ns
The critical path consists of the following:
	bus request on port 'p0' (../LZW.cpp:205) [45]  (4.87 ns)

 <State 101>: 4.87ns
The critical path consists of the following:
	bus request on port 'p0' (../LZW.cpp:205) [45]  (4.87 ns)

 <State 102>: 4.87ns
The critical path consists of the following:
	bus request on port 'p0' (../LZW.cpp:205) [45]  (4.87 ns)

 <State 103>: 4.87ns
The critical path consists of the following:
	bus request on port 'p0' (../LZW.cpp:205) [45]  (4.87 ns)

 <State 104>: 4.87ns
The critical path consists of the following:
	bus request on port 'p0' (../LZW.cpp:205) [45]  (4.87 ns)

 <State 105>: 4.87ns
The critical path consists of the following:
	bus request on port 'p0' (../LZW.cpp:205) [45]  (4.87 ns)

 <State 106>: 4.87ns
The critical path consists of the following:
	bus request on port 'p0' (../LZW.cpp:205) [45]  (4.87 ns)

 <State 107>: 4.87ns
The critical path consists of the following:
	bus request on port 'p0' (../LZW.cpp:205) [45]  (4.87 ns)

 <State 108>: 4.87ns
The critical path consists of the following:
	bus request on port 'p0' (../LZW.cpp:205) [45]  (4.87 ns)

 <State 109>: 4.87ns
The critical path consists of the following:
	bus request on port 'p0' (../LZW.cpp:205) [45]  (4.87 ns)

 <State 110>: 4.87ns
The critical path consists of the following:
	bus request on port 'p0' (../LZW.cpp:205) [45]  (4.87 ns)

 <State 111>: 4.87ns
The critical path consists of the following:
	bus request on port 'p0' (../LZW.cpp:205) [45]  (4.87 ns)

 <State 112>: 4.87ns
The critical path consists of the following:
	bus request on port 'p0' (../LZW.cpp:205) [45]  (4.87 ns)

 <State 113>: 4.87ns
The critical path consists of the following:
	bus request on port 'p0' (../LZW.cpp:205) [45]  (4.87 ns)

 <State 114>: 4.87ns
The critical path consists of the following:
	bus request on port 'p0' (../LZW.cpp:205) [45]  (4.87 ns)

 <State 115>: 4.87ns
The critical path consists of the following:
	bus request on port 'p0' (../LZW.cpp:205) [45]  (4.87 ns)

 <State 116>: 4.87ns
The critical path consists of the following:
	bus request on port 'p0' (../LZW.cpp:205) [45]  (4.87 ns)

 <State 117>: 4.87ns
The critical path consists of the following:
	bus request on port 'p0' (../LZW.cpp:205) [45]  (4.87 ns)

 <State 118>: 4.87ns
The critical path consists of the following:
	bus request on port 'p0' (../LZW.cpp:205) [45]  (4.87 ns)

 <State 119>: 4.87ns
The critical path consists of the following:
	bus request on port 'p0' (../LZW.cpp:205) [45]  (4.87 ns)

 <State 120>: 4.87ns
The critical path consists of the following:
	bus request on port 'p0' (../LZW.cpp:205) [45]  (4.87 ns)

 <State 121>: 4.87ns
The critical path consists of the following:
	bus request on port 'p0' (../LZW.cpp:205) [45]  (4.87 ns)

 <State 122>: 4.87ns
The critical path consists of the following:
	bus request on port 'p0' (../LZW.cpp:205) [45]  (4.87 ns)

 <State 123>: 4.87ns
The critical path consists of the following:
	bus request on port 'p0' (../LZW.cpp:205) [45]  (4.87 ns)

 <State 124>: 4.87ns
The critical path consists of the following:
	bus request on port 'p0' (../LZW.cpp:205) [45]  (4.87 ns)

 <State 125>: 4.87ns
The critical path consists of the following:
	bus request on port 'p0' (../LZW.cpp:205) [45]  (4.87 ns)

 <State 126>: 4.87ns
The critical path consists of the following:
	bus request on port 'p0' (../LZW.cpp:205) [45]  (4.87 ns)

 <State 127>: 4.87ns
The critical path consists of the following:
	bus request on port 'p0' (../LZW.cpp:205) [45]  (4.87 ns)

 <State 128>: 4.87ns
The critical path consists of the following:
	bus request on port 'p0' (../LZW.cpp:205) [45]  (4.87 ns)

 <State 129>: 4.87ns
The critical path consists of the following:
	bus request on port 'p0' (../LZW.cpp:205) [45]  (4.87 ns)

 <State 130>: 4.87ns
The critical path consists of the following:
	bus request on port 'p0' (../LZW.cpp:205) [45]  (4.87 ns)

 <State 131>: 4.87ns
The critical path consists of the following:
	bus request on port 'p0' (../LZW.cpp:205) [45]  (4.87 ns)

 <State 132>: 4.87ns
The critical path consists of the following:
	bus request on port 'p0' (../LZW.cpp:205) [45]  (4.87 ns)

 <State 133>: 4.87ns
The critical path consists of the following:
	bus request on port 'p0' (../LZW.cpp:205) [45]  (4.87 ns)

 <State 134>: 4.87ns
The critical path consists of the following:
	bus request on port 'p0' (../LZW.cpp:205) [45]  (4.87 ns)

 <State 135>: 4.87ns
The critical path consists of the following:
	bus request on port 'p0' (../LZW.cpp:205) [45]  (4.87 ns)

 <State 136>: 4.87ns
The critical path consists of the following:
	bus request on port 'p0' (../LZW.cpp:205) [45]  (4.87 ns)

 <State 137>: 4.87ns
The critical path consists of the following:
	bus request on port 'p0' (../LZW.cpp:205) [45]  (4.87 ns)

 <State 138>: 4.87ns
The critical path consists of the following:
	bus request on port 'p0' (../LZW.cpp:205) [45]  (4.87 ns)

 <State 139>: 4.87ns
The critical path consists of the following:
	bus request on port 'p0' (../LZW.cpp:205) [45]  (4.87 ns)

 <State 140>: 4.87ns
The critical path consists of the following:
	bus request on port 'p0' (../LZW.cpp:205) [45]  (4.87 ns)

 <State 141>: 4.87ns
The critical path consists of the following:
	bus request on port 'p0' (../LZW.cpp:205) [45]  (4.87 ns)

 <State 142>: 4.87ns
The critical path consists of the following:
	bus request on port 'p0' (../LZW.cpp:205) [45]  (4.87 ns)

 <State 143>: 1.19ns
The critical path consists of the following:
	'phi' operation ('X', ../LZW.cpp:205) with incoming values : ('add_ln205', ../LZW.cpp:205) [48]  (0 ns)
	'add' operation ('add_ln205', ../LZW.cpp:205) [49]  (1.19 ns)

 <State 144>: 4.87ns
The critical path consists of the following:
	bus read on port 'p0' (/mnt/pollux/software/xilinx/2020.2/Vitis_HLS/2020.2/common/technology/autopilot/hls_stream_39.h:174) [56]  (4.87 ns)

 <State 145>: 1.95ns
The critical path consists of the following:
	fifo write on port 'instream' (/mnt/pollux/software/xilinx/2020.2/Vitis_HLS/2020.2/common/technology/autopilot/hls_stream_39.h:174) [57]  (1.95 ns)

 <State 146>: 1.95ns
The critical path consists of the following:
	fifo write on port 'inlen_stream' (/mnt/pollux/software/xilinx/2020.2/Vitis_HLS/2020.2/common/technology/autopilot/hls_stream_39.h:174) [62]  (1.95 ns)


============================================================
+ Verbose Summary: Binding
============================================================
N/A
* FSMD analyzer results:
  - Output states:
 - Input state : 
  - Chain level:
	State 1
	State 2
	State 3
	State 4
	State 5
	State 6
	State 7
	State 8
	State 9
	State 10
	State 11
	State 12
	State 13
	State 14
	State 15
	State 16
	State 17
	State 18
	State 19
	State 20
	State 21
	State 22
	State 23
	State 24
	State 25
	State 26
	State 27
	State 28
	State 29
	State 30
	State 31
	State 32
	State 33
	State 34
	State 35
	State 36
	State 37
	State 38
	State 39
	State 40
	State 41
	State 42
	State 43
	State 44
	State 45
	State 46
	State 47
	State 48
	State 49
	State 50
	State 51
	State 52
	State 53
	State 54
	State 55
	State 56
	State 57
	State 58
	State 59
	State 60
	State 61
	State 62
	State 63
	State 64
	State 65
	State 66
	State 67
	State 68
	State 69
	State 70
	State 71
	State 72
	State 73
	State 74
	State 75
	State 76
	State 77
	State 78
	State 79
	State 80
	State 81
	State 82
	State 83
	State 84
	State 85
	State 86
	State 87
	State 88
	State 89
	State 90
	State 91
	State 92
	State 93
	State 94
	State 95
	State 96
	State 97
	State 98
	State 99
	State 100
	State 101
	State 102
	State 103
	State 104
	State 105
	State 106
	State 107
	State 108
	State 109
	State 110
	State 111
	State 112
	State 113
	State 114
	State 115
	State 116
	State 117
	State 118
	State 119
	State 120
	State 121
	State 122
	State 123
	State 124
	State 125
	State 126
	State 127
	State 128
	State 129
	State 130
	State 131
	State 132
	State 133
	State 134
	State 135
	State 136
	State 137
	State 138
	State 139
	State 140
	State 141
	State 142
	State 143
	State 144
	State 145
	State 146


============================================================
+ Verbose Summary: Datapath Resource usage 
============================================================
N/A
